12:22:16:280  INFO 27840 --- [main] com.hmall.pay.PayApplication             : Starting PayApplication using Java 11.0.23 on quyang with PID 27840 (E:\E\ProjectFile\hmall\pay-service\target\classes started by huyang in E:\E\ProjectFile\hmall)
12:22:16:281 DEBUG 27840 --- [main] com.hmall.pay.PayApplication             : Running with Spring Boot v2.7.12, Spring v5.3.27
12:22:16:282  INFO 27840 --- [main] com.hmall.pay.PayApplication             : The following 1 profile is active: "local"
12:22:16:780  INFO 27840 --- [main] .s.d.r.c.RepositoryConfigurationDelegate : Multiple Spring Data modules found, entering strict repository configuration mode
12:22:16:780  INFO 27840 --- [main] .s.d.r.c.RepositoryConfigurationDelegate : Bootstrapping Spring Data Redis repositories in DEFAULT mode.
12:22:16:795  INFO 27840 --- [main] .s.d.r.c.RepositoryConfigurationDelegate : Finished Spring Data repository scanning in 4 ms. Found 0 Redis repository interfaces.
12:22:16:916  INFO 27840 --- [main] o.s.cloud.context.scope.GenericScope     : BeanFactory id=3fd147da-a3a6-3532-b2d9-0667937cfacc
12:22:17:182  INFO 27840 --- [main] o.s.b.w.embedded.tomcat.TomcatWebServer  : Tomcat initialized with port(s): 8085 (http)
12:22:17:188  INFO 27840 --- [main] o.apache.catalina.core.StandardService   : Starting service [Tomcat]
12:22:17:189  INFO 27840 --- [main] org.apache.catalina.core.StandardEngine  : Starting Servlet engine: [Apache Tomcat/9.0.75]
12:22:17:275  INFO 27840 --- [main] o.a.c.c.C.[Tomcat].[localhost].[/]       : Initializing Spring embedded WebApplicationContext
12:22:17:275  INFO 27840 --- [main] w.s.c.ServletWebServerApplicationContext : Root WebApplicationContext: initialization completed in 961 ms
12:22:17:312  WARN 27840 --- [main] ConfigServletWebServerApplicationContext : Exception encountered during context initialization - cancelling refresh attempt: org.springframework.beans.factory.UnsatisfiedDependencyException: Error creating bean with name 'payOrderServiceImpl' defined in file [E:\E\ProjectFile\hmall\pay-service\target\classes\com\hmall\pay\service\impl\PayOrderServiceImpl.class]: Unsatisfied dependency expressed through constructor parameter 0; nested exception is org.springframework.beans.factory.NoSuchBeanDefinitionException: No qualifying bean of type 'com.hmall.api.client.UserClient' available: expected at least 1 bean which qualifies as autowire candidate. Dependency annotations: {}
12:22:17:313  INFO 27840 --- [main] o.apache.catalina.core.StandardService   : Stopping service [Tomcat]
12:22:17:323  INFO 27840 --- [main] ConditionEvaluationReportLoggingListener : 

Error starting ApplicationContext. To display the conditions report re-run your application with 'debug' enabled.
12:22:17:332 ERROR 27840 --- [main] o.s.b.d.LoggingFailureAnalysisReporter   : 

***************************
APPLICATION FAILED TO START
***************************

Description:

Parameter 0 of constructor in com.hmall.pay.service.impl.PayOrderServiceImpl required a bean of type 'com.hmall.api.client.UserClient' that could not be found.


Action:

Consider defining a bean of type 'com.hmall.api.client.UserClient' in your configuration.

12:31:25:496  INFO 33608 --- [main] com.hmall.pay.PayApplication             : Starting PayApplication using Java 11.0.23 on quyang with PID 33608 (E:\E\ProjectFile\hmall\pay-service\target\classes started by huyang in E:\E\ProjectFile\hmall)
12:31:25:499 DEBUG 33608 --- [main] com.hmall.pay.PayApplication             : Running with Spring Boot v2.7.12, Spring v5.3.27
12:31:25:499  INFO 33608 --- [main] com.hmall.pay.PayApplication             : The following 1 profile is active: "local"
12:31:26:138  INFO 33608 --- [main] .s.d.r.c.RepositoryConfigurationDelegate : Multiple Spring Data modules found, entering strict repository configuration mode
12:31:26:140  INFO 33608 --- [main] .s.d.r.c.RepositoryConfigurationDelegate : Bootstrapping Spring Data Redis repositories in DEFAULT mode.
12:31:26:154  INFO 33608 --- [main] .s.d.r.c.RepositoryConfigurationDelegate : Finished Spring Data repository scanning in 4 ms. Found 0 Redis repository interfaces.
12:31:26:304  INFO 33608 --- [main] o.s.cloud.context.scope.GenericScope     : BeanFactory id=dc4a9e22-36b2-3f22-9ef1-e3e76942c62f
12:31:26:581  INFO 33608 --- [main] o.s.b.w.embedded.tomcat.TomcatWebServer  : Tomcat initialized with port(s): 8085 (http)
12:31:26:589  INFO 33608 --- [main] o.apache.catalina.core.StandardService   : Starting service [Tomcat]
12:31:26:589  INFO 33608 --- [main] org.apache.catalina.core.StandardEngine  : Starting Servlet engine: [Apache Tomcat/9.0.75]
12:31:26:694  INFO 33608 --- [main] o.a.c.c.C.[Tomcat].[localhost].[/]       : Initializing Spring embedded WebApplicationContext
12:31:26:694  INFO 33608 --- [main] w.s.c.ServletWebServerApplicationContext : Root WebApplicationContext: initialization completed in 1164 ms
12:31:26:734  WARN 33608 --- [main] ConfigServletWebServerApplicationContext : Exception encountered during context initialization - cancelling refresh attempt: org.springframework.beans.factory.UnsatisfiedDependencyException: Error creating bean with name 'payOrderServiceImpl' defined in file [E:\E\ProjectFile\hmall\pay-service\target\classes\com\hmall\pay\service\impl\PayOrderServiceImpl.class]: Unsatisfied dependency expressed through constructor parameter 0; nested exception is org.springframework.beans.factory.NoSuchBeanDefinitionException: No qualifying bean of type 'com.hmall.api.client.UserClient' available: expected at least 1 bean which qualifies as autowire candidate. Dependency annotations: {}
12:31:26:735  INFO 33608 --- [main] o.apache.catalina.core.StandardService   : Stopping service [Tomcat]
12:31:26:746  INFO 33608 --- [main] ConditionEvaluationReportLoggingListener : 

Error starting ApplicationContext. To display the conditions report re-run your application with 'debug' enabled.
12:31:26:754 ERROR 33608 --- [main] o.s.b.d.LoggingFailureAnalysisReporter   : 

***************************
APPLICATION FAILED TO START
***************************

Description:

Parameter 0 of constructor in com.hmall.pay.service.impl.PayOrderServiceImpl required a bean of type 'com.hmall.api.client.UserClient' that could not be found.


Action:

Consider defining a bean of type 'com.hmall.api.client.UserClient' in your configuration.

12:52:05:893  INFO 20828 --- [main] com.hmall.pay.PayApplication             : Starting PayApplication using Java 11.0.23 on quyang with PID 20828 (E:\E\ProjectFile\hmall\pay-service\target\classes started by huyang in E:\E\ProjectFile\hmall)
12:52:05:895 DEBUG 20828 --- [main] com.hmall.pay.PayApplication             : Running with Spring Boot v2.7.12, Spring v5.3.27
12:52:05:895  INFO 20828 --- [main] com.hmall.pay.PayApplication             : The following 1 profile is active: "local"
12:52:06:413  INFO 20828 --- [main] .s.d.r.c.RepositoryConfigurationDelegate : Multiple Spring Data modules found, entering strict repository configuration mode
12:52:06:414  INFO 20828 --- [main] .s.d.r.c.RepositoryConfigurationDelegate : Bootstrapping Spring Data Redis repositories in DEFAULT mode.
12:52:06:427  INFO 20828 --- [main] .s.d.r.c.RepositoryConfigurationDelegate : Finished Spring Data repository scanning in 4 ms. Found 0 Redis repository interfaces.
12:52:06:554  INFO 20828 --- [main] o.s.cloud.context.scope.GenericScope     : BeanFactory id=dc4a9e22-36b2-3f22-9ef1-e3e76942c62f
12:52:06:752  INFO 20828 --- [main] o.s.b.w.embedded.tomcat.TomcatWebServer  : Tomcat initialized with port(s): 8085 (http)
12:52:06:756  INFO 20828 --- [main] o.apache.catalina.core.StandardService   : Starting service [Tomcat]
12:52:06:757  INFO 20828 --- [main] org.apache.catalina.core.StandardEngine  : Starting Servlet engine: [Apache Tomcat/9.0.75]
12:52:06:838  INFO 20828 --- [main] o.a.c.c.C.[Tomcat].[localhost].[/]       : Initializing Spring embedded WebApplicationContext
12:52:06:838  INFO 20828 --- [main] w.s.c.ServletWebServerApplicationContext : Root WebApplicationContext: initialization completed in 918 ms
12:52:06:870  WARN 20828 --- [main] ConfigServletWebServerApplicationContext : Exception encountered during context initialization - cancelling refresh attempt: org.springframework.beans.factory.UnsatisfiedDependencyException: Error creating bean with name 'payOrderServiceImpl' defined in file [E:\E\ProjectFile\hmall\pay-service\target\classes\com\hmall\pay\service\impl\PayOrderServiceImpl.class]: Unsatisfied dependency expressed through constructor parameter 0; nested exception is org.springframework.beans.factory.NoSuchBeanDefinitionException: No qualifying bean of type 'com.hmall.api.client.UserClient' available: expected at least 1 bean which qualifies as autowire candidate. Dependency annotations: {}
12:52:06:872  INFO 20828 --- [main] o.apache.catalina.core.StandardService   : Stopping service [Tomcat]
12:52:06:885  INFO 20828 --- [main] ConditionEvaluationReportLoggingListener : 

Error starting ApplicationContext. To display the conditions report re-run your application with 'debug' enabled.
12:52:06:892 ERROR 20828 --- [main] o.s.b.d.LoggingFailureAnalysisReporter   : 

***************************
APPLICATION FAILED TO START
***************************

Description:

Parameter 0 of constructor in com.hmall.pay.service.impl.PayOrderServiceImpl required a bean of type 'com.hmall.api.client.UserClient' that could not be found.


Action:

Consider defining a bean of type 'com.hmall.api.client.UserClient' in your configuration.

12:56:44:910  INFO 33412 --- [main] com.hmall.pay.PayApplication             : Starting PayApplication using Java 11.0.23 on quyang with PID 33412 (E:\E\ProjectFile\hmall\pay-service\target\classes started by huyang in E:\E\ProjectFile\hmall)
12:56:44:911 DEBUG 33412 --- [main] com.hmall.pay.PayApplication             : Running with Spring Boot v2.7.12, Spring v5.3.27
12:56:44:912  INFO 33412 --- [main] com.hmall.pay.PayApplication             : The following 1 profile is active: "local"
12:56:45:467  INFO 33412 --- [main] .s.d.r.c.RepositoryConfigurationDelegate : Multiple Spring Data modules found, entering strict repository configuration mode
12:56:45:469  INFO 33412 --- [main] .s.d.r.c.RepositoryConfigurationDelegate : Bootstrapping Spring Data Redis repositories in DEFAULT mode.
12:56:45:482  INFO 33412 --- [main] .s.d.r.c.RepositoryConfigurationDelegate : Finished Spring Data repository scanning in 5 ms. Found 0 Redis repository interfaces.
12:56:45:622  INFO 33412 --- [main] o.s.cloud.context.scope.GenericScope     : BeanFactory id=dc4a9e22-36b2-3f22-9ef1-e3e76942c62f
12:56:45:850  INFO 33412 --- [main] o.s.b.w.embedded.tomcat.TomcatWebServer  : Tomcat initialized with port(s): 8085 (http)
12:56:45:857  INFO 33412 --- [main] o.apache.catalina.core.StandardService   : Starting service [Tomcat]
12:56:45:857  INFO 33412 --- [main] org.apache.catalina.core.StandardEngine  : Starting Servlet engine: [Apache Tomcat/9.0.75]
12:56:45:954  INFO 33412 --- [main] o.a.c.c.C.[Tomcat].[localhost].[/]       : Initializing Spring embedded WebApplicationContext
12:56:45:955  INFO 33412 --- [main] w.s.c.ServletWebServerApplicationContext : Root WebApplicationContext: initialization completed in 1014 ms
12:56:46:006  WARN 33412 --- [main] ConfigServletWebServerApplicationContext : Exception encountered during context initialization - cancelling refresh attempt: org.springframework.beans.factory.UnsatisfiedDependencyException: Error creating bean with name 'payOrderServiceImpl' defined in file [E:\E\ProjectFile\hmall\pay-service\target\classes\com\hmall\pay\service\impl\PayOrderServiceImpl.class]: Unsatisfied dependency expressed through constructor parameter 0; nested exception is org.springframework.beans.factory.NoSuchBeanDefinitionException: No qualifying bean of type 'com.hmall.api.client.UserClient' available: expected at least 1 bean which qualifies as autowire candidate. Dependency annotations: {}
12:56:46:008  INFO 33412 --- [main] o.apache.catalina.core.StandardService   : Stopping service [Tomcat]
12:56:46:019  INFO 33412 --- [main] ConditionEvaluationReportLoggingListener : 

Error starting ApplicationContext. To display the conditions report re-run your application with 'debug' enabled.
12:56:46:028 ERROR 33412 --- [main] o.s.b.d.LoggingFailureAnalysisReporter   : 

***************************
APPLICATION FAILED TO START
***************************

Description:

Parameter 0 of constructor in com.hmall.pay.service.impl.PayOrderServiceImpl required a bean of type 'com.hmall.api.client.UserClient' that could not be found.


Action:

Consider defining a bean of type 'com.hmall.api.client.UserClient' in your configuration.

12:57:39:918  INFO 31340 --- [main] com.hmall.pay.PayApplication             : Starting PayApplication using Java 11.0.23 on quyang with PID 31340 (E:\E\ProjectFile\hmall\pay-service\target\classes started by huyang in E:\E\ProjectFile\hmall)
12:57:39:919 DEBUG 31340 --- [main] com.hmall.pay.PayApplication             : Running with Spring Boot v2.7.12, Spring v5.3.27
12:57:39:919  INFO 31340 --- [main] com.hmall.pay.PayApplication             : The following 1 profile is active: "local"
12:57:40:408  INFO 31340 --- [main] .s.d.r.c.RepositoryConfigurationDelegate : Multiple Spring Data modules found, entering strict repository configuration mode
12:57:40:410  INFO 31340 --- [main] .s.d.r.c.RepositoryConfigurationDelegate : Bootstrapping Spring Data Redis repositories in DEFAULT mode.
12:57:40:420  INFO 31340 --- [main] .s.d.r.c.RepositoryConfigurationDelegate : Finished Spring Data repository scanning in 4 ms. Found 0 Redis repository interfaces.
12:57:40:556  INFO 31340 --- [main] o.s.cloud.context.scope.GenericScope     : BeanFactory id=e02e3f21-bd19-3fc9-b1cc-1e5f758d3e74
12:57:40:775  INFO 31340 --- [main] o.s.b.w.embedded.tomcat.TomcatWebServer  : Tomcat initialized with port(s): 8085 (http)
12:57:40:782  INFO 31340 --- [main] o.apache.catalina.core.StandardService   : Starting service [Tomcat]
12:57:40:782  INFO 31340 --- [main] org.apache.catalina.core.StandardEngine  : Starting Servlet engine: [Apache Tomcat/9.0.75]
12:57:40:877  INFO 31340 --- [main] o.a.c.c.C.[Tomcat].[localhost].[/]       : Initializing Spring embedded WebApplicationContext
12:57:40:877  INFO 31340 --- [main] w.s.c.ServletWebServerApplicationContext : Root WebApplicationContext: initialization completed in 930 ms
12:57:40:916  WARN 31340 --- [main] ConfigServletWebServerApplicationContext : Exception encountered during context initialization - cancelling refresh attempt: org.springframework.beans.factory.UnsatisfiedDependencyException: Error creating bean with name 'payOrderServiceImpl' defined in file [E:\E\ProjectFile\hmall\pay-service\target\classes\com\hmall\pay\service\impl\PayOrderServiceImpl.class]: Unsatisfied dependency expressed through constructor parameter 0; nested exception is org.springframework.beans.factory.NoSuchBeanDefinitionException: No qualifying bean of type 'com.hmall.api.client.UserClient' available: expected at least 1 bean which qualifies as autowire candidate. Dependency annotations: {}
12:57:40:917  INFO 31340 --- [main] o.apache.catalina.core.StandardService   : Stopping service [Tomcat]
12:57:40:926  INFO 31340 --- [main] ConditionEvaluationReportLoggingListener : 

Error starting ApplicationContext. To display the conditions report re-run your application with 'debug' enabled.
12:57:40:934 ERROR 31340 --- [main] o.s.b.d.LoggingFailureAnalysisReporter   : 

***************************
APPLICATION FAILED TO START
***************************

Description:

Parameter 0 of constructor in com.hmall.pay.service.impl.PayOrderServiceImpl required a bean of type 'com.hmall.api.client.UserClient' that could not be found.


Action:

Consider defining a bean of type 'com.hmall.api.client.UserClient' in your configuration.

13:01:05:982  INFO 28032 --- [main] com.hmall.pay.PayApplication             : Starting PayApplication using Java 11.0.23 on quyang with PID 28032 (E:\E\ProjectFile\hmall\pay-service\target\classes started by huyang in E:\E\ProjectFile\hmall)
13:01:05:984 DEBUG 28032 --- [main] com.hmall.pay.PayApplication             : Running with Spring Boot v2.7.12, Spring v5.3.27
13:01:05:984  INFO 28032 --- [main] com.hmall.pay.PayApplication             : The following 1 profile is active: "local"
13:01:06:576  INFO 28032 --- [main] .s.d.r.c.RepositoryConfigurationDelegate : Multiple Spring Data modules found, entering strict repository configuration mode
13:01:06:578  INFO 28032 --- [main] .s.d.r.c.RepositoryConfigurationDelegate : Bootstrapping Spring Data Redis repositories in DEFAULT mode.
13:01:06:595  INFO 28032 --- [main] .s.d.r.c.RepositoryConfigurationDelegate : Finished Spring Data repository scanning in 6 ms. Found 0 Redis repository interfaces.
13:01:06:757  INFO 28032 --- [main] o.s.cloud.context.scope.GenericScope     : BeanFactory id=4cfdcf4a-9192-352b-a0b8-44202914782f
13:01:06:979  INFO 28032 --- [main] o.s.b.w.embedded.tomcat.TomcatWebServer  : Tomcat initialized with port(s): 8085 (http)
13:01:06:984  INFO 28032 --- [main] o.apache.catalina.core.StandardService   : Starting service [Tomcat]
13:01:06:985  INFO 28032 --- [main] org.apache.catalina.core.StandardEngine  : Starting Servlet engine: [Apache Tomcat/9.0.75]
13:01:07:092  INFO 28032 --- [main] o.a.c.c.C.[Tomcat].[localhost].[/]       : Initializing Spring embedded WebApplicationContext
13:01:07:092  INFO 28032 --- [main] w.s.c.ServletWebServerApplicationContext : Root WebApplicationContext: initialization completed in 1072 ms
13:01:07:254  INFO 28032 --- [main] o.s.c.openfeign.FeignClientFactoryBean   : For 'user-service' URL not provided. Will try picking an instance via load-balancing.
13:01:07:412  INFO 28032 --- [main] o.s.c.openfeign.FeignClientFactoryBean   : For 'trade-service' URL not provided. Will try picking an instance via load-balancing.
13:01:07:414  WARN 28032 --- [main] ConfigServletWebServerApplicationContext : Exception encountered during context initialization - cancelling refresh attempt: org.springframework.beans.factory.UnsatisfiedDependencyException: Error creating bean with name 'payOrderServiceImpl' defined in file [E:\E\ProjectFile\hmall\pay-service\target\classes\com\hmall\pay\service\impl\PayOrderServiceImpl.class]: Unsatisfied dependency expressed through constructor parameter 1; nested exception is org.springframework.beans.factory.BeanCreationException: Error creating bean with name 'com.hmall.api.client.TradeClient': Unexpected exception during bean creation; nested exception is java.lang.IllegalStateException: Method TradeClient#updateById(Order) not annotated with HTTP method type (ex. GET, POST)
Warnings:
- 
13:01:07:416  INFO 28032 --- [main] o.apache.catalina.core.StandardService   : Stopping service [Tomcat]
13:01:07:426  INFO 28032 --- [main] ConditionEvaluationReportLoggingListener : 

Error starting ApplicationContext. To display the conditions report re-run your application with 'debug' enabled.
13:01:07:440 ERROR 28032 --- [main] o.s.boot.SpringApplication               : Application run failed

org.springframework.beans.factory.UnsatisfiedDependencyException: Error creating bean with name 'payOrderServiceImpl' defined in file [E:\E\ProjectFile\hmall\pay-service\target\classes\com\hmall\pay\service\impl\PayOrderServiceImpl.class]: Unsatisfied dependency expressed through constructor parameter 1; nested exception is org.springframework.beans.factory.BeanCreationException: Error creating bean with name 'com.hmall.api.client.TradeClient': Unexpected exception during bean creation; nested exception is java.lang.IllegalStateException: Method TradeClient#updateById(Order) not annotated with HTTP method type (ex. GET, POST)
Warnings:
- 
	at org.springframework.beans.factory.support.ConstructorResolver.createArgumentArray(ConstructorResolver.java:800) ~[spring-beans-5.3.27.jar:5.3.27]
	at org.springframework.beans.factory.support.ConstructorResolver.autowireConstructor(ConstructorResolver.java:229) ~[spring-beans-5.3.27.jar:5.3.27]
	at org.springframework.beans.factory.support.AbstractAutowireCapableBeanFactory.autowireConstructor(AbstractAutowireCapableBeanFactory.java:1372) ~[spring-beans-5.3.27.jar:5.3.27]
	at org.springframework.beans.factory.support.AbstractAutowireCapableBeanFactory.createBeanInstance(AbstractAutowireCapableBeanFactory.java:1222) ~[spring-beans-5.3.27.jar:5.3.27]
	at org.springframework.beans.factory.support.AbstractAutowireCapableBeanFactory.doCreateBean(AbstractAutowireCapableBeanFactory.java:582) ~[spring-beans-5.3.27.jar:5.3.27]
	at org.springframework.beans.factory.support.AbstractAutowireCapableBeanFactory.createBean(AbstractAutowireCapableBeanFactory.java:542) ~[spring-beans-5.3.27.jar:5.3.27]
	at org.springframework.beans.factory.support.AbstractBeanFactory.lambda$doGetBean$0(AbstractBeanFactory.java:335) ~[spring-beans-5.3.27.jar:5.3.27]
	at org.springframework.beans.factory.support.DefaultSingletonBeanRegistry.getSingleton(DefaultSingletonBeanRegistry.java:234) ~[spring-beans-5.3.27.jar:5.3.27]
	at org.springframework.beans.factory.support.AbstractBeanFactory.doGetBean(AbstractBeanFactory.java:333) ~[spring-beans-5.3.27.jar:5.3.27]
	at org.springframework.beans.factory.support.AbstractBeanFactory.getBean(AbstractBeanFactory.java:208) ~[spring-beans-5.3.27.jar:5.3.27]
	at org.springframework.beans.factory.support.DefaultListableBeanFactory.preInstantiateSingletons(DefaultListableBeanFactory.java:955) ~[spring-beans-5.3.27.jar:5.3.27]
	at org.springframework.context.support.AbstractApplicationContext.finishBeanFactoryInitialization(AbstractApplicationContext.java:920) ~[spring-context-5.3.27.jar:5.3.27]
	at org.springframework.context.support.AbstractApplicationContext.refresh(AbstractApplicationContext.java:583) ~[spring-context-5.3.27.jar:5.3.27]
	at org.springframework.boot.web.servlet.context.ServletWebServerApplicationContext.refresh(ServletWebServerApplicationContext.java:147) ~[spring-boot-2.7.12.jar:2.7.12]
	at org.springframework.boot.SpringApplication.refresh(SpringApplication.java:731) ~[spring-boot-2.7.12.jar:2.7.12]
	at org.springframework.boot.SpringApplication.refreshContext(SpringApplication.java:408) ~[spring-boot-2.7.12.jar:2.7.12]
	at org.springframework.boot.SpringApplication.run(SpringApplication.java:307) ~[spring-boot-2.7.12.jar:2.7.12]
	at org.springframework.boot.SpringApplication.run(SpringApplication.java:1303) ~[spring-boot-2.7.12.jar:2.7.12]
	at org.springframework.boot.SpringApplication.run(SpringApplication.java:1292) ~[spring-boot-2.7.12.jar:2.7.12]
	at com.hmall.pay.PayApplication.main(PayApplication.java:15) ~[classes/:na]
Caused by: org.springframework.beans.factory.BeanCreationException: Error creating bean with name 'com.hmall.api.client.TradeClient': Unexpected exception during bean creation; nested exception is java.lang.IllegalStateException: Method TradeClient#updateById(Order) not annotated with HTTP method type (ex. GET, POST)
Warnings:
- 
	at org.springframework.beans.factory.support.AbstractAutowireCapableBeanFactory.createBean(AbstractAutowireCapableBeanFactory.java:555) ~[spring-beans-5.3.27.jar:5.3.27]
	at org.springframework.beans.factory.support.AbstractBeanFactory.lambda$doGetBean$0(AbstractBeanFactory.java:335) ~[spring-beans-5.3.27.jar:5.3.27]
	at org.springframework.beans.factory.support.DefaultSingletonBeanRegistry.getSingleton(DefaultSingletonBeanRegistry.java:234) ~[spring-beans-5.3.27.jar:5.3.27]
	at org.springframework.beans.factory.support.AbstractBeanFactory.doGetBean(AbstractBeanFactory.java:333) ~[spring-beans-5.3.27.jar:5.3.27]
	at org.springframework.beans.factory.support.AbstractBeanFactory.getBean(AbstractBeanFactory.java:208) ~[spring-beans-5.3.27.jar:5.3.27]
	at org.springframework.beans.factory.config.DependencyDescriptor.resolveCandidate(DependencyDescriptor.java:276) ~[spring-beans-5.3.27.jar:5.3.27]
	at org.springframework.beans.factory.support.DefaultListableBeanFactory.doResolveDependency(DefaultListableBeanFactory.java:1391) ~[spring-beans-5.3.27.jar:5.3.27]
	at org.springframework.beans.factory.support.DefaultListableBeanFactory.resolveDependency(DefaultListableBeanFactory.java:1311) ~[spring-beans-5.3.27.jar:5.3.27]
	at org.springframework.beans.factory.support.ConstructorResolver.resolveAutowiredArgument(ConstructorResolver.java:887) ~[spring-beans-5.3.27.jar:5.3.27]
	at org.springframework.beans.factory.support.ConstructorResolver.createArgumentArray(ConstructorResolver.java:791) ~[spring-beans-5.3.27.jar:5.3.27]
	... 19 common frames omitted
Caused by: java.lang.IllegalStateException: Method TradeClient#updateById(Order) not annotated with HTTP method type (ex. GET, POST)
Warnings:
- 
	at feign.Util.checkState(Util.java:122) ~[feign-core-11.8.jar:na]
	at feign.Contract$BaseContract.parseAndValidateMetadata(Contract.java:115) ~[feign-core-11.8.jar:na]
	at org.springframework.cloud.openfeign.support.SpringMvcContract.parseAndValidateMetadata(SpringMvcContract.java:193) ~[spring-cloud-openfeign-core-3.1.3.jar:3.1.3]
	at feign.Contract$BaseContract.parseAndValidateMetadata(Contract.java:65) ~[feign-core-11.8.jar:na]
	at feign.ReflectiveFeign$ParseHandlersByName.apply(ReflectiveFeign.java:151) ~[feign-core-11.8.jar:na]
	at feign.ReflectiveFeign.newInstance(ReflectiveFeign.java:49) ~[feign-core-11.8.jar:na]
	at feign.Feign$Builder.target(Feign.java:268) ~[feign-core-11.8.jar:na]
	at org.springframework.cloud.openfeign.DefaultTargeter.target(DefaultTargeter.java:30) ~[spring-cloud-openfeign-core-3.1.3.jar:3.1.3]
	at org.springframework.cloud.openfeign.FeignClientFactoryBean.loadBalance(FeignClientFactoryBean.java:379) ~[spring-cloud-openfeign-core-3.1.3.jar:3.1.3]
	at org.springframework.cloud.openfeign.FeignClientFactoryBean.getTarget(FeignClientFactoryBean.java:427) ~[spring-cloud-openfeign-core-3.1.3.jar:3.1.3]
	at org.springframework.cloud.openfeign.FeignClientFactoryBean.getObject(FeignClientFactoryBean.java:402) ~[spring-cloud-openfeign-core-3.1.3.jar:3.1.3]
	at org.springframework.cloud.openfeign.FeignClientsRegistrar.lambda$registerFeignClient$0(FeignClientsRegistrar.java:235) ~[spring-cloud-openfeign-core-3.1.3.jar:3.1.3]
	at org.springframework.beans.factory.support.AbstractAutowireCapableBeanFactory.obtainFromSupplier(AbstractAutowireCapableBeanFactory.java:1249) ~[spring-beans-5.3.27.jar:5.3.27]
	at org.springframework.beans.factory.support.AbstractAutowireCapableBeanFactory.createBeanInstance(AbstractAutowireCapableBeanFactory.java:1191) ~[spring-beans-5.3.27.jar:5.3.27]
	at org.springframework.beans.factory.support.AbstractAutowireCapableBeanFactory.doCreateBean(AbstractAutowireCapableBeanFactory.java:582) ~[spring-beans-5.3.27.jar:5.3.27]
	at org.springframework.beans.factory.support.AbstractAutowireCapableBeanFactory.createBean(AbstractAutowireCapableBeanFactory.java:542) ~[spring-beans-5.3.27.jar:5.3.27]
	... 28 common frames omitted

13:10:06:125  INFO 36148 --- [main] com.hmall.pay.PayApplication             : Starting PayApplication using Java 11.0.23 on quyang with PID 36148 (E:\E\ProjectFile\hmall\pay-service\target\classes started by huyang in E:\E\ProjectFile\hmall)
13:10:06:127 DEBUG 36148 --- [main] com.hmall.pay.PayApplication             : Running with Spring Boot v2.7.12, Spring v5.3.27
13:10:06:127  INFO 36148 --- [main] com.hmall.pay.PayApplication             : The following 1 profile is active: "local"
13:10:06:687  INFO 36148 --- [main] .s.d.r.c.RepositoryConfigurationDelegate : Multiple Spring Data modules found, entering strict repository configuration mode
13:10:06:690  INFO 36148 --- [main] .s.d.r.c.RepositoryConfigurationDelegate : Bootstrapping Spring Data Redis repositories in DEFAULT mode.
13:10:06:705  INFO 36148 --- [main] .s.d.r.c.RepositoryConfigurationDelegate : Finished Spring Data repository scanning in 5 ms. Found 0 Redis repository interfaces.
13:10:06:901  INFO 36148 --- [main] o.s.cloud.context.scope.GenericScope     : BeanFactory id=4cfdcf4a-9192-352b-a0b8-44202914782f
13:10:07:148  INFO 36148 --- [main] o.s.b.w.embedded.tomcat.TomcatWebServer  : Tomcat initialized with port(s): 8085 (http)
13:10:07:154  INFO 36148 --- [main] o.apache.catalina.core.StandardService   : Starting service [Tomcat]
13:10:07:154  INFO 36148 --- [main] org.apache.catalina.core.StandardEngine  : Starting Servlet engine: [Apache Tomcat/9.0.75]
13:10:07:245  INFO 36148 --- [main] o.a.c.c.C.[Tomcat].[localhost].[/]       : Initializing Spring embedded WebApplicationContext
13:10:07:245  INFO 36148 --- [main] w.s.c.ServletWebServerApplicationContext : Root WebApplicationContext: initialization completed in 1086 ms
13:10:07:370  INFO 36148 --- [main] o.s.c.openfeign.FeignClientFactoryBean   : For 'user-service' URL not provided. Will try picking an instance via load-balancing.
13:10:07:537  INFO 36148 --- [main] o.s.c.openfeign.FeignClientFactoryBean   : For 'trade-service' URL not provided. Will try picking an instance via load-balancing.
13:10:07:540  WARN 36148 --- [main] ConfigServletWebServerApplicationContext : Exception encountered during context initialization - cancelling refresh attempt: org.springframework.beans.factory.UnsatisfiedDependencyException: Error creating bean with name 'payOrderServiceImpl' defined in file [E:\E\ProjectFile\hmall\pay-service\target\classes\com\hmall\pay\service\impl\PayOrderServiceImpl.class]: Unsatisfied dependency expressed through constructor parameter 1; nested exception is org.springframework.beans.factory.BeanCreationException: Error creating bean with name 'com.hmall.api.client.TradeClient': Unexpected exception during bean creation; nested exception is java.lang.IllegalStateException: Method TradeClient#updateById(Order) not annotated with HTTP method type (ex. GET, POST)
Warnings:
- 
13:10:07:544  INFO 36148 --- [main] o.apache.catalina.core.StandardService   : Stopping service [Tomcat]
13:10:07:556  INFO 36148 --- [main] ConditionEvaluationReportLoggingListener : 

Error starting ApplicationContext. To display the conditions report re-run your application with 'debug' enabled.
13:10:07:573 ERROR 36148 --- [main] o.s.boot.SpringApplication               : Application run failed

org.springframework.beans.factory.UnsatisfiedDependencyException: Error creating bean with name 'payOrderServiceImpl' defined in file [E:\E\ProjectFile\hmall\pay-service\target\classes\com\hmall\pay\service\impl\PayOrderServiceImpl.class]: Unsatisfied dependency expressed through constructor parameter 1; nested exception is org.springframework.beans.factory.BeanCreationException: Error creating bean with name 'com.hmall.api.client.TradeClient': Unexpected exception during bean creation; nested exception is java.lang.IllegalStateException: Method TradeClient#updateById(Order) not annotated with HTTP method type (ex. GET, POST)
Warnings:
- 
	at org.springframework.beans.factory.support.ConstructorResolver.createArgumentArray(ConstructorResolver.java:800) ~[spring-beans-5.3.27.jar:5.3.27]
	at org.springframework.beans.factory.support.ConstructorResolver.autowireConstructor(ConstructorResolver.java:229) ~[spring-beans-5.3.27.jar:5.3.27]
	at org.springframework.beans.factory.support.AbstractAutowireCapableBeanFactory.autowireConstructor(AbstractAutowireCapableBeanFactory.java:1372) ~[spring-beans-5.3.27.jar:5.3.27]
	at org.springframework.beans.factory.support.AbstractAutowireCapableBeanFactory.createBeanInstance(AbstractAutowireCapableBeanFactory.java:1222) ~[spring-beans-5.3.27.jar:5.3.27]
	at org.springframework.beans.factory.support.AbstractAutowireCapableBeanFactory.doCreateBean(AbstractAutowireCapableBeanFactory.java:582) ~[spring-beans-5.3.27.jar:5.3.27]
	at org.springframework.beans.factory.support.AbstractAutowireCapableBeanFactory.createBean(AbstractAutowireCapableBeanFactory.java:542) ~[spring-beans-5.3.27.jar:5.3.27]
	at org.springframework.beans.factory.support.AbstractBeanFactory.lambda$doGetBean$0(AbstractBeanFactory.java:335) ~[spring-beans-5.3.27.jar:5.3.27]
	at org.springframework.beans.factory.support.DefaultSingletonBeanRegistry.getSingleton(DefaultSingletonBeanRegistry.java:234) ~[spring-beans-5.3.27.jar:5.3.27]
	at org.springframework.beans.factory.support.AbstractBeanFactory.doGetBean(AbstractBeanFactory.java:333) ~[spring-beans-5.3.27.jar:5.3.27]
	at org.springframework.beans.factory.support.AbstractBeanFactory.getBean(AbstractBeanFactory.java:208) ~[spring-beans-5.3.27.jar:5.3.27]
	at org.springframework.beans.factory.support.DefaultListableBeanFactory.preInstantiateSingletons(DefaultListableBeanFactory.java:955) ~[spring-beans-5.3.27.jar:5.3.27]
	at org.springframework.context.support.AbstractApplicationContext.finishBeanFactoryInitialization(AbstractApplicationContext.java:920) ~[spring-context-5.3.27.jar:5.3.27]
	at org.springframework.context.support.AbstractApplicationContext.refresh(AbstractApplicationContext.java:583) ~[spring-context-5.3.27.jar:5.3.27]
	at org.springframework.boot.web.servlet.context.ServletWebServerApplicationContext.refresh(ServletWebServerApplicationContext.java:147) ~[spring-boot-2.7.12.jar:2.7.12]
	at org.springframework.boot.SpringApplication.refresh(SpringApplication.java:731) ~[spring-boot-2.7.12.jar:2.7.12]
	at org.springframework.boot.SpringApplication.refreshContext(SpringApplication.java:408) ~[spring-boot-2.7.12.jar:2.7.12]
	at org.springframework.boot.SpringApplication.run(SpringApplication.java:307) ~[spring-boot-2.7.12.jar:2.7.12]
	at org.springframework.boot.SpringApplication.run(SpringApplication.java:1303) ~[spring-boot-2.7.12.jar:2.7.12]
	at org.springframework.boot.SpringApplication.run(SpringApplication.java:1292) ~[spring-boot-2.7.12.jar:2.7.12]
	at com.hmall.pay.PayApplication.main(PayApplication.java:15) ~[classes/:na]
Caused by: org.springframework.beans.factory.BeanCreationException: Error creating bean with name 'com.hmall.api.client.TradeClient': Unexpected exception during bean creation; nested exception is java.lang.IllegalStateException: Method TradeClient#updateById(Order) not annotated with HTTP method type (ex. GET, POST)
Warnings:
- 
	at org.springframework.beans.factory.support.AbstractAutowireCapableBeanFactory.createBean(AbstractAutowireCapableBeanFactory.java:555) ~[spring-beans-5.3.27.jar:5.3.27]
	at org.springframework.beans.factory.support.AbstractBeanFactory.lambda$doGetBean$0(AbstractBeanFactory.java:335) ~[spring-beans-5.3.27.jar:5.3.27]
	at org.springframework.beans.factory.support.DefaultSingletonBeanRegistry.getSingleton(DefaultSingletonBeanRegistry.java:234) ~[spring-beans-5.3.27.jar:5.3.27]
	at org.springframework.beans.factory.support.AbstractBeanFactory.doGetBean(AbstractBeanFactory.java:333) ~[spring-beans-5.3.27.jar:5.3.27]
	at org.springframework.beans.factory.support.AbstractBeanFactory.getBean(AbstractBeanFactory.java:208) ~[spring-beans-5.3.27.jar:5.3.27]
	at org.springframework.beans.factory.config.DependencyDescriptor.resolveCandidate(DependencyDescriptor.java:276) ~[spring-beans-5.3.27.jar:5.3.27]
	at org.springframework.beans.factory.support.DefaultListableBeanFactory.doResolveDependency(DefaultListableBeanFactory.java:1391) ~[spring-beans-5.3.27.jar:5.3.27]
	at org.springframework.beans.factory.support.DefaultListableBeanFactory.resolveDependency(DefaultListableBeanFactory.java:1311) ~[spring-beans-5.3.27.jar:5.3.27]
	at org.springframework.beans.factory.support.ConstructorResolver.resolveAutowiredArgument(ConstructorResolver.java:887) ~[spring-beans-5.3.27.jar:5.3.27]
	at org.springframework.beans.factory.support.ConstructorResolver.createArgumentArray(ConstructorResolver.java:791) ~[spring-beans-5.3.27.jar:5.3.27]
	... 19 common frames omitted
Caused by: java.lang.IllegalStateException: Method TradeClient#updateById(Order) not annotated with HTTP method type (ex. GET, POST)
Warnings:
- 
	at feign.Util.checkState(Util.java:122) ~[feign-core-11.8.jar:na]
	at feign.Contract$BaseContract.parseAndValidateMetadata(Contract.java:115) ~[feign-core-11.8.jar:na]
	at org.springframework.cloud.openfeign.support.SpringMvcContract.parseAndValidateMetadata(SpringMvcContract.java:193) ~[spring-cloud-openfeign-core-3.1.3.jar:3.1.3]
	at feign.Contract$BaseContract.parseAndValidateMetadata(Contract.java:65) ~[feign-core-11.8.jar:na]
	at feign.ReflectiveFeign$ParseHandlersByName.apply(ReflectiveFeign.java:151) ~[feign-core-11.8.jar:na]
	at feign.ReflectiveFeign.newInstance(ReflectiveFeign.java:49) ~[feign-core-11.8.jar:na]
	at feign.Feign$Builder.target(Feign.java:268) ~[feign-core-11.8.jar:na]
	at org.springframework.cloud.openfeign.DefaultTargeter.target(DefaultTargeter.java:30) ~[spring-cloud-openfeign-core-3.1.3.jar:3.1.3]
	at org.springframework.cloud.openfeign.FeignClientFactoryBean.loadBalance(FeignClientFactoryBean.java:379) ~[spring-cloud-openfeign-core-3.1.3.jar:3.1.3]
	at org.springframework.cloud.openfeign.FeignClientFactoryBean.getTarget(FeignClientFactoryBean.java:427) ~[spring-cloud-openfeign-core-3.1.3.jar:3.1.3]
	at org.springframework.cloud.openfeign.FeignClientFactoryBean.getObject(FeignClientFactoryBean.java:402) ~[spring-cloud-openfeign-core-3.1.3.jar:3.1.3]
	at org.springframework.cloud.openfeign.FeignClientsRegistrar.lambda$registerFeignClient$0(FeignClientsRegistrar.java:235) ~[spring-cloud-openfeign-core-3.1.3.jar:3.1.3]
	at org.springframework.beans.factory.support.AbstractAutowireCapableBeanFactory.obtainFromSupplier(AbstractAutowireCapableBeanFactory.java:1249) ~[spring-beans-5.3.27.jar:5.3.27]
	at org.springframework.beans.factory.support.AbstractAutowireCapableBeanFactory.createBeanInstance(AbstractAutowireCapableBeanFactory.java:1191) ~[spring-beans-5.3.27.jar:5.3.27]
	at org.springframework.beans.factory.support.AbstractAutowireCapableBeanFactory.doCreateBean(AbstractAutowireCapableBeanFactory.java:582) ~[spring-beans-5.3.27.jar:5.3.27]
	at org.springframework.beans.factory.support.AbstractAutowireCapableBeanFactory.createBean(AbstractAutowireCapableBeanFactory.java:542) ~[spring-beans-5.3.27.jar:5.3.27]
	... 28 common frames omitted

15:22:26:295  INFO 12396 --- [main] com.hmall.pay.PayApplication             : Starting PayApplication using Java 11.0.23 on quyang with PID 12396 (E:\E\ProjectFile\hmall\pay-service\target\classes started by huyang in E:\E\ProjectFile\hmall)
15:22:26:298 DEBUG 12396 --- [main] com.hmall.pay.PayApplication             : Running with Spring Boot v2.7.12, Spring v5.3.27
15:22:26:298  INFO 12396 --- [main] com.hmall.pay.PayApplication             : The following 1 profile is active: "local"
15:22:26:851  INFO 12396 --- [main] .s.d.r.c.RepositoryConfigurationDelegate : Multiple Spring Data modules found, entering strict repository configuration mode
15:22:26:852  INFO 12396 --- [main] .s.d.r.c.RepositoryConfigurationDelegate : Bootstrapping Spring Data Redis repositories in DEFAULT mode.
15:22:26:866  INFO 12396 --- [main] .s.d.r.c.RepositoryConfigurationDelegate : Finished Spring Data repository scanning in 5 ms. Found 0 Redis repository interfaces.
15:22:27:027  INFO 12396 --- [main] o.s.cloud.context.scope.GenericScope     : BeanFactory id=9d452f46-097f-3b6b-bd39-b60d5d756bc1
15:22:27:280  INFO 12396 --- [main] o.s.b.w.embedded.tomcat.TomcatWebServer  : Tomcat initialized with port(s): 8085 (http)
15:22:27:285  INFO 12396 --- [main] o.apache.catalina.core.StandardService   : Starting service [Tomcat]
15:22:27:285  INFO 12396 --- [main] org.apache.catalina.core.StandardEngine  : Starting Servlet engine: [Apache Tomcat/9.0.75]
15:22:27:368  INFO 12396 --- [main] o.a.c.c.C.[Tomcat].[localhost].[/]       : Initializing Spring embedded WebApplicationContext
15:22:27:368  INFO 12396 --- [main] w.s.c.ServletWebServerApplicationContext : Root WebApplicationContext: initialization completed in 1045 ms
15:22:27:474  INFO 12396 --- [main] o.s.c.openfeign.FeignClientFactoryBean   : For 'user-service' URL not provided. Will try picking an instance via load-balancing.
15:22:27:610  INFO 12396 --- [main] o.s.c.openfeign.FeignClientFactoryBean   : For 'trade-service' URL not provided. Will try picking an instance via load-balancing.
15:22:29:360  INFO 12396 --- [main] pertySourcedRequestMappingHandlerMapping : Mapped URL path [/v2/api-docs] onto method [springfox.documentation.swagger2.web.Swagger2ControllerWebMvc#getDocumentation(String, HttpServletRequest)]
15:22:30:011  INFO 12396 --- [main] com.alibaba.nacos.common.remote.client   : [RpcClientFactory] create a new rpc client of e6cd310a-0454-4853-a614-04554f917ee3
15:22:30:040  INFO 12396 --- [main] org.reflections.Reflections              : Reflections took 16 ms to scan 1 urls, producing 3 keys and 6 values 
15:22:30:054  INFO 12396 --- [main] org.reflections.Reflections              : Reflections took 5 ms to scan 1 urls, producing 4 keys and 9 values 
15:22:30:061  INFO 12396 --- [main] org.reflections.Reflections              : Reflections took 5 ms to scan 1 urls, producing 3 keys and 10 values 
15:22:30:063  WARN 12396 --- [main] org.reflections.Reflections              : given scan urls are empty. set urls in the configuration
15:22:30:067  INFO 12396 --- [main] org.reflections.Reflections              : Reflections took 4 ms to scan 1 urls, producing 1 keys and 5 values 
15:22:30:074  INFO 12396 --- [main] org.reflections.Reflections              : Reflections took 5 ms to scan 1 urls, producing 1 keys and 7 values 
15:22:30:079  INFO 12396 --- [main] org.reflections.Reflections              : Reflections took 4 ms to scan 1 urls, producing 2 keys and 8 values 
15:22:30:081  WARN 12396 --- [main] org.reflections.Reflections              : given scan urls are empty. set urls in the configuration
15:22:30:082  INFO 12396 --- [main] com.alibaba.nacos.common.remote.client   : [e6cd310a-0454-4853-a614-04554f917ee3] RpcClient init label, labels = {module=naming, source=sdk}
15:22:30:084  INFO 12396 --- [main] com.alibaba.nacos.common.remote.client   : [e6cd310a-0454-4853-a614-04554f917ee3] RpcClient init, ServerListFactory = com.alibaba.nacos.client.naming.core.ServerListManager
15:22:30:084  INFO 12396 --- [main] com.alibaba.nacos.common.remote.client   : [e6cd310a-0454-4853-a614-04554f917ee3] Registry connection listener to current client:com.alibaba.nacos.client.naming.remote.gprc.redo.NamingGrpcRedoService
15:22:30:084  INFO 12396 --- [main] com.alibaba.nacos.common.remote.client   : [e6cd310a-0454-4853-a614-04554f917ee3] Register server push request handler:com.alibaba.nacos.client.naming.remote.gprc.NamingPushRequestHandler
15:22:30:086  INFO 12396 --- [main] com.alibaba.nacos.common.remote.client   : [e6cd310a-0454-4853-a614-04554f917ee3] Try to connect to server on start up, server: {serverIp = '192.168.88.130', server main port = 8848}
15:22:31:570  INFO 12396 --- [main] com.alibaba.nacos.common.remote.client   : [e6cd310a-0454-4853-a614-04554f917ee3] Success to connect to server [192.168.88.130:8848] on start up, connectionId = 1722669752237_192.168.88.1_21635
15:22:31:572  INFO 12396 --- [main] com.alibaba.nacos.common.remote.client   : [e6cd310a-0454-4853-a614-04554f917ee3] Register server push request handler:com.alibaba.nacos.common.remote.client.RpcClient$ConnectResetRequestHandler
15:22:31:571  INFO 12396 --- [com.alibaba.nacos.client.remote.worker] com.alibaba.nacos.common.remote.client   : [e6cd310a-0454-4853-a614-04554f917ee3] Notify connected event to listeners.
15:22:31:574  INFO 12396 --- [main] com.alibaba.nacos.common.remote.client   : [e6cd310a-0454-4853-a614-04554f917ee3] Register server push request handler:com.alibaba.nacos.common.remote.client.RpcClient$$Lambda$1132/0x00000008007b4440
15:22:31:621  INFO 12396 --- [main] o.s.b.w.embedded.tomcat.TomcatWebServer  : Tomcat started on port(s): 8085 (http) with context path ''
15:22:31:635  INFO 12396 --- [main] c.a.c.n.registry.NacosServiceRegistry    : nacos registry, DEFAULT_GROUP pay-service 192.168.88.1:8085 register finished
15:22:32:187  INFO 12396 --- [nacos-grpc-client-executor-8] com.alibaba.nacos.common.remote.client   : [e6cd310a-0454-4853-a614-04554f917ee3] Receive server push request, request = NotifySubscriberRequest, requestId = 53
15:22:32:191  INFO 12396 --- [nacos-grpc-client-executor-8] com.alibaba.nacos.common.remote.client   : [e6cd310a-0454-4853-a614-04554f917ee3] Ack server push request, request = NotifySubscriberRequest, requestId = 53
15:22:32:214  INFO 12396 --- [main] d.s.w.p.DocumentationPluginsBootstrapper : Documentation plugins bootstrapped
15:22:32:217  INFO 12396 --- [main] d.s.w.p.DocumentationPluginsBootstrapper : Found 1 custom documentation plugin(s)
15:22:32:236  INFO 12396 --- [main] s.d.s.w.s.ApiListingReferenceScanner     : Scanning for api listing references
15:22:32:331  INFO 12396 --- [main] com.hmall.pay.PayApplication             : Started PayApplication in 7.961 seconds (JVM running for 8.742)
15:25:48:752  WARN 12396 --- [Thread-7] c.a.n.common.http.HttpClientBeanHolder   : [HttpClientBeanHolder] Start destroying common HttpClient
15:25:48:752  WARN 12396 --- [Thread-4] c.a.nacos.common.notify.NotifyCenter     : [NotifyCenter] Start destroying Publisher
15:25:48:753  WARN 12396 --- [Thread-4] c.a.nacos.common.notify.NotifyCenter     : [NotifyCenter] Destruction of the end
15:25:48:754  WARN 12396 --- [Thread-7] c.a.n.common.http.HttpClientBeanHolder   : [HttpClientBeanHolder] Destruction of the end
15:25:49:138  INFO 12396 --- [SpringApplicationShutdownHook] c.a.c.n.registry.NacosServiceRegistry    : De-registering from Nacos Server now...
15:25:49:150  INFO 12396 --- [SpringApplicationShutdownHook] c.a.c.n.registry.NacosServiceRegistry    : De-registration finished.
15:25:49:484  INFO 12396 --- [SpringApplicationShutdownHook] com.alibaba.nacos.common.remote.client   : Shutdown rpc client, set status to shutdown
15:25:49:485  INFO 12396 --- [SpringApplicationShutdownHook] com.alibaba.nacos.common.remote.client   : Shutdown client event executor java.util.concurrent.ScheduledThreadPoolExecutor@41673614[Running, pool size = 2, active threads = 2, queued tasks = 0, completed tasks = 0]
15:25:49:485  INFO 12396 --- [SpringApplicationShutdownHook] com.alibaba.nacos.common.remote.client   : Close current connection 1722669752237_192.168.88.1_21635
15:25:49:490  INFO 12396 --- [SpringApplicationShutdownHook] c.a.n.c.remote.client.grpc.GrpcClient    : Shutdown grpc executor java.util.concurrent.ThreadPoolExecutor@2fa0638d[Running, pool size = 4, active threads = 0, queued tasks = 0, completed tasks = 55]
15:25:55:705  INFO 5208 --- [main] com.hmall.pay.PayApplication             : Starting PayApplication using Java 11.0.23 on quyang with PID 5208 (E:\E\ProjectFile\hmall\pay-service\target\classes started by huyang in E:\E\ProjectFile\hmall)
15:25:55:706 DEBUG 5208 --- [main] com.hmall.pay.PayApplication             : Running with Spring Boot v2.7.12, Spring v5.3.27
15:25:55:706  INFO 5208 --- [main] com.hmall.pay.PayApplication             : The following 1 profile is active: "local"
15:25:56:379  INFO 5208 --- [main] .s.d.r.c.RepositoryConfigurationDelegate : Multiple Spring Data modules found, entering strict repository configuration mode
15:25:56:382  INFO 5208 --- [main] .s.d.r.c.RepositoryConfigurationDelegate : Bootstrapping Spring Data Redis repositories in DEFAULT mode.
15:25:56:400  INFO 5208 --- [main] .s.d.r.c.RepositoryConfigurationDelegate : Finished Spring Data repository scanning in 7 ms. Found 0 Redis repository interfaces.
15:25:56:587  INFO 5208 --- [main] o.s.cloud.context.scope.GenericScope     : BeanFactory id=9d452f46-097f-3b6b-bd39-b60d5d756bc1
15:25:56:864  INFO 5208 --- [main] o.s.b.w.embedded.tomcat.TomcatWebServer  : Tomcat initialized with port(s): 8085 (http)
15:25:56:871  INFO 5208 --- [main] o.apache.catalina.core.StandardService   : Starting service [Tomcat]
15:25:56:872  INFO 5208 --- [main] org.apache.catalina.core.StandardEngine  : Starting Servlet engine: [Apache Tomcat/9.0.75]
15:25:56:972  INFO 5208 --- [main] o.a.c.c.C.[Tomcat].[localhost].[/]       : Initializing Spring embedded WebApplicationContext
15:25:56:973  INFO 5208 --- [main] w.s.c.ServletWebServerApplicationContext : Root WebApplicationContext: initialization completed in 1238 ms
15:25:57:120  INFO 5208 --- [main] o.s.c.openfeign.FeignClientFactoryBean   : For 'user-service' URL not provided. Will try picking an instance via load-balancing.
15:25:57:286  INFO 5208 --- [main] o.s.c.openfeign.FeignClientFactoryBean   : For 'trade-service' URL not provided. Will try picking an instance via load-balancing.
15:25:59:351  INFO 5208 --- [main] pertySourcedRequestMappingHandlerMapping : Mapped URL path [/v2/api-docs] onto method [springfox.documentation.swagger2.web.Swagger2ControllerWebMvc#getDocumentation(String, HttpServletRequest)]
15:26:00:127  INFO 5208 --- [main] com.alibaba.nacos.common.remote.client   : [RpcClientFactory] create a new rpc client of 90944e9f-9348-4fef-bfeb-94207c906885
15:26:00:158  INFO 5208 --- [main] org.reflections.Reflections              : Reflections took 15 ms to scan 1 urls, producing 3 keys and 6 values 
15:26:00:185  INFO 5208 --- [main] org.reflections.Reflections              : Reflections took 17 ms to scan 1 urls, producing 4 keys and 9 values 
15:26:00:193  INFO 5208 --- [main] org.reflections.Reflections              : Reflections took 5 ms to scan 1 urls, producing 3 keys and 10 values 
15:26:00:196  WARN 5208 --- [main] org.reflections.Reflections              : given scan urls are empty. set urls in the configuration
15:26:00:204  INFO 5208 --- [main] org.reflections.Reflections              : Reflections took 7 ms to scan 1 urls, producing 1 keys and 5 values 
15:26:00:211  INFO 5208 --- [main] org.reflections.Reflections              : Reflections took 6 ms to scan 1 urls, producing 1 keys and 7 values 
15:26:00:220  INFO 5208 --- [main] org.reflections.Reflections              : Reflections took 6 ms to scan 1 urls, producing 2 keys and 8 values 
15:26:00:222  WARN 5208 --- [main] org.reflections.Reflections              : given scan urls are empty. set urls in the configuration
15:26:00:223  INFO 5208 --- [main] com.alibaba.nacos.common.remote.client   : [90944e9f-9348-4fef-bfeb-94207c906885] RpcClient init label, labels = {module=naming, source=sdk}
15:26:00:224  INFO 5208 --- [main] com.alibaba.nacos.common.remote.client   : [90944e9f-9348-4fef-bfeb-94207c906885] RpcClient init, ServerListFactory = com.alibaba.nacos.client.naming.core.ServerListManager
15:26:00:224  INFO 5208 --- [main] com.alibaba.nacos.common.remote.client   : [90944e9f-9348-4fef-bfeb-94207c906885] Registry connection listener to current client:com.alibaba.nacos.client.naming.remote.gprc.redo.NamingGrpcRedoService
15:26:00:225  INFO 5208 --- [main] com.alibaba.nacos.common.remote.client   : [90944e9f-9348-4fef-bfeb-94207c906885] Register server push request handler:com.alibaba.nacos.client.naming.remote.gprc.NamingPushRequestHandler
15:26:00:226  INFO 5208 --- [main] com.alibaba.nacos.common.remote.client   : [90944e9f-9348-4fef-bfeb-94207c906885] Try to connect to server on start up, server: {serverIp = '192.168.88.130', server main port = 8848}
15:26:03:503  INFO 5208 --- [main] com.alibaba.nacos.common.remote.client   : [90944e9f-9348-4fef-bfeb-94207c906885] Success to connect to server [192.168.88.130:8848] on start up, connectionId = 1722669964051_192.168.88.1_3154
15:26:03:505  INFO 5208 --- [com.alibaba.nacos.client.remote.worker] com.alibaba.nacos.common.remote.client   : [90944e9f-9348-4fef-bfeb-94207c906885] Notify connected event to listeners.
15:26:03:508  INFO 5208 --- [main] com.alibaba.nacos.common.remote.client   : [90944e9f-9348-4fef-bfeb-94207c906885] Register server push request handler:com.alibaba.nacos.common.remote.client.RpcClient$ConnectResetRequestHandler
15:26:03:509  INFO 5208 --- [main] com.alibaba.nacos.common.remote.client   : [90944e9f-9348-4fef-bfeb-94207c906885] Register server push request handler:com.alibaba.nacos.common.remote.client.RpcClient$$Lambda$1132/0x00000008008a7840
15:26:03:595  INFO 5208 --- [main] o.s.b.w.embedded.tomcat.TomcatWebServer  : Tomcat started on port(s): 8085 (http) with context path ''
15:26:03:621  INFO 5208 --- [main] c.a.c.n.registry.NacosServiceRegistry    : nacos registry, DEFAULT_GROUP pay-service 192.168.88.1:8085 register finished
15:26:04:130  INFO 5208 --- [nacos-grpc-client-executor-9] com.alibaba.nacos.common.remote.client   : [90944e9f-9348-4fef-bfeb-94207c906885] Receive server push request, request = NotifySubscriberRequest, requestId = 54
15:26:04:134  INFO 5208 --- [nacos-grpc-client-executor-9] com.alibaba.nacos.common.remote.client   : [90944e9f-9348-4fef-bfeb-94207c906885] Ack server push request, request = NotifySubscriberRequest, requestId = 54
15:26:04:852  INFO 5208 --- [main] d.s.w.p.DocumentationPluginsBootstrapper : Documentation plugins bootstrapped
15:26:04:856  INFO 5208 --- [main] d.s.w.p.DocumentationPluginsBootstrapper : Found 1 custom documentation plugin(s)
15:26:04:892  INFO 5208 --- [main] s.d.s.w.s.ApiListingReferenceScanner     : Scanning for api listing references
15:26:05:022  INFO 5208 --- [main] com.hmall.pay.PayApplication             : Started PayApplication in 11.366 seconds (JVM running for 12.32)
15:27:12:826  WARN 5208 --- [Thread-4] c.a.nacos.common.notify.NotifyCenter     : [NotifyCenter] Start destroying Publisher
15:27:12:826  WARN 5208 --- [Thread-4] c.a.nacos.common.notify.NotifyCenter     : [NotifyCenter] Destruction of the end
15:27:12:826  WARN 5208 --- [Thread-7] c.a.n.common.http.HttpClientBeanHolder   : [HttpClientBeanHolder] Start destroying common HttpClient
15:27:12:828  WARN 5208 --- [Thread-7] c.a.n.common.http.HttpClientBeanHolder   : [HttpClientBeanHolder] Destruction of the end
15:27:13:229  INFO 5208 --- [SpringApplicationShutdownHook] c.a.c.n.registry.NacosServiceRegistry    : De-registering from Nacos Server now...
15:27:13:244  INFO 5208 --- [SpringApplicationShutdownHook] c.a.c.n.registry.NacosServiceRegistry    : De-registration finished.
15:27:13:579  INFO 5208 --- [SpringApplicationShutdownHook] com.alibaba.nacos.common.remote.client   : Shutdown rpc client, set status to shutdown
15:27:13:579  INFO 5208 --- [SpringApplicationShutdownHook] com.alibaba.nacos.common.remote.client   : Shutdown client event executor java.util.concurrent.ScheduledThreadPoolExecutor@217722ff[Running, pool size = 2, active threads = 2, queued tasks = 0, completed tasks = 0]
15:27:13:580  INFO 5208 --- [SpringApplicationShutdownHook] com.alibaba.nacos.common.remote.client   : Close current connection 1722669964051_192.168.88.1_3154
15:27:13:586  INFO 5208 --- [SpringApplicationShutdownHook] c.a.n.c.remote.client.grpc.GrpcClient    : Shutdown grpc executor java.util.concurrent.ThreadPoolExecutor@2a701a55[Running, pool size = 5, active threads = 0, queued tasks = 0, completed tasks = 28]
