11:28:06:439  INFO 1416 --- [main] com.hmall.user.UserApplication           : Starting UserApplication using Java 11.0.23 on quyang with PID 1416 (E:\E\ProjectFile\hmall\user-service\target\classes started by huyang in E:\E\ProjectFile\hmall)
11:28:06:444 DEBUG 1416 --- [main] com.hmall.user.UserApplication           : Running with Spring Boot v2.7.12, Spring v5.3.27
11:28:06:445  INFO 1416 --- [main] com.hmall.user.UserApplication           : The following 1 profile is active: "local"
11:28:07:317  INFO 1416 --- [main] .s.d.r.c.RepositoryConfigurationDelegate : Multiple Spring Data modules found, entering strict repository configuration mode
11:28:07:320  INFO 1416 --- [main] .s.d.r.c.RepositoryConfigurationDelegate : Bootstrapping Spring Data Redis repositories in DEFAULT mode.
11:28:07:345  INFO 1416 --- [main] .s.d.r.c.RepositoryConfigurationDelegate : Finished Spring Data repository scanning in 9 ms. Found 0 Redis repository interfaces.
11:28:07:658  INFO 1416 --- [main] o.s.cloud.context.scope.GenericScope     : BeanFactory id=7c712d96-b13e-3b1c-b794-b0c8bd4aaa57
11:28:08:002  INFO 1416 --- [main] o.s.b.w.embedded.tomcat.TomcatWebServer  : Tomcat initialized with port(s): 8084 (http)
11:28:08:012  INFO 1416 --- [main] o.apache.catalina.core.StandardService   : Starting service [Tomcat]
11:28:08:012  INFO 1416 --- [main] org.apache.catalina.core.StandardEngine  : Starting Servlet engine: [Apache Tomcat/9.0.75]
11:28:08:156  INFO 1416 --- [main] o.a.c.c.C.[Tomcat].[localhost].[/]       : Initializing Spring embedded WebApplicationContext
11:28:08:156  INFO 1416 --- [main] w.s.c.ServletWebServerApplicationContext : Root WebApplicationContext: initialization completed in 1670 ms
11:28:11:516  INFO 1416 --- [main] pertySourcedRequestMappingHandlerMapping : Mapped URL path [/v2/api-docs] onto method [springfox.documentation.swagger2.web.Swagger2ControllerWebMvc#getDocumentation(String, HttpServletRequest)]
11:28:13:542  INFO 1416 --- [main] com.alibaba.nacos.common.remote.client   : [RpcClientFactory] create a new rpc client of 3cc83ced-5608-49b5-9c7a-f7893c306894
11:28:13:581  INFO 1416 --- [main] org.reflections.Reflections              : Reflections took 21 ms to scan 1 urls, producing 3 keys and 6 values 
11:28:13:599  INFO 1416 --- [main] org.reflections.Reflections              : Reflections took 6 ms to scan 1 urls, producing 4 keys and 9 values 
11:28:13:606  INFO 1416 --- [main] org.reflections.Reflections              : Reflections took 5 ms to scan 1 urls, producing 3 keys and 10 values 
11:28:13:608  WARN 1416 --- [main] org.reflections.Reflections              : given scan urls are empty. set urls in the configuration
11:28:13:613  INFO 1416 --- [main] org.reflections.Reflections              : Reflections took 4 ms to scan 1 urls, producing 1 keys and 5 values 
11:28:13:621  INFO 1416 --- [main] org.reflections.Reflections              : Reflections took 6 ms to scan 1 urls, producing 1 keys and 7 values 
11:28:13:627  INFO 1416 --- [main] org.reflections.Reflections              : Reflections took 5 ms to scan 1 urls, producing 2 keys and 8 values 
11:28:13:629  WARN 1416 --- [main] org.reflections.Reflections              : given scan urls are empty. set urls in the configuration
11:28:13:630  INFO 1416 --- [main] com.alibaba.nacos.common.remote.client   : [3cc83ced-5608-49b5-9c7a-f7893c306894] RpcClient init label, labels = {module=naming, source=sdk}
11:28:13:632  INFO 1416 --- [main] com.alibaba.nacos.common.remote.client   : [3cc83ced-5608-49b5-9c7a-f7893c306894] RpcClient init, ServerListFactory = com.alibaba.nacos.client.naming.core.ServerListManager
11:28:13:632  INFO 1416 --- [main] com.alibaba.nacos.common.remote.client   : [3cc83ced-5608-49b5-9c7a-f7893c306894] Registry connection listener to current client:com.alibaba.nacos.client.naming.remote.gprc.redo.NamingGrpcRedoService
11:28:13:632  INFO 1416 --- [main] com.alibaba.nacos.common.remote.client   : [3cc83ced-5608-49b5-9c7a-f7893c306894] Register server push request handler:com.alibaba.nacos.client.naming.remote.gprc.NamingPushRequestHandler
11:28:13:633  INFO 1416 --- [main] com.alibaba.nacos.common.remote.client   : [3cc83ced-5608-49b5-9c7a-f7893c306894] Try to connect to server on start up, server: {serverIp = '192.168.88.130', server main port = 8848}
11:28:15:328  INFO 1416 --- [main] com.alibaba.nacos.common.remote.client   : [3cc83ced-5608-49b5-9c7a-f7893c306894] Success to connect to server [192.168.88.130:8848] on start up, connectionId = 1722828495010_192.168.88.1_56486
11:28:15:330  INFO 1416 --- [main] com.alibaba.nacos.common.remote.client   : [3cc83ced-5608-49b5-9c7a-f7893c306894] Register server push request handler:com.alibaba.nacos.common.remote.client.RpcClient$ConnectResetRequestHandler
11:28:15:329  INFO 1416 --- [com.alibaba.nacos.client.remote.worker] com.alibaba.nacos.common.remote.client   : [3cc83ced-5608-49b5-9c7a-f7893c306894] Notify connected event to listeners.
11:28:15:332  INFO 1416 --- [main] com.alibaba.nacos.common.remote.client   : [3cc83ced-5608-49b5-9c7a-f7893c306894] Register server push request handler:com.alibaba.nacos.common.remote.client.RpcClient$$Lambda$1112/0x00000008007dcc40
11:28:15:368  INFO 1416 --- [main] o.s.b.w.embedded.tomcat.TomcatWebServer  : Tomcat started on port(s): 8084 (http) with context path ''
11:28:15:381  INFO 1416 --- [main] c.a.c.n.registry.NacosServiceRegistry    : nacos registry, DEFAULT_GROUP user-service 192.168.88.1:8084 register finished
11:28:15:791  INFO 1416 --- [main] d.s.w.p.DocumentationPluginsBootstrapper : Documentation plugins bootstrapped
11:28:15:794  INFO 1416 --- [main] d.s.w.p.DocumentationPluginsBootstrapper : Found 1 custom documentation plugin(s)
11:28:15:807  INFO 1416 --- [main] s.d.s.w.s.ApiListingReferenceScanner     : Scanning for api listing references
11:28:15:864  INFO 1416 --- [main] com.hmall.user.UserApplication           : Started UserApplication in 12.091 seconds (JVM running for 14.184)
11:28:15:889  INFO 1416 --- [nacos-grpc-client-executor-7] com.alibaba.nacos.common.remote.client   : [3cc83ced-5608-49b5-9c7a-f7893c306894] Receive server push request, request = NotifySubscriberRequest, requestId = 496
11:28:15:891  INFO 1416 --- [nacos-grpc-client-executor-7] com.alibaba.nacos.common.remote.client   : [3cc83ced-5608-49b5-9c7a-f7893c306894] Ack server push request, request = NotifySubscriberRequest, requestId = 496
11:32:28:066  INFO 1416 --- [http-nio-8084-exec-1] o.a.c.c.C.[Tomcat].[localhost].[/]       : Initializing Spring DispatcherServlet 'dispatcherServlet'
11:32:28:066  INFO 1416 --- [http-nio-8084-exec-1] o.s.web.servlet.DispatcherServlet        : Initializing Servlet 'dispatcherServlet'
11:32:28:067  INFO 1416 --- [http-nio-8084-exec-1] o.s.web.servlet.DispatcherServlet        : Completed initialization in 1 ms
11:32:28:248  INFO 1416 --- [http-nio-8084-exec-1] com.zaxxer.hikari.HikariDataSource       : HikariPool-1 - Starting...
11:32:31:039  INFO 1416 --- [http-nio-8084-exec-1] com.zaxxer.hikari.HikariDataSource       : HikariPool-1 - Start completed.
11:32:31:049 DEBUG 1416 --- [http-nio-8084-exec-1] c.h.user.mapper.UserMapper.selectOne     : ==>  Preparing: SELECT id,username,password,phone,create_time,update_time,status,balance FROM user WHERE (username = ?)
11:32:31:068 DEBUG 1416 --- [http-nio-8084-exec-1] c.h.user.mapper.UserMapper.selectOne     : ==> Parameters: jack(String)
11:32:31:366 DEBUG 1416 --- [http-nio-8084-exec-1] c.h.user.mapper.UserMapper.selectOne     : <==      Total: 1
11:32:35:807 DEBUG 1416 --- [http-nio-8084-exec-4] c.h.user.mapper.UserMapper.selectOne     : ==>  Preparing: SELECT id,username,password,phone,create_time,update_time,status,balance FROM user WHERE (username = ?)
11:32:35:808 DEBUG 1416 --- [http-nio-8084-exec-4] c.h.user.mapper.UserMapper.selectOne     : ==> Parameters: jack(String)
11:32:35:820 DEBUG 1416 --- [http-nio-8084-exec-4] c.h.user.mapper.UserMapper.selectOne     : <==      Total: 1
11:47:16:381  WARN 1416 --- [Thread-4] c.a.nacos.common.notify.NotifyCenter     : [NotifyCenter] Start destroying Publisher
11:47:16:381  WARN 1416 --- [Thread-7] c.a.n.common.http.HttpClientBeanHolder   : [HttpClientBeanHolder] Start destroying common HttpClient
11:47:16:384  WARN 1416 --- [Thread-4] c.a.nacos.common.notify.NotifyCenter     : [NotifyCenter] Destruction of the end
11:47:16:387  WARN 1416 --- [Thread-7] c.a.n.common.http.HttpClientBeanHolder   : [HttpClientBeanHolder] Destruction of the end
11:47:16:785  INFO 1416 --- [SpringApplicationShutdownHook] c.a.c.n.registry.NacosServiceRegistry    : De-registering from Nacos Server now...
11:47:16:794  INFO 1416 --- [SpringApplicationShutdownHook] c.a.c.n.registry.NacosServiceRegistry    : De-registration finished.
11:47:16:842  INFO 1416 --- [SpringApplicationShutdownHook] com.alibaba.nacos.common.remote.client   : Shutdown rpc client, set status to shutdown
11:47:16:842  INFO 1416 --- [SpringApplicationShutdownHook] com.alibaba.nacos.common.remote.client   : Shutdown client event executor java.util.concurrent.ScheduledThreadPoolExecutor@35421a1b[Running, pool size = 2, active threads = 2, queued tasks = 0, completed tasks = 0]
11:47:16:842  INFO 1416 --- [SpringApplicationShutdownHook] com.alibaba.nacos.common.remote.client   : Close current connection 1722828495010_192.168.88.1_56486
11:47:16:846  INFO 1416 --- [nacos-grpc-client-executor-281] c.a.n.c.remote.client.grpc.GrpcClient    : [1722828495010_192.168.88.1_56486]Ignore complete event,isRunning:false,isAbandon=false
11:47:16:848  INFO 1416 --- [SpringApplicationShutdownHook] c.a.n.c.remote.client.grpc.GrpcClient    : Shutdown grpc executor java.util.concurrent.ThreadPoolExecutor@56e769b1[Running, pool size = 6, active threads = 0, queued tasks = 0, completed tasks = 282]
11:47:16:852  INFO 1416 --- [SpringApplicationShutdownHook] com.zaxxer.hikari.HikariDataSource       : HikariPool-1 - Shutdown initiated...
11:47:16:980  INFO 1416 --- [SpringApplicationShutdownHook] com.zaxxer.hikari.HikariDataSource       : HikariPool-1 - Shutdown completed.
