17:44:36:962  INFO 29744 --- [main] com.hmall.gateway.GatewayApplication     : The following 1 profile is active: "dev"
17:44:37:882  INFO 29744 --- [main] o.s.cloud.context.scope.GenericScope     : BeanFactory id=5562f402-57f8-359c-83d6-619135b6649e
17:44:37:942  INFO 29744 --- [main] trationDelegate$BeanPostProcessorChecker : Bean 'org.springframework.cloud.client.loadbalancer.reactive.LoadBalancerBeanPostProcessorAutoConfiguration' of type [org.springframework.cloud.client.loadbalancer.reactive.LoadBalancerBeanPostProcessorAutoConfiguration] is not eligible for getting processed by all BeanPostProcessors (for example: not eligible for auto-proxying)
17:44:37:943  INFO 29744 --- [main] trationDelegate$BeanPostProcessorChecker : Bean 'org.springframework.cloud.client.loadbalancer.reactive.LoadBalancerBeanPostProcessorAutoConfiguration$ReactorDeferringLoadBalancerFilterConfig' of type [org.springframework.cloud.client.loadbalancer.reactive.LoadBalancerBeanPostProcessorAutoConfiguration$ReactorDeferringLoadBalancerFilterConfig] is not eligible for getting processed by all BeanPostProcessors (for example: not eligible for auto-proxying)
17:44:37:944  INFO 29744 --- [main] trationDelegate$BeanPostProcessorChecker : Bean 'reactorDeferringLoadBalancerExchangeFilterFunction' of type [org.springframework.cloud.client.loadbalancer.reactive.DeferringLoadBalancerExchangeFilterFunction] is not eligible for getting processed by all BeanPostProcessors (for example: not eligible for auto-proxying)
17:44:38:934 DEBUG 29744 --- [main] c.h.gateway.routers.DynamicRouteLoader   : 监听到路由配置信息：[
    {
        "id": "item",
        "predicates": [{
            "name": "Path",
            "args": {"_genkey_0":"/items/**", "_genkey_1":"/search/**"}
        }],
        "filters": [],
        "uri": "lb://item-service"
    },
    {
        "id": "cart",
        "predicates": [{
            "name": "Path",
            "args": {"_genkey_0":"/carts/**"}
        }],
        "filters": [],
        "uri": "lb://cart-service"
    },
    {
        "id": "user",
        "predicates": [{
            "name": "Path",
            "args": {"_genkey_0":"/users/**", "_genkey_1":"/addresses/**"}
        }],
        "filters": [],
        "uri": "lb://user-service"
    },
    {
        "id": "trade",
        "predicates": [{
            "name": "Path",
            "args": {"_genkey_0":"/orders/**"}
        }],
        "filters": [],
        "uri": "lb://trade-service"
    },
    {
        "id": "pay",
        "predicates": [{
            "name": "Path",
            "args": {"_genkey_0":"/pay-orders/**"}
        }],
        "filters": [],
        "uri": "lb://pay-service"
    }
]
17:44:41:867  INFO 29744 --- [main] o.s.c.g.r.RouteDefinitionRouteLocator    : Loaded RoutePredicateFactory [After]
17:44:41:868  INFO 29744 --- [main] o.s.c.g.r.RouteDefinitionRouteLocator    : Loaded RoutePredicateFactory [Before]
17:44:41:868  INFO 29744 --- [main] o.s.c.g.r.RouteDefinitionRouteLocator    : Loaded RoutePredicateFactory [Between]
17:44:41:868  INFO 29744 --- [main] o.s.c.g.r.RouteDefinitionRouteLocator    : Loaded RoutePredicateFactory [Cookie]
17:44:41:868  INFO 29744 --- [main] o.s.c.g.r.RouteDefinitionRouteLocator    : Loaded RoutePredicateFactory [Header]
17:44:41:868  INFO 29744 --- [main] o.s.c.g.r.RouteDefinitionRouteLocator    : Loaded RoutePredicateFactory [Host]
17:44:41:868  INFO 29744 --- [main] o.s.c.g.r.RouteDefinitionRouteLocator    : Loaded RoutePredicateFactory [Method]
17:44:41:868  INFO 29744 --- [main] o.s.c.g.r.RouteDefinitionRouteLocator    : Loaded RoutePredicateFactory [Path]
17:44:41:868  INFO 29744 --- [main] o.s.c.g.r.RouteDefinitionRouteLocator    : Loaded RoutePredicateFactory [Query]
17:44:41:868  INFO 29744 --- [main] o.s.c.g.r.RouteDefinitionRouteLocator    : Loaded RoutePredicateFactory [ReadBody]
17:44:41:869  INFO 29744 --- [main] o.s.c.g.r.RouteDefinitionRouteLocator    : Loaded RoutePredicateFactory [RemoteAddr]
17:44:41:869  INFO 29744 --- [main] o.s.c.g.r.RouteDefinitionRouteLocator    : Loaded RoutePredicateFactory [XForwardedRemoteAddr]
17:44:41:869  INFO 29744 --- [main] o.s.c.g.r.RouteDefinitionRouteLocator    : Loaded RoutePredicateFactory [Weight]
17:44:41:869  INFO 29744 --- [main] o.s.c.g.r.RouteDefinitionRouteLocator    : Loaded RoutePredicateFactory [CloudFoundryRouteService]
17:44:43:422  INFO 29744 --- [main] com.alibaba.nacos.common.remote.client   : [RpcClientFactory] create a new rpc client of e2a90a3e-8531-4154-b3af-e914c5f391f4
17:44:43:422  INFO 29744 --- [main] com.alibaba.nacos.common.remote.client   : [e2a90a3e-8531-4154-b3af-e914c5f391f4] RpcClient init label, labels = {module=naming, source=sdk}
17:44:43:423  INFO 29744 --- [main] com.alibaba.nacos.common.remote.client   : [e2a90a3e-8531-4154-b3af-e914c5f391f4] RpcClient init, ServerListFactory = com.alibaba.nacos.client.naming.core.ServerListManager
17:44:43:423  INFO 29744 --- [main] com.alibaba.nacos.common.remote.client   : [e2a90a3e-8531-4154-b3af-e914c5f391f4] Registry connection listener to current client:com.alibaba.nacos.client.naming.remote.gprc.redo.NamingGrpcRedoService
17:44:43:424  INFO 29744 --- [main] com.alibaba.nacos.common.remote.client   : [e2a90a3e-8531-4154-b3af-e914c5f391f4] Register server push request handler:com.alibaba.nacos.client.naming.remote.gprc.NamingPushRequestHandler
17:44:43:424  INFO 29744 --- [main] com.alibaba.nacos.common.remote.client   : [e2a90a3e-8531-4154-b3af-e914c5f391f4] Try to connect to server on start up, server: {serverIp = '192.168.88.130', server main port = 8848}
17:44:43:574  INFO 29744 --- [main] com.alibaba.nacos.common.remote.client   : [e2a90a3e-8531-4154-b3af-e914c5f391f4] Success to connect to server [192.168.88.130:8848] on start up, connectionId = 1723542284362_192.168.88.1_21966
17:44:43:574  INFO 29744 --- [main] com.alibaba.nacos.common.remote.client   : [e2a90a3e-8531-4154-b3af-e914c5f391f4] Register server push request handler:com.alibaba.nacos.common.remote.client.RpcClient$ConnectResetRequestHandler
17:44:43:575  INFO 29744 --- [main] com.alibaba.nacos.common.remote.client   : [e2a90a3e-8531-4154-b3af-e914c5f391f4] Register server push request handler:com.alibaba.nacos.common.remote.client.RpcClient$$Lambda$467/0x00000008003eb040
17:44:43:574  INFO 29744 --- [com.alibaba.nacos.client.remote.worker] com.alibaba.nacos.common.remote.client   : [e2a90a3e-8531-4154-b3af-e914c5f391f4] Notify connected event to listeners.
17:44:44:121  INFO 29744 --- [main] o.s.b.web.embedded.netty.NettyWebServer  : Netty started on port 8080
17:44:44:213  INFO 29744 --- [nacos-grpc-client-executor-6] com.alibaba.nacos.common.remote.client   : [e2a90a3e-8531-4154-b3af-e914c5f391f4] Receive server push request, request = NotifySubscriberRequest, requestId = 1718
17:44:44:214  INFO 29744 --- [nacos-grpc-client-executor-6] com.alibaba.nacos.common.remote.client   : [e2a90a3e-8531-4154-b3af-e914c5f391f4] Ack server push request, request = NotifySubscriberRequest, requestId = 1718
17:44:45:589  INFO 29744 --- [main] c.a.c.n.registry.NacosServiceRegistry    : nacos registry, DEFAULT_GROUP gateway 192.168.88.1:8080 register finished
17:44:45:606  INFO 29744 --- [main] com.hmall.gateway.GatewayApplication     : Started GatewayApplication in 15.187 seconds (JVM running for 16.337)
17:44:45:609  INFO 29744 --- [main] c.a.c.n.refresh.NacosContextRefresher    : [Nacos Config] Listening config: dataId=gateway.yaml, group=DEFAULT_GROUP
17:44:45:610  INFO 29744 --- [main] c.a.c.n.refresh.NacosContextRefresher    : [Nacos Config] Listening config: dataId=gateway-dev.yaml, group=DEFAULT_GROUP
17:44:45:611  INFO 29744 --- [main] c.a.c.n.refresh.NacosContextRefresher    : [Nacos Config] Listening config: dataId=gateway, group=DEFAULT_GROUP
17:44:46:183  INFO 29744 --- [nacos-grpc-client-executor-10] com.alibaba.nacos.common.remote.client   : [e2a90a3e-8531-4154-b3af-e914c5f391f4] Receive server push request, request = NotifySubscriberRequest, requestId = 1719
17:44:46:189  INFO 29744 --- [nacos-grpc-client-executor-10] com.alibaba.nacos.common.remote.client   : [e2a90a3e-8531-4154-b3af-e914c5f391f4] Ack server push request, request = NotifySubscriberRequest, requestId = 1719
17:45:07:575  INFO 29744 --- [com.alibaba.nacos.client.remote.worker] com.alibaba.nacos.common.remote.client   : [50fbf9cc-dded-4d9f-9021-98f7641a2e4c_config-0] Server healthy check fail, currentConnection = 1723542277022_192.168.88.1_21867
17:45:07:577  INFO 29744 --- [com.alibaba.nacos.client.remote.worker] com.alibaba.nacos.common.remote.client   : [50fbf9cc-dded-4d9f-9021-98f7641a2e4c_config-0] Try to reconnect to a new server, server is  not appointed, will choose a random server.
17:45:08:057  INFO 29744 --- [com.alibaba.nacos.client.remote.worker] com.alibaba.nacos.common.remote.client   : [e2a90a3e-8531-4154-b3af-e914c5f391f4] Server healthy check fail, currentConnection = 1723542284362_192.168.88.1_21966
17:45:08:057  INFO 29744 --- [com.alibaba.nacos.client.remote.worker] com.alibaba.nacos.common.remote.client   : [e2a90a3e-8531-4154-b3af-e914c5f391f4] Try to reconnect to a new server, server is  not appointed, will choose a random server.
17:45:10:591 ERROR 29744 --- [com.alibaba.nacos.client.remote.worker] c.a.n.c.remote.client.grpc.GrpcClient    : Server check fail, please check server 192.168.88.130 ,port 9848 is available , error ={}

java.util.concurrent.TimeoutException: Waited 3000 milliseconds (plus 10 milliseconds, 621100 nanoseconds delay) for com.alibaba.nacos.shaded.io.grpc.stub.ClientCalls$GrpcFuture@50da99b0[status=PENDING, info=[GrpcFuture{clientCall={delegate={delegate=ClientCallImpl{method=MethodDescriptor{fullMethodName=Request/request, type=UNARY, idempotent=false, safe=false, sampledToLocalTracing=true, requestMarshaller=com.alibaba.nacos.shaded.io.grpc.protobuf.lite.ProtoLiteUtils$MessageMarshaller@182af44c, responseMarshaller=com.alibaba.nacos.shaded.io.grpc.protobuf.lite.ProtoLiteUtils$MessageMarshaller@207d530a, schemaDescriptor=com.alibaba.nacos.api.grpc.auto.RequestGrpc$RequestMethodDescriptorSupplier@155ba0e6}}}}}]]
	at com.alibaba.nacos.shaded.com.google.common.util.concurrent.AbstractFuture.get(AbstractFuture.java:508) ~[nacos-client-2.0.4.jar:na]
	at com.alibaba.nacos.common.remote.client.grpc.GrpcClient.serverCheck(GrpcClient.java:148) ~[nacos-client-2.0.4.jar:na]
	at com.alibaba.nacos.common.remote.client.grpc.GrpcClient.connectToServer(GrpcClient.java:264) ~[nacos-client-2.0.4.jar:na]
	at com.alibaba.nacos.common.remote.client.RpcClient.reconnect(RpcClient.java:522) ~[nacos-client-2.0.4.jar:na]
	at com.alibaba.nacos.common.remote.client.RpcClient.lambda$start$2(RpcClient.java:370) ~[nacos-client-2.0.4.jar:na]
	at java.base/java.util.concurrent.Executors$RunnableAdapter.call(Executors.java:515) ~[na:na]
	at java.base/java.util.concurrent.FutureTask.run(FutureTask.java:264) ~[na:na]
	at java.base/java.util.concurrent.ScheduledThreadPoolExecutor$ScheduledFutureTask.run(ScheduledThreadPoolExecutor.java:304) ~[na:na]
	at java.base/java.util.concurrent.ThreadPoolExecutor.runWorker(ThreadPoolExecutor.java:1128) ~[na:na]
	at java.base/java.util.concurrent.ThreadPoolExecutor$Worker.run(ThreadPoolExecutor.java:628) ~[na:na]
	at java.base/java.lang.Thread.run(Thread.java:834) ~[na:na]

17:45:11:073 ERROR 29744 --- [com.alibaba.nacos.client.remote.worker] c.a.n.c.remote.client.grpc.GrpcClient    : Server check fail, please check server 192.168.88.130 ,port 9848 is available , error ={}

java.util.concurrent.TimeoutException: Waited 3000 milliseconds (plus 13 milliseconds, 691700 nanoseconds delay) for com.alibaba.nacos.shaded.io.grpc.stub.ClientCalls$GrpcFuture@70a89973[status=PENDING, info=[GrpcFuture{clientCall={delegate={delegate=ClientCallImpl{method=MethodDescriptor{fullMethodName=Request/request, type=UNARY, idempotent=false, safe=false, sampledToLocalTracing=true, requestMarshaller=com.alibaba.nacos.shaded.io.grpc.protobuf.lite.ProtoLiteUtils$MessageMarshaller@182af44c, responseMarshaller=com.alibaba.nacos.shaded.io.grpc.protobuf.lite.ProtoLiteUtils$MessageMarshaller@207d530a, schemaDescriptor=com.alibaba.nacos.api.grpc.auto.RequestGrpc$RequestMethodDescriptorSupplier@155ba0e6}}}}}]]
	at com.alibaba.nacos.shaded.com.google.common.util.concurrent.AbstractFuture.get(AbstractFuture.java:508) ~[nacos-client-2.0.4.jar:na]
	at com.alibaba.nacos.common.remote.client.grpc.GrpcClient.serverCheck(GrpcClient.java:148) ~[nacos-client-2.0.4.jar:na]
	at com.alibaba.nacos.common.remote.client.grpc.GrpcClient.connectToServer(GrpcClient.java:264) ~[nacos-client-2.0.4.jar:na]
	at com.alibaba.nacos.common.remote.client.RpcClient.reconnect(RpcClient.java:522) ~[nacos-client-2.0.4.jar:na]
	at com.alibaba.nacos.common.remote.client.RpcClient.lambda$start$2(RpcClient.java:370) ~[nacos-client-2.0.4.jar:na]
	at java.base/java.util.concurrent.Executors$RunnableAdapter.call(Executors.java:515) ~[na:na]
	at java.base/java.util.concurrent.FutureTask.run(FutureTask.java:264) ~[na:na]
	at java.base/java.util.concurrent.ScheduledThreadPoolExecutor$ScheduledFutureTask.run(ScheduledThreadPoolExecutor.java:304) ~[na:na]
	at java.base/java.util.concurrent.ThreadPoolExecutor.runWorker(ThreadPoolExecutor.java:1128) ~[na:na]
	at java.base/java.util.concurrent.ThreadPoolExecutor$Worker.run(ThreadPoolExecutor.java:628) ~[na:na]
	at java.base/java.lang.Thread.run(Thread.java:834) ~[na:na]

17:45:13:711 ERROR 29744 --- [com.alibaba.nacos.client.remote.worker] c.a.n.c.remote.client.grpc.GrpcClient    : Server check fail, please check server 192.168.88.130 ,port 9848 is available , error ={}

java.util.concurrent.TimeoutException: Waited 3000 milliseconds (plus 11 milliseconds, 204300 nanoseconds delay) for com.alibaba.nacos.shaded.io.grpc.stub.ClientCalls$GrpcFuture@32b2ed64[status=PENDING, info=[GrpcFuture{clientCall={delegate={delegate=ClientCallImpl{method=MethodDescriptor{fullMethodName=Request/request, type=UNARY, idempotent=false, safe=false, sampledToLocalTracing=true, requestMarshaller=com.alibaba.nacos.shaded.io.grpc.protobuf.lite.ProtoLiteUtils$MessageMarshaller@182af44c, responseMarshaller=com.alibaba.nacos.shaded.io.grpc.protobuf.lite.ProtoLiteUtils$MessageMarshaller@207d530a, schemaDescriptor=com.alibaba.nacos.api.grpc.auto.RequestGrpc$RequestMethodDescriptorSupplier@155ba0e6}}}}}]]
	at com.alibaba.nacos.shaded.com.google.common.util.concurrent.AbstractFuture.get(AbstractFuture.java:508) ~[nacos-client-2.0.4.jar:na]
	at com.alibaba.nacos.common.remote.client.grpc.GrpcClient.serverCheck(GrpcClient.java:148) ~[nacos-client-2.0.4.jar:na]
	at com.alibaba.nacos.common.remote.client.grpc.GrpcClient.connectToServer(GrpcClient.java:264) ~[nacos-client-2.0.4.jar:na]
	at com.alibaba.nacos.common.remote.client.RpcClient.reconnect(RpcClient.java:522) ~[nacos-client-2.0.4.jar:na]
	at com.alibaba.nacos.common.remote.client.RpcClient.lambda$start$2(RpcClient.java:370) ~[nacos-client-2.0.4.jar:na]
	at java.base/java.util.concurrent.Executors$RunnableAdapter.call(Executors.java:515) ~[na:na]
	at java.base/java.util.concurrent.FutureTask.run(FutureTask.java:264) ~[na:na]
	at java.base/java.util.concurrent.ScheduledThreadPoolExecutor$ScheduledFutureTask.run(ScheduledThreadPoolExecutor.java:304) ~[na:na]
	at java.base/java.util.concurrent.ThreadPoolExecutor.runWorker(ThreadPoolExecutor.java:1128) ~[na:na]
	at java.base/java.util.concurrent.ThreadPoolExecutor$Worker.run(ThreadPoolExecutor.java:628) ~[na:na]
	at java.base/java.lang.Thread.run(Thread.java:834) ~[na:na]

17:45:13:712  INFO 29744 --- [com.alibaba.nacos.client.remote.worker] com.alibaba.nacos.common.remote.client   : [50fbf9cc-dded-4d9f-9021-98f7641a2e4c_config-0] Fail to connect server, after trying 1 times, last try server is {serverIp = '192.168.88.130', server main port = 8848}, error = unknown
17:45:14:085  INFO 29744 --- [com.alibaba.nacos.client.remote.worker] com.alibaba.nacos.common.remote.client   : [e2a90a3e-8531-4154-b3af-e914c5f391f4] Success to connect a server [192.168.88.130:8848], connectionId = 1723542314362_192.168.88.1_22174
17:45:14:085  INFO 29744 --- [com.alibaba.nacos.client.remote.worker] com.alibaba.nacos.common.remote.client   : [e2a90a3e-8531-4154-b3af-e914c5f391f4] Abandon prev connection, server is 192.168.88.130:8848, connectionId is 1723542284362_192.168.88.1_21966
17:45:14:085  INFO 29744 --- [com.alibaba.nacos.client.remote.worker] com.alibaba.nacos.common.remote.client   : Close current connection 1723542284362_192.168.88.1_21966
17:45:14:086  INFO 29744 --- [com.alibaba.nacos.client.remote.worker] com.alibaba.nacos.common.remote.client   : [e2a90a3e-8531-4154-b3af-e914c5f391f4] Notify disconnected event to listeners
17:45:14:088  WARN 29744 --- [nacos-grpc-client-executor-20] c.a.n.c.remote.client.grpc.GrpcClient    : [1723542284362_192.168.88.1_21966]Ignore error event,isRunning:true,isAbandon=true
17:45:14:088  INFO 29744 --- [com.alibaba.nacos.client.remote.worker] com.alibaba.nacos.common.remote.client   : [e2a90a3e-8531-4154-b3af-e914c5f391f4] Notify connected event to listeners.
17:45:14:177  INFO 29744 --- [com.alibaba.nacos.client.remote.worker] com.alibaba.nacos.common.remote.client   : [50fbf9cc-dded-4d9f-9021-98f7641a2e4c_config-0] Success to connect a server [192.168.88.130:8848], connectionId = 1723542314952_192.168.88.1_22183
17:45:14:177  INFO 29744 --- [com.alibaba.nacos.client.remote.worker] com.alibaba.nacos.common.remote.client   : [50fbf9cc-dded-4d9f-9021-98f7641a2e4c_config-0] Abandon prev connection, server is 192.168.88.130:8848, connectionId is 1723542277022_192.168.88.1_21867
17:45:14:178  INFO 29744 --- [com.alibaba.nacos.client.remote.worker] com.alibaba.nacos.common.remote.client   : Close current connection 1723542277022_192.168.88.1_21867
17:45:14:179  INFO 29744 --- [com.alibaba.nacos.client.remote.worker] com.alibaba.nacos.common.remote.client   : [50fbf9cc-dded-4d9f-9021-98f7641a2e4c_config-0] Notify disconnected event to listeners
17:45:14:180  INFO 29744 --- [com.alibaba.nacos.client.remote.worker] com.alibaba.nacos.common.remote.client   : [50fbf9cc-dded-4d9f-9021-98f7641a2e4c_config-0] Notify connected event to listeners.
17:45:14:182  WARN 29744 --- [nacos-grpc-client-executor-32] c.a.n.c.remote.client.grpc.GrpcClient    : [1723542277022_192.168.88.1_21867]Ignore error event,isRunning:true,isAbandon=true
17:45:17:058  INFO 29744 --- [nacos-grpc-client-executor-24] com.alibaba.nacos.common.remote.client   : [e2a90a3e-8531-4154-b3af-e914c5f391f4] Receive server push request, request = NotifySubscriberRequest, requestId = 1727
17:45:17:058  INFO 29744 --- [nacos-grpc-client-executor-24] com.alibaba.nacos.common.remote.client   : [e2a90a3e-8531-4154-b3af-e914c5f391f4] Ack server push request, request = NotifySubscriberRequest, requestId = 1727
17:47:26:481  INFO 29744 --- [nacos-grpc-client-executor-57] com.alibaba.nacos.common.remote.client   : [e2a90a3e-8531-4154-b3af-e914c5f391f4] Receive server push request, request = NotifySubscriberRequest, requestId = 1733
17:47:26:482  INFO 29744 --- [nacos-grpc-client-executor-57] com.alibaba.nacos.common.remote.client   : [e2a90a3e-8531-4154-b3af-e914c5f391f4] Ack server push request, request = NotifySubscriberRequest, requestId = 1733
17:47:29:806  INFO 29744 --- [nacos-grpc-client-executor-61] com.alibaba.nacos.common.remote.client   : [e2a90a3e-8531-4154-b3af-e914c5f391f4] Receive server push request, request = NotifySubscriberRequest, requestId = 1734
17:47:29:807  INFO 29744 --- [nacos-grpc-client-executor-61] com.alibaba.nacos.common.remote.client   : [e2a90a3e-8531-4154-b3af-e914c5f391f4] Ack server push request, request = NotifySubscriberRequest, requestId = 1734
17:47:38:603  INFO 29744 --- [nacos-grpc-client-executor-64] com.alibaba.nacos.common.remote.client   : [e2a90a3e-8531-4154-b3af-e914c5f391f4] Receive server push request, request = NotifySubscriberRequest, requestId = 1736
17:47:38:608  INFO 29744 --- [nacos-grpc-client-executor-64] com.alibaba.nacos.common.remote.client   : [e2a90a3e-8531-4154-b3af-e914c5f391f4] Ack server push request, request = NotifySubscriberRequest, requestId = 1736
17:47:54:567  INFO 29744 --- [nacos-grpc-client-executor-71] com.alibaba.nacos.common.remote.client   : [e2a90a3e-8531-4154-b3af-e914c5f391f4] Receive server push request, request = NotifySubscriberRequest, requestId = 1737
17:47:54:568  INFO 29744 --- [nacos-grpc-client-executor-71] com.alibaba.nacos.common.remote.client   : [e2a90a3e-8531-4154-b3af-e914c5f391f4] Ack server push request, request = NotifySubscriberRequest, requestId = 1737
17:48:06:948  INFO 29744 --- [nacos-grpc-client-executor-76] com.alibaba.nacos.common.remote.client   : [e2a90a3e-8531-4154-b3af-e914c5f391f4] Receive server push request, request = NotifySubscriberRequest, requestId = 1739
17:48:06:949  INFO 29744 --- [nacos-grpc-client-executor-76] com.alibaba.nacos.common.remote.client   : [e2a90a3e-8531-4154-b3af-e914c5f391f4] Ack server push request, request = NotifySubscriberRequest, requestId = 1739
17:59:12:641  INFO 29744 --- [nacos-grpc-client-executor-249] com.alibaba.nacos.common.remote.client   : [e2a90a3e-8531-4154-b3af-e914c5f391f4] Receive server push request, request = NotifySubscriberRequest, requestId = 1743
17:59:12:647  INFO 29744 --- [nacos-grpc-client-executor-249] com.alibaba.nacos.common.remote.client   : [e2a90a3e-8531-4154-b3af-e914c5f391f4] Ack server push request, request = NotifySubscriberRequest, requestId = 1743
17:59:13:245  INFO 29744 --- [nacos-grpc-client-executor-250] com.alibaba.nacos.common.remote.client   : [e2a90a3e-8531-4154-b3af-e914c5f391f4] Receive server push request, request = NotifySubscriberRequest, requestId = 1746
17:59:13:246  INFO 29744 --- [nacos-grpc-client-executor-250] com.alibaba.nacos.common.remote.client   : [e2a90a3e-8531-4154-b3af-e914c5f391f4] Ack server push request, request = NotifySubscriberRequest, requestId = 1746
18:04:23:056  INFO 29744 --- [nacos-grpc-client-executor-332] com.alibaba.nacos.common.remote.client   : [e2a90a3e-8531-4154-b3af-e914c5f391f4] Receive server push request, request = NotifySubscriberRequest, requestId = 1750
18:04:23:057  INFO 29744 --- [nacos-grpc-client-executor-332] com.alibaba.nacos.common.remote.client   : [e2a90a3e-8531-4154-b3af-e914c5f391f4] Ack server push request, request = NotifySubscriberRequest, requestId = 1750
18:04:44:240  INFO 29744 --- [nacos-grpc-client-executor-337] com.alibaba.nacos.common.remote.client   : [e2a90a3e-8531-4154-b3af-e914c5f391f4] Receive server push request, request = NotifySubscriberRequest, requestId = 1752
18:04:44:241  INFO 29744 --- [nacos-grpc-client-executor-337] com.alibaba.nacos.common.remote.client   : [e2a90a3e-8531-4154-b3af-e914c5f391f4] Ack server push request, request = NotifySubscriberRequest, requestId = 1752
18:12:49:194  INFO 29744 --- [nacos-grpc-client-executor-465] com.alibaba.nacos.common.remote.client   : [e2a90a3e-8531-4154-b3af-e914c5f391f4] Receive server push request, request = NotifySubscriberRequest, requestId = 1756
18:12:49:197  INFO 29744 --- [nacos-grpc-client-executor-465] com.alibaba.nacos.common.remote.client   : [e2a90a3e-8531-4154-b3af-e914c5f391f4] Ack server push request, request = NotifySubscriberRequest, requestId = 1756
18:13:05:229  INFO 29744 --- [nacos-grpc-client-executor-469] com.alibaba.nacos.common.remote.client   : [e2a90a3e-8531-4154-b3af-e914c5f391f4] Receive server push request, request = NotifySubscriberRequest, requestId = 1758
18:13:05:231  INFO 29744 --- [nacos-grpc-client-executor-469] com.alibaba.nacos.common.remote.client   : [e2a90a3e-8531-4154-b3af-e914c5f391f4] Ack server push request, request = NotifySubscriberRequest, requestId = 1758
18:14:18:344  INFO 29744 --- [nacos-grpc-client-executor-487] com.alibaba.nacos.common.remote.client   : [e2a90a3e-8531-4154-b3af-e914c5f391f4] Receive server push request, request = NotifySubscriberRequest, requestId = 1764
18:14:18:345  INFO 29744 --- [nacos-grpc-client-executor-487] com.alibaba.nacos.common.remote.client   : [e2a90a3e-8531-4154-b3af-e914c5f391f4] Ack server push request, request = NotifySubscriberRequest, requestId = 1764
18:14:42:046  INFO 29744 --- [com.alibaba.nacos.client.remote.worker] com.alibaba.nacos.common.remote.client   : [e2a90a3e-8531-4154-b3af-e914c5f391f4] Server healthy check fail, currentConnection = 1723542314362_192.168.88.1_22174
18:14:42:046  INFO 29744 --- [com.alibaba.nacos.client.remote.worker] com.alibaba.nacos.common.remote.client   : [e2a90a3e-8531-4154-b3af-e914c5f391f4] Try to reconnect to a new server, server is  not appointed, will choose a random server.
18:14:42:495 ERROR 29744 --- [com.alibaba.nacos.client.naming.updater.2] com.alibaba.nacos.common.remote.client   : Send request fail, request = ServiceQueryRequest{headers={}, requestId='null'}, retryTimes = 0, errorMessage = java.util.concurrent.TimeoutException: Waited 3000 milliseconds (plus 11 milliseconds, 911000 nanoseconds delay) for com.alibaba.nacos.shaded.io.grpc.stub.ClientCalls$GrpcFuture@2d1e69aa[status=PENDING, info=[GrpcFuture{clientCall={delegate={delegate=ClientCallImpl{method=MethodDescriptor{fullMethodName=Request/request, type=UNARY, idempotent=false, safe=false, sampledToLocalTracing=true, requestMarshaller=com.alibaba.nacos.shaded.io.grpc.protobuf.lite.ProtoLiteUtils$MessageMarshaller@182af44c, responseMarshaller=com.alibaba.nacos.shaded.io.grpc.protobuf.lite.ProtoLiteUtils$MessageMarshaller@207d530a, schemaDescriptor=com.alibaba.nacos.api.grpc.auto.RequestGrpc$RequestMethodDescriptorSupplier@155ba0e6}}}}}]]
18:14:43:686  INFO 29744 --- [com.alibaba.nacos.client.remote.worker] com.alibaba.nacos.common.remote.client   : [e2a90a3e-8531-4154-b3af-e914c5f391f4] Success to connect a server [192.168.88.130:8848], connectionId = 1723544084400_192.168.88.1_25765
18:14:43:687  INFO 29744 --- [com.alibaba.nacos.client.remote.worker] com.alibaba.nacos.common.remote.client   : [e2a90a3e-8531-4154-b3af-e914c5f391f4] Abandon prev connection, server is 192.168.88.130:8848, connectionId is 1723542314362_192.168.88.1_22174
18:14:43:687  INFO 29744 --- [com.alibaba.nacos.client.remote.worker] com.alibaba.nacos.common.remote.client   : Close current connection 1723542314362_192.168.88.1_22174
18:14:43:688  INFO 29744 --- [com.alibaba.nacos.client.remote.worker] com.alibaba.nacos.common.remote.client   : [e2a90a3e-8531-4154-b3af-e914c5f391f4] Notify disconnected event to listeners
18:14:43:690  INFO 29744 --- [com.alibaba.nacos.client.remote.worker] com.alibaba.nacos.common.remote.client   : [e2a90a3e-8531-4154-b3af-e914c5f391f4] Notify connected event to listeners.
18:14:43:690  WARN 29744 --- [nacos-grpc-client-executor-497] c.a.n.c.remote.client.grpc.GrpcClient    : [1723542314362_192.168.88.1_22174]Ignore error event,isRunning:true,isAbandon=true
18:14:45:766  INFO 29744 --- [nacos-grpc-client-executor-507] com.alibaba.nacos.common.remote.client   : [e2a90a3e-8531-4154-b3af-e914c5f391f4] Receive server push request, request = NotifySubscriberRequest, requestId = 1766
18:14:45:766  INFO 29744 --- [nacos-grpc-client-executor-507] com.alibaba.nacos.common.remote.client   : [e2a90a3e-8531-4154-b3af-e914c5f391f4] Ack server push request, request = NotifySubscriberRequest, requestId = 1766
18:14:45:769  INFO 29744 --- [nacos-grpc-client-executor-508] com.alibaba.nacos.common.remote.client   : [e2a90a3e-8531-4154-b3af-e914c5f391f4] Receive server push request, request = NotifySubscriberRequest, requestId = 1768
18:14:45:770  INFO 29744 --- [nacos-grpc-client-executor-508] com.alibaba.nacos.common.remote.client   : [e2a90a3e-8531-4154-b3af-e914c5f391f4] Ack server push request, request = NotifySubscriberRequest, requestId = 1768
18:14:45:863  INFO 29744 --- [nacos-grpc-client-executor-509] com.alibaba.nacos.common.remote.client   : [e2a90a3e-8531-4154-b3af-e914c5f391f4] Receive server push request, request = NotifySubscriberRequest, requestId = 1770
18:14:45:864  INFO 29744 --- [nacos-grpc-client-executor-509] com.alibaba.nacos.common.remote.client   : [e2a90a3e-8531-4154-b3af-e914c5f391f4] Ack server push request, request = NotifySubscriberRequest, requestId = 1770
18:14:45:867  INFO 29744 --- [nacos-grpc-client-executor-510] com.alibaba.nacos.common.remote.client   : [e2a90a3e-8531-4154-b3af-e914c5f391f4] Receive server push request, request = NotifySubscriberRequest, requestId = 1771
18:14:45:869  INFO 29744 --- [nacos-grpc-client-executor-510] com.alibaba.nacos.common.remote.client   : [e2a90a3e-8531-4154-b3af-e914c5f391f4] Ack server push request, request = NotifySubscriberRequest, requestId = 1771
18:14:45:871  INFO 29744 --- [nacos-grpc-client-executor-511] com.alibaba.nacos.common.remote.client   : [e2a90a3e-8531-4154-b3af-e914c5f391f4] Receive server push request, request = NotifySubscriberRequest, requestId = 1773
18:14:45:871  INFO 29744 --- [nacos-grpc-client-executor-511] com.alibaba.nacos.common.remote.client   : [e2a90a3e-8531-4154-b3af-e914c5f391f4] Ack server push request, request = NotifySubscriberRequest, requestId = 1773
18:14:45:874  INFO 29744 --- [nacos-grpc-client-executor-512] com.alibaba.nacos.common.remote.client   : [e2a90a3e-8531-4154-b3af-e914c5f391f4] Receive server push request, request = NotifySubscriberRequest, requestId = 1774
18:14:45:874  INFO 29744 --- [nacos-grpc-client-executor-512] com.alibaba.nacos.common.remote.client   : [e2a90a3e-8531-4154-b3af-e914c5f391f4] Ack server push request, request = NotifySubscriberRequest, requestId = 1774
18:14:46:441  INFO 29744 --- [nacos-grpc-client-executor-513] com.alibaba.nacos.common.remote.client   : [e2a90a3e-8531-4154-b3af-e914c5f391f4] Receive server push request, request = NotifySubscriberRequest, requestId = 1776
18:14:46:442  INFO 29744 --- [nacos-grpc-client-executor-513] com.alibaba.nacos.common.remote.client   : [e2a90a3e-8531-4154-b3af-e914c5f391f4] Ack server push request, request = NotifySubscriberRequest, requestId = 1776
18:14:47:144  INFO 29744 --- [nacos-grpc-client-executor-514] com.alibaba.nacos.common.remote.client   : [e2a90a3e-8531-4154-b3af-e914c5f391f4] Receive server push request, request = NotifySubscriberRequest, requestId = 1779
18:14:47:145  INFO 29744 --- [nacos-grpc-client-executor-514] com.alibaba.nacos.common.remote.client   : [e2a90a3e-8531-4154-b3af-e914c5f391f4] Ack server push request, request = NotifySubscriberRequest, requestId = 1779
18:26:30:868  INFO 29744 --- [nacos-grpc-client-executor-711] com.alibaba.nacos.common.remote.client   : [e2a90a3e-8531-4154-b3af-e914c5f391f4] Receive server push request, request = NotifySubscriberRequest, requestId = 1783
18:26:30:875  INFO 29744 --- [nacos-grpc-client-executor-711] com.alibaba.nacos.common.remote.client   : [e2a90a3e-8531-4154-b3af-e914c5f391f4] Ack server push request, request = NotifySubscriberRequest, requestId = 1783
18:38:02:669  INFO 29744 --- [nacos-grpc-client-executor-896] com.alibaba.nacos.common.remote.client   : [e2a90a3e-8531-4154-b3af-e914c5f391f4] Receive server push request, request = NotifySubscriberRequest, requestId = 1786
18:38:02:674  INFO 29744 --- [nacos-grpc-client-executor-896] com.alibaba.nacos.common.remote.client   : [e2a90a3e-8531-4154-b3af-e914c5f391f4] Ack server push request, request = NotifySubscriberRequest, requestId = 1786
18:38:22:784  INFO 29744 --- [nacos-grpc-client-executor-901] com.alibaba.nacos.common.remote.client   : [e2a90a3e-8531-4154-b3af-e914c5f391f4] Receive server push request, request = NotifySubscriberRequest, requestId = 1789
18:38:22:785  INFO 29744 --- [nacos-grpc-client-executor-901] com.alibaba.nacos.common.remote.client   : [e2a90a3e-8531-4154-b3af-e914c5f391f4] Ack server push request, request = NotifySubscriberRequest, requestId = 1789
18:40:16:125  INFO 29744 --- [nacos-grpc-client-executor-934] com.alibaba.nacos.common.remote.client   : [e2a90a3e-8531-4154-b3af-e914c5f391f4] Receive server push request, request = NotifySubscriberRequest, requestId = 1798
18:40:16:126  INFO 29744 --- [nacos-grpc-client-executor-934] com.alibaba.nacos.common.remote.client   : [e2a90a3e-8531-4154-b3af-e914c5f391f4] Ack server push request, request = NotifySubscriberRequest, requestId = 1798
18:42:15:912  INFO 29744 --- [nacos-grpc-client-executor-966] com.alibaba.nacos.common.remote.client   : [e2a90a3e-8531-4154-b3af-e914c5f391f4] Receive server push request, request = NotifySubscriberRequest, requestId = 1801
18:42:15:915  INFO 29744 --- [nacos-grpc-client-executor-966] com.alibaba.nacos.common.remote.client   : [e2a90a3e-8531-4154-b3af-e914c5f391f4] Ack server push request, request = NotifySubscriberRequest, requestId = 1801
18:46:01:157  INFO 29744 --- [nacos-grpc-client-executor-1027] com.alibaba.nacos.common.remote.client   : [e2a90a3e-8531-4154-b3af-e914c5f391f4] Receive server push request, request = NotifySubscriberRequest, requestId = 1807
18:46:01:158  INFO 29744 --- [nacos-grpc-client-executor-1027] com.alibaba.nacos.common.remote.client   : [e2a90a3e-8531-4154-b3af-e914c5f391f4] Ack server push request, request = NotifySubscriberRequest, requestId = 1807
18:46:48:375  INFO 29744 --- [nacos-grpc-client-executor-1041] com.alibaba.nacos.common.remote.client   : [e2a90a3e-8531-4154-b3af-e914c5f391f4] Receive server push request, request = NotifySubscriberRequest, requestId = 1809
18:46:48:377  INFO 29744 --- [nacos-grpc-client-executor-1041] com.alibaba.nacos.common.remote.client   : [e2a90a3e-8531-4154-b3af-e914c5f391f4] Ack server push request, request = NotifySubscriberRequest, requestId = 1809
18:47:11:457  INFO 29744 --- [nacos-grpc-client-executor-1046] com.alibaba.nacos.common.remote.client   : [e2a90a3e-8531-4154-b3af-e914c5f391f4] Receive server push request, request = NotifySubscriberRequest, requestId = 1812
18:47:11:458  INFO 29744 --- [nacos-grpc-client-executor-1046] com.alibaba.nacos.common.remote.client   : [e2a90a3e-8531-4154-b3af-e914c5f391f4] Ack server push request, request = NotifySubscriberRequest, requestId = 1812
18:48:17:437  INFO 29744 --- [nacos-grpc-client-executor-1066] com.alibaba.nacos.common.remote.client   : [e2a90a3e-8531-4154-b3af-e914c5f391f4] Receive server push request, request = NotifySubscriberRequest, requestId = 1818
18:48:17:438  INFO 29744 --- [nacos-grpc-client-executor-1066] com.alibaba.nacos.common.remote.client   : [e2a90a3e-8531-4154-b3af-e914c5f391f4] Ack server push request, request = NotifySubscriberRequest, requestId = 1818
18:57:10:542  INFO 29744 --- [com.alibaba.nacos.client.remote.worker] com.alibaba.nacos.common.remote.client   : [50fbf9cc-dded-4d9f-9021-98f7641a2e4c_config-0] Server healthy check fail, currentConnection = 1723542314952_192.168.88.1_22183
18:57:10:544  INFO 29744 --- [com.alibaba.nacos.client.remote.worker] com.alibaba.nacos.common.remote.client   : [50fbf9cc-dded-4d9f-9021-98f7641a2e4c_config-0] Try to reconnect to a new server, server is  not appointed, will choose a random server.
18:57:12:189  INFO 29744 --- [com.alibaba.nacos.client.remote.worker] com.alibaba.nacos.common.remote.client   : [e2a90a3e-8531-4154-b3af-e914c5f391f4] Server healthy check fail, currentConnection = 1723544084400_192.168.88.1_25765
18:57:12:189  INFO 29744 --- [com.alibaba.nacos.client.remote.worker] com.alibaba.nacos.common.remote.client   : [e2a90a3e-8531-4154-b3af-e914c5f391f4] Try to reconnect to a new server, server is  not appointed, will choose a random server.
18:57:13:587 ERROR 29744 --- [com.alibaba.nacos.client.remote.worker] c.a.n.c.remote.client.grpc.GrpcClient    : Server check fail, please check server 192.168.88.130 ,port 9848 is available , error ={}

java.util.concurrent.TimeoutException: Waited 3000 milliseconds (plus 11 milliseconds, 978900 nanoseconds delay) for com.alibaba.nacos.shaded.io.grpc.stub.ClientCalls$GrpcFuture@71ea3cd5[status=PENDING, info=[GrpcFuture{clientCall={delegate={delegate=ClientCallImpl{method=MethodDescriptor{fullMethodName=Request/request, type=UNARY, idempotent=false, safe=false, sampledToLocalTracing=true, requestMarshaller=com.alibaba.nacos.shaded.io.grpc.protobuf.lite.ProtoLiteUtils$MessageMarshaller@182af44c, responseMarshaller=com.alibaba.nacos.shaded.io.grpc.protobuf.lite.ProtoLiteUtils$MessageMarshaller@207d530a, schemaDescriptor=com.alibaba.nacos.api.grpc.auto.RequestGrpc$RequestMethodDescriptorSupplier@155ba0e6}}}}}]]
	at com.alibaba.nacos.shaded.com.google.common.util.concurrent.AbstractFuture.get(AbstractFuture.java:508) ~[nacos-client-2.0.4.jar:na]
	at com.alibaba.nacos.common.remote.client.grpc.GrpcClient.serverCheck(GrpcClient.java:148) ~[nacos-client-2.0.4.jar:na]
	at com.alibaba.nacos.common.remote.client.grpc.GrpcClient.connectToServer(GrpcClient.java:264) ~[nacos-client-2.0.4.jar:na]
	at com.alibaba.nacos.common.remote.client.RpcClient.reconnect(RpcClient.java:522) ~[nacos-client-2.0.4.jar:na]
	at com.alibaba.nacos.common.remote.client.RpcClient.lambda$start$2(RpcClient.java:370) ~[nacos-client-2.0.4.jar:na]
	at java.base/java.util.concurrent.Executors$RunnableAdapter.call(Executors.java:515) ~[na:na]
	at java.base/java.util.concurrent.FutureTask.run(FutureTask.java:264) ~[na:na]
	at java.base/java.util.concurrent.ScheduledThreadPoolExecutor$ScheduledFutureTask.run(ScheduledThreadPoolExecutor.java:304) ~[na:na]
	at java.base/java.util.concurrent.ThreadPoolExecutor.runWorker(ThreadPoolExecutor.java:1128) ~[na:na]
	at java.base/java.util.concurrent.ThreadPoolExecutor$Worker.run(ThreadPoolExecutor.java:628) ~[na:na]
	at java.base/java.lang.Thread.run(Thread.java:834) ~[na:na]

18:57:15:194 ERROR 29744 --- [com.alibaba.nacos.client.remote.worker] c.a.n.c.remote.client.grpc.GrpcClient    : Server check fail, please check server 192.168.88.130 ,port 9848 is available , error ={}

java.util.concurrent.TimeoutException: Waited 3000 milliseconds (plus 2 milliseconds, 215700 nanoseconds delay) for com.alibaba.nacos.shaded.io.grpc.stub.ClientCalls$GrpcFuture@497e65e7[status=PENDING, info=[GrpcFuture{clientCall={delegate={delegate=ClientCallImpl{method=MethodDescriptor{fullMethodName=Request/request, type=UNARY, idempotent=false, safe=false, sampledToLocalTracing=true, requestMarshaller=com.alibaba.nacos.shaded.io.grpc.protobuf.lite.ProtoLiteUtils$MessageMarshaller@182af44c, responseMarshaller=com.alibaba.nacos.shaded.io.grpc.protobuf.lite.ProtoLiteUtils$MessageMarshaller@207d530a, schemaDescriptor=com.alibaba.nacos.api.grpc.auto.RequestGrpc$RequestMethodDescriptorSupplier@155ba0e6}}}}}]]
	at com.alibaba.nacos.shaded.com.google.common.util.concurrent.AbstractFuture.get(AbstractFuture.java:508) ~[nacos-client-2.0.4.jar:na]
	at com.alibaba.nacos.common.remote.client.grpc.GrpcClient.serverCheck(GrpcClient.java:148) ~[nacos-client-2.0.4.jar:na]
	at com.alibaba.nacos.common.remote.client.grpc.GrpcClient.connectToServer(GrpcClient.java:264) ~[nacos-client-2.0.4.jar:na]
	at com.alibaba.nacos.common.remote.client.RpcClient.reconnect(RpcClient.java:522) ~[nacos-client-2.0.4.jar:na]
	at com.alibaba.nacos.common.remote.client.RpcClient.lambda$start$2(RpcClient.java:370) ~[nacos-client-2.0.4.jar:na]
	at java.base/java.util.concurrent.Executors$RunnableAdapter.call(Executors.java:515) ~[na:na]
	at java.base/java.util.concurrent.FutureTask.run(FutureTask.java:264) ~[na:na]
	at java.base/java.util.concurrent.ScheduledThreadPoolExecutor$ScheduledFutureTask.run(ScheduledThreadPoolExecutor.java:304) ~[na:na]
	at java.base/java.util.concurrent.ThreadPoolExecutor.runWorker(ThreadPoolExecutor.java:1128) ~[na:na]
	at java.base/java.util.concurrent.ThreadPoolExecutor$Worker.run(ThreadPoolExecutor.java:628) ~[na:na]
	at java.base/java.lang.Thread.run(Thread.java:834) ~[na:na]

18:57:16:710 ERROR 29744 --- [com.alibaba.nacos.client.remote.worker] c.a.n.c.remote.client.grpc.GrpcClient    : Server check fail, please check server 192.168.88.130 ,port 9848 is available , error ={}

java.util.concurrent.TimeoutException: Waited 3000 milliseconds (plus 8 milliseconds, 63100 nanoseconds delay) for com.alibaba.nacos.shaded.io.grpc.stub.ClientCalls$GrpcFuture@38074833[status=PENDING, info=[GrpcFuture{clientCall={delegate={delegate=ClientCallImpl{method=MethodDescriptor{fullMethodName=Request/request, type=UNARY, idempotent=false, safe=false, sampledToLocalTracing=true, requestMarshaller=com.alibaba.nacos.shaded.io.grpc.protobuf.lite.ProtoLiteUtils$MessageMarshaller@182af44c, responseMarshaller=com.alibaba.nacos.shaded.io.grpc.protobuf.lite.ProtoLiteUtils$MessageMarshaller@207d530a, schemaDescriptor=com.alibaba.nacos.api.grpc.auto.RequestGrpc$RequestMethodDescriptorSupplier@155ba0e6}}}}}]]
	at com.alibaba.nacos.shaded.com.google.common.util.concurrent.AbstractFuture.get(AbstractFuture.java:508) ~[nacos-client-2.0.4.jar:na]
	at com.alibaba.nacos.common.remote.client.grpc.GrpcClient.serverCheck(GrpcClient.java:148) ~[nacos-client-2.0.4.jar:na]
	at com.alibaba.nacos.common.remote.client.grpc.GrpcClient.connectToServer(GrpcClient.java:264) ~[nacos-client-2.0.4.jar:na]
	at com.alibaba.nacos.common.remote.client.RpcClient.reconnect(RpcClient.java:522) ~[nacos-client-2.0.4.jar:na]
	at com.alibaba.nacos.common.remote.client.RpcClient.lambda$start$2(RpcClient.java:370) ~[nacos-client-2.0.4.jar:na]
	at java.base/java.util.concurrent.Executors$RunnableAdapter.call(Executors.java:515) ~[na:na]
	at java.base/java.util.concurrent.FutureTask.run(FutureTask.java:264) ~[na:na]
	at java.base/java.util.concurrent.ScheduledThreadPoolExecutor$ScheduledFutureTask.run(ScheduledThreadPoolExecutor.java:304) ~[na:na]
	at java.base/java.util.concurrent.ThreadPoolExecutor.runWorker(ThreadPoolExecutor.java:1128) ~[na:na]
	at java.base/java.util.concurrent.ThreadPoolExecutor$Worker.run(ThreadPoolExecutor.java:628) ~[na:na]
	at java.base/java.lang.Thread.run(Thread.java:834) ~[na:na]

18:57:16:711  INFO 29744 --- [com.alibaba.nacos.client.remote.worker] com.alibaba.nacos.common.remote.client   : [50fbf9cc-dded-4d9f-9021-98f7641a2e4c_config-0] Fail to connect server, after trying 1 times, last try server is {serverIp = '192.168.88.130', server main port = 8848}, error = unknown
18:57:18:310 ERROR 29744 --- [com.alibaba.nacos.client.remote.worker] c.a.n.c.remote.client.grpc.GrpcClient    : Server check fail, please check server 192.168.88.130 ,port 9848 is available , error ={}

java.util.concurrent.TimeoutException: Waited 3000 milliseconds (plus 5 milliseconds, 660900 nanoseconds delay) for com.alibaba.nacos.shaded.io.grpc.stub.ClientCalls$GrpcFuture@7407b55a[status=PENDING, info=[GrpcFuture{clientCall={delegate={delegate=ClientCallImpl{method=MethodDescriptor{fullMethodName=Request/request, type=UNARY, idempotent=false, safe=false, sampledToLocalTracing=true, requestMarshaller=com.alibaba.nacos.shaded.io.grpc.protobuf.lite.ProtoLiteUtils$MessageMarshaller@182af44c, responseMarshaller=com.alibaba.nacos.shaded.io.grpc.protobuf.lite.ProtoLiteUtils$MessageMarshaller@207d530a, schemaDescriptor=com.alibaba.nacos.api.grpc.auto.RequestGrpc$RequestMethodDescriptorSupplier@155ba0e6}}}}}]]
	at com.alibaba.nacos.shaded.com.google.common.util.concurrent.AbstractFuture.get(AbstractFuture.java:508) ~[nacos-client-2.0.4.jar:na]
	at com.alibaba.nacos.common.remote.client.grpc.GrpcClient.serverCheck(GrpcClient.java:148) ~[nacos-client-2.0.4.jar:na]
	at com.alibaba.nacos.common.remote.client.grpc.GrpcClient.connectToServer(GrpcClient.java:264) ~[nacos-client-2.0.4.jar:na]
	at com.alibaba.nacos.common.remote.client.RpcClient.reconnect(RpcClient.java:522) ~[nacos-client-2.0.4.jar:na]
	at com.alibaba.nacos.common.remote.client.RpcClient.lambda$start$2(RpcClient.java:370) ~[nacos-client-2.0.4.jar:na]
	at java.base/java.util.concurrent.Executors$RunnableAdapter.call(Executors.java:515) ~[na:na]
	at java.base/java.util.concurrent.FutureTask.run(FutureTask.java:264) ~[na:na]
	at java.base/java.util.concurrent.ScheduledThreadPoolExecutor$ScheduledFutureTask.run(ScheduledThreadPoolExecutor.java:304) ~[na:na]
	at java.base/java.util.concurrent.ThreadPoolExecutor.runWorker(ThreadPoolExecutor.java:1128) ~[na:na]
	at java.base/java.util.concurrent.ThreadPoolExecutor$Worker.run(ThreadPoolExecutor.java:628) ~[na:na]
	at java.base/java.lang.Thread.run(Thread.java:834) ~[na:na]

18:57:18:311  INFO 29744 --- [com.alibaba.nacos.client.remote.worker] com.alibaba.nacos.common.remote.client   : [e2a90a3e-8531-4154-b3af-e914c5f391f4] Fail to connect server, after trying 1 times, last try server is {serverIp = '192.168.88.130', server main port = 8848}, error = unknown
18:57:18:761  INFO 29744 --- [com.alibaba.nacos.client.remote.worker] com.alibaba.nacos.common.remote.client   : [50fbf9cc-dded-4d9f-9021-98f7641a2e4c_config-0] Success to connect a server [192.168.88.130:8848], connectionId = 1723546639212_192.168.88.1_31631
18:57:18:761  INFO 29744 --- [com.alibaba.nacos.client.remote.worker] com.alibaba.nacos.common.remote.client   : [50fbf9cc-dded-4d9f-9021-98f7641a2e4c_config-0] Abandon prev connection, server is 192.168.88.130:8848, connectionId is 1723542314952_192.168.88.1_22183
18:57:18:761  INFO 29744 --- [com.alibaba.nacos.client.remote.worker] com.alibaba.nacos.common.remote.client   : Close current connection 1723542314952_192.168.88.1_22183
18:57:18:763  INFO 29744 --- [com.alibaba.nacos.client.remote.worker] com.alibaba.nacos.common.remote.client   : [50fbf9cc-dded-4d9f-9021-98f7641a2e4c_config-0] Notify disconnected event to listeners
18:57:18:764  WARN 29744 --- [nacos-grpc-client-executor-1056] c.a.n.c.remote.client.grpc.GrpcClient    : [1723542314952_192.168.88.1_22183]Ignore error event,isRunning:true,isAbandon=true
18:57:18:766  INFO 29744 --- [com.alibaba.nacos.client.remote.worker] com.alibaba.nacos.common.remote.client   : [50fbf9cc-dded-4d9f-9021-98f7641a2e4c_config-0] Notify connected event to listeners.
18:57:21:086 ERROR 29744 --- [com.alibaba.nacos.client.Worker] com.alibaba.nacos.common.remote.client   : Connection is unregistered, switch server, connectionId = 1723546639212_192.168.88.1_31631, request = ConfigBatchListenRequest
18:57:21:086  INFO 29744 --- [com.alibaba.nacos.client.remote.worker] com.alibaba.nacos.common.remote.client   : [50fbf9cc-dded-4d9f-9021-98f7641a2e4c_config-0] Try to reconnect to a new server, server is  not appointed, will choose a random server.
18:57:21:186 ERROR 29744 --- [com.alibaba.nacos.client.Worker] com.alibaba.nacos.common.remote.client   : Send request fail, request = ConfigBatchListenRequest{headers={}, requestId='null'}, retryTimes = 0, errorMessage = Connection is unregistered.
18:57:21:232  INFO 29744 --- [com.alibaba.nacos.client.remote.worker] com.alibaba.nacos.common.remote.client   : [e2a90a3e-8531-4154-b3af-e914c5f391f4] Success to connect a server [192.168.88.130:8848], connectionId = 1723546641022_192.168.88.1_31637
18:57:21:232  INFO 29744 --- [com.alibaba.nacos.client.remote.worker] com.alibaba.nacos.common.remote.client   : [e2a90a3e-8531-4154-b3af-e914c5f391f4] Abandon prev connection, server is 192.168.88.130:8848, connectionId is 1723544084400_192.168.88.1_25765
18:57:21:232  INFO 29744 --- [com.alibaba.nacos.client.remote.worker] com.alibaba.nacos.common.remote.client   : Close current connection 1723544084400_192.168.88.1_25765
18:57:21:233  INFO 29744 --- [com.alibaba.nacos.client.remote.worker] com.alibaba.nacos.common.remote.client   : [e2a90a3e-8531-4154-b3af-e914c5f391f4] Notify disconnected event to listeners
18:57:21:234  INFO 29744 --- [com.alibaba.nacos.client.remote.worker] com.alibaba.nacos.common.remote.client   : [e2a90a3e-8531-4154-b3af-e914c5f391f4] Notify connected event to listeners.
18:57:21:234  WARN 29744 --- [nacos-grpc-client-executor-1224] c.a.n.c.remote.client.grpc.GrpcClient    : [1723544084400_192.168.88.1_25765]Ignore error event,isRunning:true,isAbandon=true
18:57:21:293 ERROR 29744 --- [com.alibaba.nacos.client.Worker] com.alibaba.nacos.common.remote.client   : Send request fail, request = ConfigBatchListenRequest{headers={}, requestId='null'}, retryTimes = 1, errorMessage = Client not connected, current status:UNHEALTHY
18:57:21:401 ERROR 29744 --- [com.alibaba.nacos.client.Worker] com.alibaba.nacos.common.remote.client   : Send request fail, request = ConfigBatchListenRequest{headers={}, requestId='null'}, retryTimes = 2, errorMessage = Client not connected, current status:UNHEALTHY
18:57:21:788  INFO 29744 --- [com.alibaba.nacos.client.remote.worker] com.alibaba.nacos.common.remote.client   : [50fbf9cc-dded-4d9f-9021-98f7641a2e4c_config-0] Success to connect a server [192.168.88.130:8848], connectionId = 1723546642547_192.168.88.1_31642
18:57:21:788  INFO 29744 --- [com.alibaba.nacos.client.remote.worker] com.alibaba.nacos.common.remote.client   : [50fbf9cc-dded-4d9f-9021-98f7641a2e4c_config-0] Abandon prev connection, server is 192.168.88.130:8848, connectionId is 1723546639212_192.168.88.1_31631
18:57:21:788  INFO 29744 --- [com.alibaba.nacos.client.remote.worker] com.alibaba.nacos.common.remote.client   : Close current connection 1723546639212_192.168.88.1_31631
18:57:21:789  INFO 29744 --- [com.alibaba.nacos.client.remote.worker] com.alibaba.nacos.common.remote.client   : [50fbf9cc-dded-4d9f-9021-98f7641a2e4c_config-0] Notify disconnected event to listeners
18:57:21:789  INFO 29744 --- [com.alibaba.nacos.client.remote.worker] com.alibaba.nacos.common.remote.client   : [50fbf9cc-dded-4d9f-9021-98f7641a2e4c_config-0] Notify connected event to listeners.
18:57:21:791  WARN 29744 --- [nacos-grpc-client-executor-1061] c.a.n.c.remote.client.grpc.GrpcClient    : [1723546639212_192.168.88.1_31631]Ignore error event,isRunning:true,isAbandon=true
18:57:22:533  INFO 29744 --- [nacos-grpc-client-executor-1234] com.alibaba.nacos.common.remote.client   : [e2a90a3e-8531-4154-b3af-e914c5f391f4] Receive server push request, request = NotifySubscriberRequest, requestId = 1829
18:57:22:533  INFO 29744 --- [nacos-grpc-client-executor-1234] com.alibaba.nacos.common.remote.client   : [e2a90a3e-8531-4154-b3af-e914c5f391f4] Ack server push request, request = NotifySubscriberRequest, requestId = 1829
18:57:22:753  INFO 29744 --- [nacos-grpc-client-executor-1235] com.alibaba.nacos.common.remote.client   : [e2a90a3e-8531-4154-b3af-e914c5f391f4] Receive server push request, request = NotifySubscriberRequest, requestId = 1832
18:57:22:756  INFO 29744 --- [nacos-grpc-client-executor-1235] com.alibaba.nacos.common.remote.client   : [e2a90a3e-8531-4154-b3af-e914c5f391f4] Ack server push request, request = NotifySubscriberRequest, requestId = 1832
18:57:22:792  INFO 29744 --- [nacos-grpc-client-executor-1236] com.alibaba.nacos.common.remote.client   : [e2a90a3e-8531-4154-b3af-e914c5f391f4] Receive server push request, request = NotifySubscriberRequest, requestId = 1833
18:57:22:792  INFO 29744 --- [nacos-grpc-client-executor-1236] com.alibaba.nacos.common.remote.client   : [e2a90a3e-8531-4154-b3af-e914c5f391f4] Ack server push request, request = NotifySubscriberRequest, requestId = 1833
18:57:22:823  INFO 29744 --- [nacos-grpc-client-executor-1237] com.alibaba.nacos.common.remote.client   : [e2a90a3e-8531-4154-b3af-e914c5f391f4] Receive server push request, request = NotifySubscriberRequest, requestId = 1834
18:57:22:823  INFO 29744 --- [nacos-grpc-client-executor-1237] com.alibaba.nacos.common.remote.client   : [e2a90a3e-8531-4154-b3af-e914c5f391f4] Ack server push request, request = NotifySubscriberRequest, requestId = 1834
18:57:23:069  INFO 29744 --- [nacos-grpc-client-executor-1238] com.alibaba.nacos.common.remote.client   : [e2a90a3e-8531-4154-b3af-e914c5f391f4] Receive server push request, request = NotifySubscriberRequest, requestId = 1836
18:57:23:070  INFO 29744 --- [nacos-grpc-client-executor-1238] com.alibaba.nacos.common.remote.client   : [e2a90a3e-8531-4154-b3af-e914c5f391f4] Ack server push request, request = NotifySubscriberRequest, requestId = 1836
18:57:23:075  INFO 29744 --- [nacos-grpc-client-executor-1239] com.alibaba.nacos.common.remote.client   : [e2a90a3e-8531-4154-b3af-e914c5f391f4] Receive server push request, request = NotifySubscriberRequest, requestId = 1837
18:57:23:075  INFO 29744 --- [nacos-grpc-client-executor-1239] com.alibaba.nacos.common.remote.client   : [e2a90a3e-8531-4154-b3af-e914c5f391f4] Ack server push request, request = NotifySubscriberRequest, requestId = 1837
18:57:23:666  INFO 29744 --- [nacos-grpc-client-executor-1240] com.alibaba.nacos.common.remote.client   : [e2a90a3e-8531-4154-b3af-e914c5f391f4] Receive server push request, request = NotifySubscriberRequest, requestId = 1839
18:57:23:667  INFO 29744 --- [nacos-grpc-client-executor-1240] com.alibaba.nacos.common.remote.client   : [e2a90a3e-8531-4154-b3af-e914c5f391f4] Ack server push request, request = NotifySubscriberRequest, requestId = 1839
18:57:44:625  INFO 29744 --- [nacos-grpc-client-executor-1246] com.alibaba.nacos.common.remote.client   : [e2a90a3e-8531-4154-b3af-e914c5f391f4] Receive server push request, request = NotifySubscriberRequest, requestId = 1842
18:57:44:627  INFO 29744 --- [nacos-grpc-client-executor-1246] com.alibaba.nacos.common.remote.client   : [e2a90a3e-8531-4154-b3af-e914c5f391f4] Ack server push request, request = NotifySubscriberRequest, requestId = 1842
20:00:03:263  INFO 29744 --- [nacos-grpc-client-executor-2214] com.alibaba.nacos.common.remote.client   : [e2a90a3e-8531-4154-b3af-e914c5f391f4] Receive server push request, request = NotifySubscriberRequest, requestId = 1846
20:00:03:272  INFO 29744 --- [nacos-grpc-client-executor-2214] com.alibaba.nacos.common.remote.client   : [e2a90a3e-8531-4154-b3af-e914c5f391f4] Ack server push request, request = NotifySubscriberRequest, requestId = 1846
20:00:03:275  INFO 29744 --- [nacos-grpc-client-executor-2215] com.alibaba.nacos.common.remote.client   : [e2a90a3e-8531-4154-b3af-e914c5f391f4] Receive server push request, request = NotifySubscriberRequest, requestId = 1847
20:00:03:276  INFO 29744 --- [nacos-grpc-client-executor-2215] com.alibaba.nacos.common.remote.client   : [e2a90a3e-8531-4154-b3af-e914c5f391f4] Ack server push request, request = NotifySubscriberRequest, requestId = 1847
20:00:03:278  INFO 29744 --- [nacos-grpc-client-executor-2216] com.alibaba.nacos.common.remote.client   : [e2a90a3e-8531-4154-b3af-e914c5f391f4] Receive server push request, request = NotifySubscriberRequest, requestId = 1848
20:00:03:279  INFO 29744 --- [nacos-grpc-client-executor-2216] com.alibaba.nacos.common.remote.client   : [e2a90a3e-8531-4154-b3af-e914c5f391f4] Ack server push request, request = NotifySubscriberRequest, requestId = 1848
20:00:03:281  INFO 29744 --- [nacos-grpc-client-executor-2217] com.alibaba.nacos.common.remote.client   : [e2a90a3e-8531-4154-b3af-e914c5f391f4] Receive server push request, request = NotifySubscriberRequest, requestId = 1850
20:00:03:282  INFO 29744 --- [nacos-grpc-client-executor-2217] com.alibaba.nacos.common.remote.client   : [e2a90a3e-8531-4154-b3af-e914c5f391f4] Ack server push request, request = NotifySubscriberRequest, requestId = 1850
20:00:03:815  INFO 29744 --- [nacos-grpc-client-executor-2218] com.alibaba.nacos.common.remote.client   : [e2a90a3e-8531-4154-b3af-e914c5f391f4] Receive server push request, request = NotifySubscriberRequest, requestId = 1851
20:00:03:816  INFO 29744 --- [nacos-grpc-client-executor-2218] com.alibaba.nacos.common.remote.client   : [e2a90a3e-8531-4154-b3af-e914c5f391f4] Ack server push request, request = NotifySubscriberRequest, requestId = 1851
20:00:03:839  INFO 29744 --- [nacos-grpc-client-executor-2219] com.alibaba.nacos.common.remote.client   : [e2a90a3e-8531-4154-b3af-e914c5f391f4] Receive server push request, request = NotifySubscriberRequest, requestId = 1854
20:00:03:841  INFO 29744 --- [nacos-grpc-client-executor-2219] com.alibaba.nacos.common.remote.client   : [e2a90a3e-8531-4154-b3af-e914c5f391f4] Ack server push request, request = NotifySubscriberRequest, requestId = 1854
20:00:03:985  INFO 29744 --- [nacos-grpc-client-executor-2220] com.alibaba.nacos.common.remote.client   : [e2a90a3e-8531-4154-b3af-e914c5f391f4] Receive server push request, request = NotifySubscriberRequest, requestId = 1859
20:00:03:986  INFO 29744 --- [nacos-grpc-client-executor-2220] com.alibaba.nacos.common.remote.client   : [e2a90a3e-8531-4154-b3af-e914c5f391f4] Ack server push request, request = NotifySubscriberRequest, requestId = 1859
20:00:03:989  INFO 29744 --- [nacos-grpc-client-executor-2221] com.alibaba.nacos.common.remote.client   : [e2a90a3e-8531-4154-b3af-e914c5f391f4] Receive server push request, request = NotifySubscriberRequest, requestId = 1862
20:00:03:990  INFO 29744 --- [nacos-grpc-client-executor-2221] com.alibaba.nacos.common.remote.client   : [e2a90a3e-8531-4154-b3af-e914c5f391f4] Ack server push request, request = NotifySubscriberRequest, requestId = 1862
21:03:36:158  INFO 29744 --- [com.alibaba.nacos.client.remote.worker] com.alibaba.nacos.common.remote.client   : [50fbf9cc-dded-4d9f-9021-98f7641a2e4c_config-0] Server healthy check fail, currentConnection = 1723546642547_192.168.88.1_31642
21:03:36:161  INFO 29744 --- [com.alibaba.nacos.client.remote.worker] com.alibaba.nacos.common.remote.client   : [50fbf9cc-dded-4d9f-9021-98f7641a2e4c_config-0] Try to reconnect to a new server, server is  not appointed, will choose a random server.
21:03:39:012  INFO 29744 --- [com.alibaba.nacos.client.remote.worker] com.alibaba.nacos.common.remote.client   : [50fbf9cc-dded-4d9f-9021-98f7641a2e4c_config-0] Success to connect a server [192.168.88.130:8848], connectionId = 1723554219787_192.168.88.1_12043
21:03:39:013  INFO 29744 --- [com.alibaba.nacos.client.remote.worker] com.alibaba.nacos.common.remote.client   : [50fbf9cc-dded-4d9f-9021-98f7641a2e4c_config-0] Abandon prev connection, server is 192.168.88.130:8848, connectionId is 1723546642547_192.168.88.1_31642
21:03:39:014  INFO 29744 --- [com.alibaba.nacos.client.remote.worker] com.alibaba.nacos.common.remote.client   : Close current connection 1723546642547_192.168.88.1_31642
21:03:39:016  INFO 29744 --- [com.alibaba.nacos.client.remote.worker] com.alibaba.nacos.common.remote.client   : [50fbf9cc-dded-4d9f-9021-98f7641a2e4c_config-0] Notify disconnected event to listeners
21:03:39:017  INFO 29744 --- [com.alibaba.nacos.client.remote.worker] com.alibaba.nacos.common.remote.client   : [50fbf9cc-dded-4d9f-9021-98f7641a2e4c_config-0] Notify connected event to listeners.
21:03:39:017  WARN 29744 --- [nacos-grpc-client-executor-2822] c.a.n.c.remote.client.grpc.GrpcClient    : [1723546642547_192.168.88.1_31642]Ignore error event,isRunning:true,isAbandon=true
21:03:40:080  INFO 29744 --- [nacos-grpc-client-executor-3174] com.alibaba.nacos.common.remote.client   : [e2a90a3e-8531-4154-b3af-e914c5f391f4] Receive server push request, request = NotifySubscriberRequest, requestId = 1864
21:03:40:083  INFO 29744 --- [nacos-grpc-client-executor-3174] com.alibaba.nacos.common.remote.client   : [e2a90a3e-8531-4154-b3af-e914c5f391f4] Ack server push request, request = NotifySubscriberRequest, requestId = 1864
21:03:41:948  INFO 29744 --- [nacos-grpc-client-executor-3175] com.alibaba.nacos.common.remote.client   : [e2a90a3e-8531-4154-b3af-e914c5f391f4] Receive server push request, request = NotifySubscriberRequest, requestId = 1869
21:03:41:949  INFO 29744 --- [nacos-grpc-client-executor-3175] com.alibaba.nacos.common.remote.client   : [e2a90a3e-8531-4154-b3af-e914c5f391f4] Ack server push request, request = NotifySubscriberRequest, requestId = 1869
21:54:23:140  INFO 29744 --- [nacos-grpc-client-executor-3913] com.alibaba.nacos.common.remote.client   : [e2a90a3e-8531-4154-b3af-e914c5f391f4] Receive server push request, request = NotifySubscriberRequest, requestId = 1870
21:54:23:157  INFO 29744 --- [nacos-grpc-client-executor-3913] com.alibaba.nacos.common.remote.client   : [e2a90a3e-8531-4154-b3af-e914c5f391f4] Ack server push request, request = NotifySubscriberRequest, requestId = 1870
22:01:32:548  INFO 29744 --- [nacos-grpc-client-executor-4025] com.alibaba.nacos.common.remote.client   : [e2a90a3e-8531-4154-b3af-e914c5f391f4] Receive server push request, request = NotifySubscriberRequest, requestId = 1872
22:01:32:552  INFO 29744 --- [nacos-grpc-client-executor-4025] com.alibaba.nacos.common.remote.client   : [e2a90a3e-8531-4154-b3af-e914c5f391f4] Ack server push request, request = NotifySubscriberRequest, requestId = 1872
22:07:51:617  INFO 29744 --- [com.alibaba.nacos.client.remote.worker] com.alibaba.nacos.common.remote.client   : [50fbf9cc-dded-4d9f-9021-98f7641a2e4c_config-0] Server healthy check fail, currentConnection = 1723554219787_192.168.88.1_12043
22:07:51:617  INFO 29744 --- [com.alibaba.nacos.client.remote.worker] com.alibaba.nacos.common.remote.client   : [50fbf9cc-dded-4d9f-9021-98f7641a2e4c_config-0] Try to reconnect to a new server, server is  not appointed, will choose a random server.
22:07:52:396 ERROR 29744 --- [com.alibaba.nacos.client.naming.updater.7] com.alibaba.nacos.common.remote.client   : Send request fail, request = ServiceQueryRequest{headers={}, requestId='null'}, retryTimes = 0, errorMessage = java.util.concurrent.TimeoutException: Waited 3000 milliseconds (plus 15 milliseconds, 690700 nanoseconds delay) for com.alibaba.nacos.shaded.io.grpc.stub.ClientCalls$GrpcFuture@495e686[status=PENDING, info=[GrpcFuture{clientCall={delegate={delegate=ClientCallImpl{method=MethodDescriptor{fullMethodName=Request/request, type=UNARY, idempotent=false, safe=false, sampledToLocalTracing=true, requestMarshaller=com.alibaba.nacos.shaded.io.grpc.protobuf.lite.ProtoLiteUtils$MessageMarshaller@182af44c, responseMarshaller=com.alibaba.nacos.shaded.io.grpc.protobuf.lite.ProtoLiteUtils$MessageMarshaller@207d530a, schemaDescriptor=com.alibaba.nacos.api.grpc.auto.RequestGrpc$RequestMethodDescriptorSupplier@155ba0e6}}}}}]]
22:07:52:827 ERROR 29744 --- [com.alibaba.nacos.client.naming.updater.0] com.alibaba.nacos.common.remote.client   : Send request fail, request = ServiceQueryRequest{headers={app=unknown}, requestId='null'}, retryTimes = 0, errorMessage = Client not connected, current status:UNHEALTHY
22:07:52:842  INFO 29744 --- [com.alibaba.nacos.client.remote.worker] com.alibaba.nacos.common.remote.client   : [e2a90a3e-8531-4154-b3af-e914c5f391f4] Server healthy check fail, currentConnection = 1723546641022_192.168.88.1_31637
22:07:52:842  INFO 29744 --- [com.alibaba.nacos.client.remote.worker] com.alibaba.nacos.common.remote.client   : [e2a90a3e-8531-4154-b3af-e914c5f391f4] Try to reconnect to a new server, server is  not appointed, will choose a random server.
22:07:52:934 ERROR 29744 --- [com.alibaba.nacos.client.naming.updater.0] com.alibaba.nacos.common.remote.client   : Send request fail, request = ServiceQueryRequest{headers={app=unknown}, requestId='null'}, retryTimes = 1, errorMessage = Client not connected, current status:UNHEALTHY
22:07:53:042 ERROR 29744 --- [com.alibaba.nacos.client.naming.updater.0] com.alibaba.nacos.common.remote.client   : Send request fail, request = ServiceQueryRequest{headers={app=unknown}, requestId='null'}, retryTimes = 2, errorMessage = Client not connected, current status:UNHEALTHY
22:07:53:151  INFO 29744 --- [com.alibaba.nacos.client.remote.worker] com.alibaba.nacos.common.remote.client   : [e2a90a3e-8531-4154-b3af-e914c5f391f4] Success to connect a server [192.168.88.130:8848], connectionId = 1723558074019_192.168.88.1_20235
22:07:53:151  INFO 29744 --- [com.alibaba.nacos.client.remote.worker] com.alibaba.nacos.common.remote.client   : [50fbf9cc-dded-4d9f-9021-98f7641a2e4c_config-0] Success to connect a server [192.168.88.130:8848], connectionId = 1723558074008_192.168.88.1_20225
22:07:53:151  INFO 29744 --- [com.alibaba.nacos.client.remote.worker] com.alibaba.nacos.common.remote.client   : [e2a90a3e-8531-4154-b3af-e914c5f391f4] Abandon prev connection, server is 192.168.88.130:8848, connectionId is 1723546641022_192.168.88.1_31637
22:07:53:151  INFO 29744 --- [com.alibaba.nacos.client.remote.worker] com.alibaba.nacos.common.remote.client   : [50fbf9cc-dded-4d9f-9021-98f7641a2e4c_config-0] Abandon prev connection, server is 192.168.88.130:8848, connectionId is 1723554219787_192.168.88.1_12043
22:07:53:151  INFO 29744 --- [com.alibaba.nacos.client.remote.worker] com.alibaba.nacos.common.remote.client   : Close current connection 1723554219787_192.168.88.1_12043
22:07:53:151  INFO 29744 --- [com.alibaba.nacos.client.remote.worker] com.alibaba.nacos.common.remote.client   : Close current connection 1723546641022_192.168.88.1_31637
22:07:53:153  INFO 29744 --- [com.alibaba.nacos.client.remote.worker] com.alibaba.nacos.common.remote.client   : [50fbf9cc-dded-4d9f-9021-98f7641a2e4c_config-0] Notify disconnected event to listeners
22:07:53:153  INFO 29744 --- [com.alibaba.nacos.client.remote.worker] com.alibaba.nacos.common.remote.client   : [e2a90a3e-8531-4154-b3af-e914c5f391f4] Notify disconnected event to listeners
22:07:53:153  WARN 29744 --- [nacos-grpc-client-executor-4134] c.a.n.c.remote.client.grpc.GrpcClient    : [1723546641022_192.168.88.1_31637]Ignore error event,isRunning:true,isAbandon=true
22:07:53:154  WARN 29744 --- [nacos-grpc-client-executor-3710] c.a.n.c.remote.client.grpc.GrpcClient    : [1723554219787_192.168.88.1_12043]Ignore error event,isRunning:true,isAbandon=true
22:07:53:154  INFO 29744 --- [com.alibaba.nacos.client.remote.worker] com.alibaba.nacos.common.remote.client   : [e2a90a3e-8531-4154-b3af-e914c5f391f4] Notify connected event to listeners.
22:07:53:154  INFO 29744 --- [com.alibaba.nacos.client.remote.worker] com.alibaba.nacos.common.remote.client   : [50fbf9cc-dded-4d9f-9021-98f7641a2e4c_config-0] Notify connected event to listeners.
22:07:53:643  INFO 29744 --- [com.alibaba.nacos.client.remote.worker] com.alibaba.nacos.common.remote.client   : [e2a90a3e-8531-4154-b3af-e914c5f391f4] Server check success, currentServer is 192.168.88.130:8848 
22:07:54:061  INFO 29744 --- [nacos-grpc-client-executor-4145] com.alibaba.nacos.common.remote.client   : [e2a90a3e-8531-4154-b3af-e914c5f391f4] Receive server push request, request = NotifySubscriberRequest, requestId = 1876
22:07:54:061  INFO 29744 --- [nacos-grpc-client-executor-4145] com.alibaba.nacos.common.remote.client   : [e2a90a3e-8531-4154-b3af-e914c5f391f4] Ack server push request, request = NotifySubscriberRequest, requestId = 1876
22:07:54:471  INFO 29744 --- [nacos-grpc-client-executor-4148] com.alibaba.nacos.common.remote.client   : [e2a90a3e-8531-4154-b3af-e914c5f391f4] Receive server push request, request = NotifySubscriberRequest, requestId = 1877
22:07:54:472  INFO 29744 --- [nacos-grpc-client-executor-4148] com.alibaba.nacos.common.remote.client   : [e2a90a3e-8531-4154-b3af-e914c5f391f4] Ack server push request, request = NotifySubscriberRequest, requestId = 1877
22:07:54:473  INFO 29744 --- [nacos-grpc-client-executor-4149] com.alibaba.nacos.common.remote.client   : [e2a90a3e-8531-4154-b3af-e914c5f391f4] Receive server push request, request = NotifySubscriberRequest, requestId = 1878
22:07:54:473  INFO 29744 --- [nacos-grpc-client-executor-4149] com.alibaba.nacos.common.remote.client   : [e2a90a3e-8531-4154-b3af-e914c5f391f4] Ack server push request, request = NotifySubscriberRequest, requestId = 1878
22:07:54:479  INFO 29744 --- [nacos-grpc-client-executor-4150] com.alibaba.nacos.common.remote.client   : [e2a90a3e-8531-4154-b3af-e914c5f391f4] Receive server push request, request = NotifySubscriberRequest, requestId = 1879
22:07:54:479  INFO 29744 --- [nacos-grpc-client-executor-4150] com.alibaba.nacos.common.remote.client   : [e2a90a3e-8531-4154-b3af-e914c5f391f4] Ack server push request, request = NotifySubscriberRequest, requestId = 1879
22:07:54:508  INFO 29744 --- [nacos-grpc-client-executor-4151] com.alibaba.nacos.common.remote.client   : [e2a90a3e-8531-4154-b3af-e914c5f391f4] Receive server push request, request = NotifySubscriberRequest, requestId = 1880
22:07:54:508  INFO 29744 --- [nacos-grpc-client-executor-4151] com.alibaba.nacos.common.remote.client   : [e2a90a3e-8531-4154-b3af-e914c5f391f4] Ack server push request, request = NotifySubscriberRequest, requestId = 1880
22:07:54:510  INFO 29744 --- [nacos-grpc-client-executor-4152] com.alibaba.nacos.common.remote.client   : [e2a90a3e-8531-4154-b3af-e914c5f391f4] Receive server push request, request = NotifySubscriberRequest, requestId = 1881
22:07:54:510  INFO 29744 --- [nacos-grpc-client-executor-4152] com.alibaba.nacos.common.remote.client   : [e2a90a3e-8531-4154-b3af-e914c5f391f4] Ack server push request, request = NotifySubscriberRequest, requestId = 1881
22:10:46:520  INFO 29744 --- [nacos-grpc-client-executor-4195] com.alibaba.nacos.common.remote.client   : [e2a90a3e-8531-4154-b3af-e914c5f391f4] Receive server push request, request = NotifySubscriberRequest, requestId = 1883
22:10:46:522  INFO 29744 --- [nacos-grpc-client-executor-4195] com.alibaba.nacos.common.remote.client   : [e2a90a3e-8531-4154-b3af-e914c5f391f4] Ack server push request, request = NotifySubscriberRequest, requestId = 1883
22:11:05:441  INFO 29744 --- [nacos-grpc-client-executor-4201] com.alibaba.nacos.common.remote.client   : [e2a90a3e-8531-4154-b3af-e914c5f391f4] Receive server push request, request = NotifySubscriberRequest, requestId = 1885
22:11:05:443  INFO 29744 --- [nacos-grpc-client-executor-4201] com.alibaba.nacos.common.remote.client   : [e2a90a3e-8531-4154-b3af-e914c5f391f4] Ack server push request, request = NotifySubscriberRequest, requestId = 1885
22:11:59:088  INFO 29744 --- [nacos-grpc-client-executor-4217] com.alibaba.nacos.common.remote.client   : [e2a90a3e-8531-4154-b3af-e914c5f391f4] Receive server push request, request = NotifySubscriberRequest, requestId = 1887
22:11:59:090  INFO 29744 --- [nacos-grpc-client-executor-4217] com.alibaba.nacos.common.remote.client   : [e2a90a3e-8531-4154-b3af-e914c5f391f4] Ack server push request, request = NotifySubscriberRequest, requestId = 1887
22:12:15:068  INFO 29744 --- [nacos-grpc-client-executor-4221] com.alibaba.nacos.common.remote.client   : [e2a90a3e-8531-4154-b3af-e914c5f391f4] Receive server push request, request = NotifySubscriberRequest, requestId = 1889
22:12:15:070  INFO 29744 --- [nacos-grpc-client-executor-4221] com.alibaba.nacos.common.remote.client   : [e2a90a3e-8531-4154-b3af-e914c5f391f4] Ack server push request, request = NotifySubscriberRequest, requestId = 1889
22:20:37:800  INFO 29744 --- [nacos-grpc-client-executor-4349] com.alibaba.nacos.common.remote.client   : [e2a90a3e-8531-4154-b3af-e914c5f391f4] Receive server push request, request = NotifySubscriberRequest, requestId = 1893
22:20:37:802  INFO 29744 --- [nacos-grpc-client-executor-4349] com.alibaba.nacos.common.remote.client   : [e2a90a3e-8531-4154-b3af-e914c5f391f4] Ack server push request, request = NotifySubscriberRequest, requestId = 1893
22:20:53:787  INFO 29744 --- [nacos-grpc-client-executor-4353] com.alibaba.nacos.common.remote.client   : [e2a90a3e-8531-4154-b3af-e914c5f391f4] Receive server push request, request = NotifySubscriberRequest, requestId = 1895
22:20:53:790  INFO 29744 --- [nacos-grpc-client-executor-4353] com.alibaba.nacos.common.remote.client   : [e2a90a3e-8531-4154-b3af-e914c5f391f4] Ack server push request, request = NotifySubscriberRequest, requestId = 1895
22:23:57:850  INFO 29744 --- [nacos-grpc-client-executor-4406] com.alibaba.nacos.common.remote.client   : [e2a90a3e-8531-4154-b3af-e914c5f391f4] Receive server push request, request = NotifySubscriberRequest, requestId = 1899
22:23:57:854  INFO 29744 --- [nacos-grpc-client-executor-4406] com.alibaba.nacos.common.remote.client   : [e2a90a3e-8531-4154-b3af-e914c5f391f4] Ack server push request, request = NotifySubscriberRequest, requestId = 1899
22:24:14:906  INFO 29744 --- [nacos-grpc-client-executor-4410] com.alibaba.nacos.common.remote.client   : [e2a90a3e-8531-4154-b3af-e914c5f391f4] Receive server push request, request = NotifySubscriberRequest, requestId = 1901
22:24:14:906  INFO 29744 --- [nacos-grpc-client-executor-4410] com.alibaba.nacos.common.remote.client   : [e2a90a3e-8531-4154-b3af-e914c5f391f4] Ack server push request, request = NotifySubscriberRequest, requestId = 1901
22:29:46:218  INFO 29744 --- [nacos-grpc-client-executor-4498] com.alibaba.nacos.common.remote.client   : [e2a90a3e-8531-4154-b3af-e914c5f391f4] Receive server push request, request = NotifySubscriberRequest, requestId = 1905
22:29:46:221  INFO 29744 --- [nacos-grpc-client-executor-4498] com.alibaba.nacos.common.remote.client   : [e2a90a3e-8531-4154-b3af-e914c5f391f4] Ack server push request, request = NotifySubscriberRequest, requestId = 1905
22:30:02:797  INFO 29744 --- [nacos-grpc-client-executor-4504] com.alibaba.nacos.common.remote.client   : [e2a90a3e-8531-4154-b3af-e914c5f391f4] Receive server push request, request = NotifySubscriberRequest, requestId = 1907
22:30:02:798  INFO 29744 --- [nacos-grpc-client-executor-4504] com.alibaba.nacos.common.remote.client   : [e2a90a3e-8531-4154-b3af-e914c5f391f4] Ack server push request, request = NotifySubscriberRequest, requestId = 1907
22:30:44:747  INFO 29744 --- [nacos-grpc-client-executor-4513] com.alibaba.nacos.common.remote.client   : [e2a90a3e-8531-4154-b3af-e914c5f391f4] Receive server push request, request = NotifySubscriberRequest, requestId = 1917
22:30:44:749  INFO 29744 --- [nacos-grpc-client-executor-4513] com.alibaba.nacos.common.remote.client   : [e2a90a3e-8531-4154-b3af-e914c5f391f4] Ack server push request, request = NotifySubscriberRequest, requestId = 1917
22:31:10:878  INFO 29744 --- [nacos-grpc-client-executor-4521] com.alibaba.nacos.common.remote.client   : [e2a90a3e-8531-4154-b3af-e914c5f391f4] Receive server push request, request = NotifySubscriberRequest, requestId = 1921
22:31:10:879  INFO 29744 --- [nacos-grpc-client-executor-4521] com.alibaba.nacos.common.remote.client   : [e2a90a3e-8531-4154-b3af-e914c5f391f4] Ack server push request, request = NotifySubscriberRequest, requestId = 1921
22:31:28:567  INFO 29744 --- [nacos-grpc-client-executor-4525] com.alibaba.nacos.common.remote.client   : [e2a90a3e-8531-4154-b3af-e914c5f391f4] Receive server push request, request = NotifySubscriberRequest, requestId = 1923
22:31:28:568  INFO 29744 --- [nacos-grpc-client-executor-4525] com.alibaba.nacos.common.remote.client   : [e2a90a3e-8531-4154-b3af-e914c5f391f4] Ack server push request, request = NotifySubscriberRequest, requestId = 1923
22:31:43:869  INFO 29744 --- [nacos-grpc-client-executor-4529] com.alibaba.nacos.common.remote.client   : [e2a90a3e-8531-4154-b3af-e914c5f391f4] Receive server push request, request = NotifySubscriberRequest, requestId = 1925
22:31:43:870  INFO 29744 --- [nacos-grpc-client-executor-4529] com.alibaba.nacos.common.remote.client   : [e2a90a3e-8531-4154-b3af-e914c5f391f4] Ack server push request, request = NotifySubscriberRequest, requestId = 1925
23:03:37:261  INFO 29744 --- [com.alibaba.nacos.client.remote.worker] com.alibaba.nacos.common.remote.client   : [e2a90a3e-8531-4154-b3af-e914c5f391f4] Server healthy check fail, currentConnection = 1723558074019_192.168.88.1_20235
23:03:37:265  INFO 29744 --- [com.alibaba.nacos.client.remote.worker] com.alibaba.nacos.common.remote.client   : [e2a90a3e-8531-4154-b3af-e914c5f391f4] Try to reconnect to a new server, server is  not appointed, will choose a random server.
23:03:39:073 ERROR 29744 --- [com.alibaba.nacos.client.naming.updater.3] com.alibaba.nacos.common.remote.client   : Send request fail, request = ServiceQueryRequest{headers={}, requestId='null'}, retryTimes = 0, errorMessage = java.util.concurrent.TimeoutException: Waited 3000 milliseconds (plus 13 milliseconds, 558900 nanoseconds delay) for com.alibaba.nacos.shaded.io.grpc.stub.ClientCalls$GrpcFuture@1c8b7f18[status=PENDING, info=[GrpcFuture{clientCall={delegate={delegate=ClientCallImpl{method=MethodDescriptor{fullMethodName=Request/request, type=UNARY, idempotent=false, safe=false, sampledToLocalTracing=true, requestMarshaller=com.alibaba.nacos.shaded.io.grpc.protobuf.lite.ProtoLiteUtils$MessageMarshaller@182af44c, responseMarshaller=com.alibaba.nacos.shaded.io.grpc.protobuf.lite.ProtoLiteUtils$MessageMarshaller@207d530a, schemaDescriptor=com.alibaba.nacos.api.grpc.auto.RequestGrpc$RequestMethodDescriptorSupplier@155ba0e6}}}}}]]
23:03:40:298 ERROR 29744 --- [com.alibaba.nacos.client.remote.worker] c.a.n.c.remote.client.grpc.GrpcClient    : Server check fail, please check server 192.168.88.130 ,port 9848 is available , error ={}

java.util.concurrent.TimeoutException: Waited 3000 milliseconds (plus 4 milliseconds, 499700 nanoseconds delay) for com.alibaba.nacos.shaded.io.grpc.stub.ClientCalls$GrpcFuture@8700672[status=PENDING, info=[GrpcFuture{clientCall={delegate={delegate=ClientCallImpl{method=MethodDescriptor{fullMethodName=Request/request, type=UNARY, idempotent=false, safe=false, sampledToLocalTracing=true, requestMarshaller=com.alibaba.nacos.shaded.io.grpc.protobuf.lite.ProtoLiteUtils$MessageMarshaller@182af44c, responseMarshaller=com.alibaba.nacos.shaded.io.grpc.protobuf.lite.ProtoLiteUtils$MessageMarshaller@207d530a, schemaDescriptor=com.alibaba.nacos.api.grpc.auto.RequestGrpc$RequestMethodDescriptorSupplier@155ba0e6}}}}}]]
	at com.alibaba.nacos.shaded.com.google.common.util.concurrent.AbstractFuture.get(AbstractFuture.java:508) ~[nacos-client-2.0.4.jar:na]
	at com.alibaba.nacos.common.remote.client.grpc.GrpcClient.serverCheck(GrpcClient.java:148) ~[nacos-client-2.0.4.jar:na]
	at com.alibaba.nacos.common.remote.client.grpc.GrpcClient.connectToServer(GrpcClient.java:264) ~[nacos-client-2.0.4.jar:na]
	at com.alibaba.nacos.common.remote.client.RpcClient.reconnect(RpcClient.java:522) ~[nacos-client-2.0.4.jar:na]
	at com.alibaba.nacos.common.remote.client.RpcClient.lambda$start$2(RpcClient.java:370) ~[nacos-client-2.0.4.jar:na]
	at java.base/java.util.concurrent.Executors$RunnableAdapter.call(Executors.java:515) ~[na:na]
	at java.base/java.util.concurrent.FutureTask.run(FutureTask.java:264) ~[na:na]
	at java.base/java.util.concurrent.ScheduledThreadPoolExecutor$ScheduledFutureTask.run(ScheduledThreadPoolExecutor.java:304) ~[na:na]
	at java.base/java.util.concurrent.ThreadPoolExecutor.runWorker(ThreadPoolExecutor.java:1128) ~[na:na]
	at java.base/java.util.concurrent.ThreadPoolExecutor$Worker.run(ThreadPoolExecutor.java:628) ~[na:na]
	at java.base/java.lang.Thread.run(Thread.java:834) ~[na:na]

23:03:40:834  INFO 29744 --- [com.alibaba.nacos.client.remote.worker] com.alibaba.nacos.common.remote.client   : [e2a90a3e-8531-4154-b3af-e914c5f391f4] Success to connect a server [192.168.88.130:8848], connectionId = 1723561420627_192.168.88.1_28157
23:03:40:834  INFO 29744 --- [com.alibaba.nacos.client.remote.worker] com.alibaba.nacos.common.remote.client   : [e2a90a3e-8531-4154-b3af-e914c5f391f4] Abandon prev connection, server is 192.168.88.130:8848, connectionId is 1723558074019_192.168.88.1_20235
23:03:40:835  INFO 29744 --- [com.alibaba.nacos.client.remote.worker] com.alibaba.nacos.common.remote.client   : Close current connection 1723558074019_192.168.88.1_20235
23:03:40:835  INFO 29744 --- [com.alibaba.nacos.client.remote.worker] com.alibaba.nacos.common.remote.client   : [e2a90a3e-8531-4154-b3af-e914c5f391f4] Notify disconnected event to listeners
23:03:40:836  INFO 29744 --- [com.alibaba.nacos.client.remote.worker] com.alibaba.nacos.common.remote.client   : [e2a90a3e-8531-4154-b3af-e914c5f391f4] Notify connected event to listeners.
23:03:40:836  WARN 29744 --- [nacos-grpc-client-executor-5032] c.a.n.c.remote.client.grpc.GrpcClient    : [1723558074019_192.168.88.1_20235]Ignore error event,isRunning:true,isAbandon=true
23:03:42:622  INFO 29744 --- [nacos-grpc-client-executor-5042] com.alibaba.nacos.common.remote.client   : [e2a90a3e-8531-4154-b3af-e914c5f391f4] Receive server push request, request = NotifySubscriberRequest, requestId = 1929
23:03:42:623  INFO 29744 --- [nacos-grpc-client-executor-5042] com.alibaba.nacos.common.remote.client   : [e2a90a3e-8531-4154-b3af-e914c5f391f4] Ack server push request, request = NotifySubscriberRequest, requestId = 1929
23:03:42:641  INFO 29744 --- [nacos-grpc-client-executor-5044] com.alibaba.nacos.common.remote.client   : [e2a90a3e-8531-4154-b3af-e914c5f391f4] Receive server push request, request = NotifySubscriberRequest, requestId = 1932
23:03:42:646  INFO 29744 --- [nacos-grpc-client-executor-5044] com.alibaba.nacos.common.remote.client   : [e2a90a3e-8531-4154-b3af-e914c5f391f4] Ack server push request, request = NotifySubscriberRequest, requestId = 1932
23:03:42:649  INFO 29744 --- [nacos-grpc-client-executor-5045] com.alibaba.nacos.common.remote.client   : [e2a90a3e-8531-4154-b3af-e914c5f391f4] Receive server push request, request = NotifySubscriberRequest, requestId = 1933
23:03:42:651  INFO 29744 --- [nacos-grpc-client-executor-5045] com.alibaba.nacos.common.remote.client   : [e2a90a3e-8531-4154-b3af-e914c5f391f4] Ack server push request, request = NotifySubscriberRequest, requestId = 1933
23:03:42:654  INFO 29744 --- [nacos-grpc-client-executor-5046] com.alibaba.nacos.common.remote.client   : [e2a90a3e-8531-4154-b3af-e914c5f391f4] Receive server push request, request = NotifySubscriberRequest, requestId = 1934
23:03:42:655  INFO 29744 --- [nacos-grpc-client-executor-5046] com.alibaba.nacos.common.remote.client   : [e2a90a3e-8531-4154-b3af-e914c5f391f4] Ack server push request, request = NotifySubscriberRequest, requestId = 1934
23:03:43:110  INFO 29744 --- [nacos-grpc-client-executor-5047] com.alibaba.nacos.common.remote.client   : [e2a90a3e-8531-4154-b3af-e914c5f391f4] Receive server push request, request = NotifySubscriberRequest, requestId = 1935
23:03:43:110  INFO 29744 --- [nacos-grpc-client-executor-5047] com.alibaba.nacos.common.remote.client   : [e2a90a3e-8531-4154-b3af-e914c5f391f4] Ack server push request, request = NotifySubscriberRequest, requestId = 1935
23:03:43:221  INFO 29744 --- [nacos-grpc-client-executor-5048] com.alibaba.nacos.common.remote.client   : [e2a90a3e-8531-4154-b3af-e914c5f391f4] Receive server push request, request = NotifySubscriberRequest, requestId = 1936
23:03:43:221  INFO 29744 --- [nacos-grpc-client-executor-5048] com.alibaba.nacos.common.remote.client   : [e2a90a3e-8531-4154-b3af-e914c5f391f4] Ack server push request, request = NotifySubscriberRequest, requestId = 1936
23:03:43:236  INFO 29744 --- [nacos-grpc-client-executor-5049] com.alibaba.nacos.common.remote.client   : [e2a90a3e-8531-4154-b3af-e914c5f391f4] Receive server push request, request = NotifySubscriberRequest, requestId = 1938
23:03:43:237  INFO 29744 --- [nacos-grpc-client-executor-5049] com.alibaba.nacos.common.remote.client   : [e2a90a3e-8531-4154-b3af-e914c5f391f4] Ack server push request, request = NotifySubscriberRequest, requestId = 1938
23:03:43:834  INFO 29744 --- [nacos-grpc-client-executor-5050] com.alibaba.nacos.common.remote.client   : [e2a90a3e-8531-4154-b3af-e914c5f391f4] Receive server push request, request = NotifySubscriberRequest, requestId = 1940
23:03:43:836  INFO 29744 --- [nacos-grpc-client-executor-5050] com.alibaba.nacos.common.remote.client   : [e2a90a3e-8531-4154-b3af-e914c5f391f4] Ack server push request, request = NotifySubscriberRequest, requestId = 1940
23:03:43:946  INFO 29744 --- [nacos-grpc-client-executor-5051] com.alibaba.nacos.common.remote.client   : [e2a90a3e-8531-4154-b3af-e914c5f391f4] Receive server push request, request = NotifySubscriberRequest, requestId = 1943
23:03:43:947  INFO 29744 --- [nacos-grpc-client-executor-5051] com.alibaba.nacos.common.remote.client   : [e2a90a3e-8531-4154-b3af-e914c5f391f4] Ack server push request, request = NotifySubscriberRequest, requestId = 1943
23:33:15:282  WARN 29744 --- [Thread-1] c.a.n.common.http.HttpClientBeanHolder   : [HttpClientBeanHolder] Start destroying common HttpClient
23:33:15:282  WARN 29744 --- [Thread-5] c.a.nacos.common.notify.NotifyCenter     : [NotifyCenter] Start destroying Publisher
23:33:15:296  WARN 29744 --- [Thread-5] c.a.nacos.common.notify.NotifyCenter     : [NotifyCenter] Destruction of the end
23:33:15:316  WARN 29744 --- [Thread-1] c.a.n.common.http.HttpClientBeanHolder   : [HttpClientBeanHolder] Destruction of the end
23:33:15:791  INFO 29744 --- [SpringApplicationShutdownHook] c.a.c.n.registry.NacosServiceRegistry    : De-registering from Nacos Server now...
23:33:15:936  INFO 29744 --- [SpringApplicationShutdownHook] c.a.c.n.registry.NacosServiceRegistry    : De-registration finished.
23:33:16:273  INFO 29744 --- [SpringApplicationShutdownHook] com.alibaba.nacos.common.remote.client   : Shutdown rpc client, set status to shutdown
23:33:16:273  INFO 29744 --- [SpringApplicationShutdownHook] com.alibaba.nacos.common.remote.client   : Shutdown client event executor java.util.concurrent.ScheduledThreadPoolExecutor@2a3c3841[Running, pool size = 2, active threads = 2, queued tasks = 0, completed tasks = 0]
23:33:16:274  INFO 29744 --- [SpringApplicationShutdownHook] com.alibaba.nacos.common.remote.client   : Close current connection 1723561420627_192.168.88.1_28157
23:33:16:276  INFO 29744 --- [SpringApplicationShutdownHook] c.a.n.c.remote.client.grpc.GrpcClient    : Shutdown grpc executor java.util.concurrent.ThreadPoolExecutor@28e0efff[Running, pool size = 4, active threads = 0, queued tasks = 0, completed tasks = 5564]
