16:17:55:499  INFO 32452 --- [main] com.hmall.trade.TradeApplication         : The following 1 profile is active: "local"
16:17:57:119  INFO 32452 --- [main] .s.d.r.c.RepositoryConfigurationDelegate : Multiple Spring Data modules found, entering strict repository configuration mode
16:17:57:122  INFO 32452 --- [main] .s.d.r.c.RepositoryConfigurationDelegate : Bootstrapping Spring Data Redis repositories in DEFAULT mode.
16:17:57:157  INFO 32452 --- [main] .s.d.r.c.RepositoryConfigurationDelegate : Finished Spring Data repository scanning in 11 ms. Found 0 Redis repository interfaces.
16:17:57:453  INFO 32452 --- [main] o.s.cloud.context.scope.GenericScope     : BeanFactory id=3329af47-425d-35fd-a3fe-61c93622d941
16:17:57:955  INFO 32452 --- [main] o.s.b.w.embedded.tomcat.TomcatWebServer  : Tomcat initialized with port(s): 8086 (http)
16:17:57:984  INFO 32452 --- [main] o.apache.catalina.core.StandardService   : Starting service [Tomcat]
16:17:57:985  INFO 32452 --- [main] org.apache.catalina.core.StandardEngine  : Starting Servlet engine: [Apache Tomcat/9.0.75]
16:17:58:377  INFO 32452 --- [main] o.a.c.c.C.[Tomcat].[localhost].[/]       : Initializing Spring embedded WebApplicationContext
16:17:58:378  INFO 32452 --- [main] w.s.c.ServletWebServerApplicationContext : Root WebApplicationContext: initialization completed in 2833 ms
16:17:58:761  INFO 32452 --- [main] o.s.c.openfeign.FeignClientFactoryBean   : For 'item-service' URL not provided. Will try picking an instance via load-balancing.
16:18:02:771  INFO 32452 --- [main] o.s.c.openfeign.FeignClientFactoryBean   : For 'cart-service' URL not provided. Will try picking an instance via load-balancing.
16:18:03:960  INFO 32452 --- [main] pertySourcedRequestMappingHandlerMapping : Mapped URL path [/v2/api-docs] onto method [springfox.documentation.swagger2.web.Swagger2ControllerWebMvc#getDocumentation(String, HttpServletRequest)]
16:18:05:479  INFO 32452 --- [main] com.alibaba.nacos.common.remote.client   : [RpcClientFactory] create a new rpc client of e0c1ea75-e38d-4795-84a9-e70f5c7929aa
16:18:05:480  INFO 32452 --- [main] com.alibaba.nacos.common.remote.client   : [e0c1ea75-e38d-4795-84a9-e70f5c7929aa] RpcClient init label, labels = {module=naming, source=sdk}
16:18:05:483  INFO 32452 --- [main] com.alibaba.nacos.common.remote.client   : [e0c1ea75-e38d-4795-84a9-e70f5c7929aa] RpcClient init, ServerListFactory = com.alibaba.nacos.client.naming.core.ServerListManager
16:18:05:483  INFO 32452 --- [main] com.alibaba.nacos.common.remote.client   : [e0c1ea75-e38d-4795-84a9-e70f5c7929aa] Registry connection listener to current client:com.alibaba.nacos.client.naming.remote.gprc.redo.NamingGrpcRedoService
16:18:05:484  INFO 32452 --- [main] com.alibaba.nacos.common.remote.client   : [e0c1ea75-e38d-4795-84a9-e70f5c7929aa] Register server push request handler:com.alibaba.nacos.client.naming.remote.gprc.NamingPushRequestHandler
16:18:05:485  INFO 32452 --- [main] com.alibaba.nacos.common.remote.client   : [e0c1ea75-e38d-4795-84a9-e70f5c7929aa] Try to connect to server on start up, server: {serverIp = '192.168.88.130', server main port = 8848}
16:18:05:618  INFO 32452 --- [main] com.alibaba.nacos.common.remote.client   : [e0c1ea75-e38d-4795-84a9-e70f5c7929aa] Success to connect to server [192.168.88.130:8848] on start up, connectionId = 1722932285961_192.168.88.1_10909
16:18:05:618  INFO 32452 --- [main] com.alibaba.nacos.common.remote.client   : [e0c1ea75-e38d-4795-84a9-e70f5c7929aa] Register server push request handler:com.alibaba.nacos.common.remote.client.RpcClient$ConnectResetRequestHandler
16:18:05:618  INFO 32452 --- [main] com.alibaba.nacos.common.remote.client   : [e0c1ea75-e38d-4795-84a9-e70f5c7929aa] Register server push request handler:com.alibaba.nacos.common.remote.client.RpcClient$$Lambda$474/0x000000080042c040
16:18:05:618  INFO 32452 --- [com.alibaba.nacos.client.remote.worker] com.alibaba.nacos.common.remote.client   : [e0c1ea75-e38d-4795-84a9-e70f5c7929aa] Notify connected event to listeners.
16:18:05:708  INFO 32452 --- [main] o.s.b.w.embedded.tomcat.TomcatWebServer  : Tomcat started on port(s): 8086 (http) with context path ''
16:18:05:737  INFO 32452 --- [main] c.a.c.n.registry.NacosServiceRegistry    : nacos registry, DEFAULT_GROUP trade-service 192.168.88.1:8086 register finished
16:18:06:262  INFO 32452 --- [nacos-grpc-client-executor-6] com.alibaba.nacos.common.remote.client   : [e0c1ea75-e38d-4795-84a9-e70f5c7929aa] Receive server push request, request = NotifySubscriberRequest, requestId = 665
16:18:06:266  INFO 32452 --- [nacos-grpc-client-executor-6] com.alibaba.nacos.common.remote.client   : [e0c1ea75-e38d-4795-84a9-e70f5c7929aa] Ack server push request, request = NotifySubscriberRequest, requestId = 665
16:18:06:942  INFO 32452 --- [main] d.s.w.p.DocumentationPluginsBootstrapper : Documentation plugins bootstrapped
16:18:06:948  INFO 32452 --- [main] d.s.w.p.DocumentationPluginsBootstrapper : Found 1 custom documentation plugin(s)
16:18:06:975  INFO 32452 --- [main] s.d.s.w.s.ApiListingReferenceScanner     : Scanning for api listing references
16:18:07:118  INFO 32452 --- [main] com.hmall.trade.TradeApplication         : Started TradeApplication in 24.092 seconds (JVM running for 26.455)
16:18:07:126  INFO 32452 --- [main] c.a.c.n.refresh.NacosContextRefresher    : [Nacos Config] Listening config: dataId=trade-service, group=DEFAULT_GROUP
16:18:07:126  INFO 32452 --- [main] c.a.c.n.refresh.NacosContextRefresher    : [Nacos Config] Listening config: dataId=trade-service-local.yaml, group=DEFAULT_GROUP
16:18:07:127  INFO 32452 --- [main] c.a.c.n.refresh.NacosContextRefresher    : [Nacos Config] Listening config: dataId=trade-service.yaml, group=DEFAULT_GROUP
16:32:00:656  WARN 32452 --- [Thread-1] c.a.n.common.http.HttpClientBeanHolder   : [HttpClientBeanHolder] Start destroying common HttpClient
16:32:00:656  WARN 32452 --- [Thread-5] c.a.nacos.common.notify.NotifyCenter     : [NotifyCenter] Start destroying Publisher
16:32:00:660  WARN 32452 --- [Thread-5] c.a.nacos.common.notify.NotifyCenter     : [NotifyCenter] Destruction of the end
16:32:00:665  WARN 32452 --- [Thread-1] c.a.n.common.http.HttpClientBeanHolder   : [HttpClientBeanHolder] Destruction of the end
16:32:01:480  INFO 32452 --- [SpringApplicationShutdownHook] c.a.c.n.registry.NacosServiceRegistry    : De-registering from Nacos Server now...
16:32:01:488  INFO 32452 --- [SpringApplicationShutdownHook] c.a.c.n.registry.NacosServiceRegistry    : De-registration finished.
16:32:01:815  INFO 32452 --- [SpringApplicationShutdownHook] com.alibaba.nacos.common.remote.client   : Shutdown rpc client, set status to shutdown
16:32:01:815  INFO 32452 --- [SpringApplicationShutdownHook] com.alibaba.nacos.common.remote.client   : Shutdown client event executor java.util.concurrent.ScheduledThreadPoolExecutor@293bab1e[Running, pool size = 2, active threads = 2, queued tasks = 0, completed tasks = 0]
16:32:01:815  INFO 32452 --- [SpringApplicationShutdownHook] com.alibaba.nacos.common.remote.client   : Close current connection 1722932285961_192.168.88.1_10909
16:32:01:825  INFO 32452 --- [SpringApplicationShutdownHook] c.a.n.c.remote.client.grpc.GrpcClient    : Shutdown grpc executor java.util.concurrent.ThreadPoolExecutor@700fcb4b[Running, pool size = 4, active threads = 0, queued tasks = 0, completed tasks = 200]
16:32:33:858  INFO 48608 --- [main] com.hmall.trade.TradeApplication         : The following 1 profile is active: "local"
16:32:35:041  INFO 48608 --- [main] .s.d.r.c.RepositoryConfigurationDelegate : Multiple Spring Data modules found, entering strict repository configuration mode
16:32:35:044  INFO 48608 --- [main] .s.d.r.c.RepositoryConfigurationDelegate : Bootstrapping Spring Data Redis repositories in DEFAULT mode.
16:32:35:085  INFO 48608 --- [main] .s.d.r.c.RepositoryConfigurationDelegate : Finished Spring Data repository scanning in 19 ms. Found 0 Redis repository interfaces.
16:32:35:513  INFO 48608 --- [main] o.s.cloud.context.scope.GenericScope     : BeanFactory id=3329af47-425d-35fd-a3fe-61c93622d941
16:32:36:383  INFO 48608 --- [main] o.s.b.w.embedded.tomcat.TomcatWebServer  : Tomcat initialized with port(s): 8086 (http)
16:32:36:409  INFO 48608 --- [main] o.apache.catalina.core.StandardService   : Starting service [Tomcat]
16:32:36:409  INFO 48608 --- [main] org.apache.catalina.core.StandardEngine  : Starting Servlet engine: [Apache Tomcat/9.0.75]
16:32:36:737  INFO 48608 --- [main] o.a.c.c.C.[Tomcat].[localhost].[/]       : Initializing Spring embedded WebApplicationContext
16:32:36:737  INFO 48608 --- [main] w.s.c.ServletWebServerApplicationContext : Root WebApplicationContext: initialization completed in 2855 ms
16:32:37:084  INFO 48608 --- [main] o.s.c.openfeign.FeignClientFactoryBean   : For 'item-service' URL not provided. Will try picking an instance via load-balancing.
16:32:42:066  INFO 48608 --- [main] o.s.c.openfeign.FeignClientFactoryBean   : For 'cart-service' URL not provided. Will try picking an instance via load-balancing.
16:32:43:052  INFO 48608 --- [main] pertySourcedRequestMappingHandlerMapping : Mapped URL path [/v2/api-docs] onto method [springfox.documentation.swagger2.web.Swagger2ControllerWebMvc#getDocumentation(String, HttpServletRequest)]
16:32:43:938  INFO 48608 --- [main] com.alibaba.nacos.common.remote.client   : [RpcClientFactory] create a new rpc client of 978fb6d9-831e-4e4e-b16a-5c7f95c5b8f7
16:32:43:938  INFO 48608 --- [main] com.alibaba.nacos.common.remote.client   : [978fb6d9-831e-4e4e-b16a-5c7f95c5b8f7] RpcClient init label, labels = {module=naming, source=sdk}
16:32:43:940  INFO 48608 --- [main] com.alibaba.nacos.common.remote.client   : [978fb6d9-831e-4e4e-b16a-5c7f95c5b8f7] RpcClient init, ServerListFactory = com.alibaba.nacos.client.naming.core.ServerListManager
16:32:43:940  INFO 48608 --- [main] com.alibaba.nacos.common.remote.client   : [978fb6d9-831e-4e4e-b16a-5c7f95c5b8f7] Registry connection listener to current client:com.alibaba.nacos.client.naming.remote.gprc.redo.NamingGrpcRedoService
16:32:43:940  INFO 48608 --- [main] com.alibaba.nacos.common.remote.client   : [978fb6d9-831e-4e4e-b16a-5c7f95c5b8f7] Register server push request handler:com.alibaba.nacos.client.naming.remote.gprc.NamingPushRequestHandler
16:32:43:941  INFO 48608 --- [main] com.alibaba.nacos.common.remote.client   : [978fb6d9-831e-4e4e-b16a-5c7f95c5b8f7] Try to connect to server on start up, server: {serverIp = '192.168.88.130', server main port = 8848}
16:32:44:065  INFO 48608 --- [main] com.alibaba.nacos.common.remote.client   : [978fb6d9-831e-4e4e-b16a-5c7f95c5b8f7] Success to connect to server [192.168.88.130:8848] on start up, connectionId = 1722933164419_192.168.88.1_14178
16:32:44:065  INFO 48608 --- [main] com.alibaba.nacos.common.remote.client   : [978fb6d9-831e-4e4e-b16a-5c7f95c5b8f7] Register server push request handler:com.alibaba.nacos.common.remote.client.RpcClient$ConnectResetRequestHandler
16:32:44:065  INFO 48608 --- [main] com.alibaba.nacos.common.remote.client   : [978fb6d9-831e-4e4e-b16a-5c7f95c5b8f7] Register server push request handler:com.alibaba.nacos.common.remote.client.RpcClient$$Lambda$474/0x000000080041c440
16:32:44:065  INFO 48608 --- [com.alibaba.nacos.client.remote.worker] com.alibaba.nacos.common.remote.client   : [978fb6d9-831e-4e4e-b16a-5c7f95c5b8f7] Notify connected event to listeners.
16:32:44:109  INFO 48608 --- [main] o.s.b.w.embedded.tomcat.TomcatWebServer  : Tomcat started on port(s): 8086 (http) with context path ''
16:32:44:140  INFO 48608 --- [main] c.a.c.n.registry.NacosServiceRegistry    : nacos registry, DEFAULT_GROUP trade-service 192.168.88.1:8086 register finished
16:32:44:649  INFO 48608 --- [main] d.s.w.p.DocumentationPluginsBootstrapper : Documentation plugins bootstrapped
16:32:44:652  INFO 48608 --- [main] d.s.w.p.DocumentationPluginsBootstrapper : Found 1 custom documentation plugin(s)
16:32:44:660  INFO 48608 --- [nacos-grpc-client-executor-5] com.alibaba.nacos.common.remote.client   : [978fb6d9-831e-4e4e-b16a-5c7f95c5b8f7] Receive server push request, request = NotifySubscriberRequest, requestId = 680
16:32:44:663  INFO 48608 --- [nacos-grpc-client-executor-5] com.alibaba.nacos.common.remote.client   : [978fb6d9-831e-4e4e-b16a-5c7f95c5b8f7] Ack server push request, request = NotifySubscriberRequest, requestId = 680
16:32:44:665  INFO 48608 --- [main] s.d.s.w.s.ApiListingReferenceScanner     : Scanning for api listing references
16:32:44:717  INFO 48608 --- [main] com.hmall.trade.TradeApplication         : Started TradeApplication in 21.233 seconds (JVM running for 23.31)
16:32:44:721  INFO 48608 --- [main] c.a.c.n.refresh.NacosContextRefresher    : [Nacos Config] Listening config: dataId=trade-service, group=DEFAULT_GROUP
16:32:44:722  INFO 48608 --- [main] c.a.c.n.refresh.NacosContextRefresher    : [Nacos Config] Listening config: dataId=trade-service-local.yaml, group=DEFAULT_GROUP
16:32:44:722  INFO 48608 --- [main] c.a.c.n.refresh.NacosContextRefresher    : [Nacos Config] Listening config: dataId=trade-service.yaml, group=DEFAULT_GROUP
16:45:12:065  WARN 48608 --- [Thread-1] c.a.n.common.http.HttpClientBeanHolder   : [HttpClientBeanHolder] Start destroying common HttpClient
16:45:12:064  WARN 48608 --- [Thread-5] c.a.nacos.common.notify.NotifyCenter     : [NotifyCenter] Start destroying Publisher
16:45:12:068  WARN 48608 --- [Thread-5] c.a.nacos.common.notify.NotifyCenter     : [NotifyCenter] Destruction of the end
16:45:12:069  WARN 48608 --- [Thread-1] c.a.n.common.http.HttpClientBeanHolder   : [HttpClientBeanHolder] Destruction of the end
16:45:12:718  INFO 48608 --- [SpringApplicationShutdownHook] c.a.c.n.registry.NacosServiceRegistry    : De-registering from Nacos Server now...
16:45:12:727  INFO 48608 --- [SpringApplicationShutdownHook] c.a.c.n.registry.NacosServiceRegistry    : De-registration finished.
16:45:13:050  INFO 48608 --- [SpringApplicationShutdownHook] com.alibaba.nacos.common.remote.client   : Shutdown rpc client, set status to shutdown
16:45:13:050  INFO 48608 --- [SpringApplicationShutdownHook] com.alibaba.nacos.common.remote.client   : Shutdown client event executor java.util.concurrent.ScheduledThreadPoolExecutor@4b12c568[Running, pool size = 2, active threads = 2, queued tasks = 0, completed tasks = 0]
16:45:13:051  INFO 48608 --- [SpringApplicationShutdownHook] com.alibaba.nacos.common.remote.client   : Close current connection 1722933164419_192.168.88.1_14178
16:45:13:052  INFO 48608 --- [SpringApplicationShutdownHook] c.a.n.c.remote.client.grpc.GrpcClient    : Shutdown grpc executor java.util.concurrent.ThreadPoolExecutor@4f4dad48[Running, pool size = 7, active threads = 0, queued tasks = 0, completed tasks = 185]
16:45:47:347  INFO 49788 --- [main] com.hmall.trade.TradeApplication         : The following 1 profile is active: "local"
16:45:48:509  INFO 49788 --- [main] .s.d.r.c.RepositoryConfigurationDelegate : Multiple Spring Data modules found, entering strict repository configuration mode
16:45:48:511  INFO 49788 --- [main] .s.d.r.c.RepositoryConfigurationDelegate : Bootstrapping Spring Data Redis repositories in DEFAULT mode.
16:45:48:542  INFO 49788 --- [main] .s.d.r.c.RepositoryConfigurationDelegate : Finished Spring Data repository scanning in 12 ms. Found 0 Redis repository interfaces.
16:45:48:885  INFO 49788 --- [main] o.s.cloud.context.scope.GenericScope     : BeanFactory id=b421d5fe-4e23-3da5-992f-30c183134fb2
16:45:49:644  INFO 49788 --- [main] o.s.b.w.embedded.tomcat.TomcatWebServer  : Tomcat initialized with port(s): 8086 (http)
16:45:49:658  INFO 49788 --- [main] o.apache.catalina.core.StandardService   : Starting service [Tomcat]
16:45:49:659  INFO 49788 --- [main] org.apache.catalina.core.StandardEngine  : Starting Servlet engine: [Apache Tomcat/9.0.75]
16:45:49:907  INFO 49788 --- [main] o.a.c.c.C.[Tomcat].[localhost].[/]       : Initializing Spring embedded WebApplicationContext
16:45:49:910  INFO 49788 --- [main] w.s.c.ServletWebServerApplicationContext : Root WebApplicationContext: initialization completed in 2536 ms
16:45:50:364  INFO 49788 --- [main] o.s.c.openfeign.FeignClientFactoryBean   : For 'item-service' URL not provided. Will try picking an instance via load-balancing.
16:45:54:208  INFO 49788 --- [main] o.s.c.openfeign.FeignClientFactoryBean   : For 'cart-service' URL not provided. Will try picking an instance via load-balancing.
16:45:54:600  INFO 49788 --- [main] c.a.c.sentinel.SentinelWebMvcConfigurer  : [Sentinel Starter] register SentinelWebInterceptor with urlPatterns: [/**].
16:45:56:371  INFO 49788 --- [main] pertySourcedRequestMappingHandlerMapping : Mapped URL path [/v2/api-docs] onto method [springfox.documentation.swagger2.web.Swagger2ControllerWebMvc#getDocumentation(String, HttpServletRequest)]
16:45:58:484  INFO 49788 --- [main] com.alibaba.nacos.common.remote.client   : [RpcClientFactory] create a new rpc client of e8c1b712-7f6a-4e1d-b501-a1cdf3b2f725
16:45:58:484  INFO 49788 --- [main] com.alibaba.nacos.common.remote.client   : [e8c1b712-7f6a-4e1d-b501-a1cdf3b2f725] RpcClient init label, labels = {module=naming, source=sdk}
16:45:58:488  INFO 49788 --- [main] com.alibaba.nacos.common.remote.client   : [e8c1b712-7f6a-4e1d-b501-a1cdf3b2f725] RpcClient init, ServerListFactory = com.alibaba.nacos.client.naming.core.ServerListManager
16:45:58:488  INFO 49788 --- [main] com.alibaba.nacos.common.remote.client   : [e8c1b712-7f6a-4e1d-b501-a1cdf3b2f725] Registry connection listener to current client:com.alibaba.nacos.client.naming.remote.gprc.redo.NamingGrpcRedoService
16:45:58:489  INFO 49788 --- [main] com.alibaba.nacos.common.remote.client   : [e8c1b712-7f6a-4e1d-b501-a1cdf3b2f725] Register server push request handler:com.alibaba.nacos.client.naming.remote.gprc.NamingPushRequestHandler
16:45:58:490  INFO 49788 --- [main] com.alibaba.nacos.common.remote.client   : [e8c1b712-7f6a-4e1d-b501-a1cdf3b2f725] Try to connect to server on start up, server: {serverIp = '192.168.88.130', server main port = 8848}
16:45:58:633  INFO 49788 --- [main] com.alibaba.nacos.common.remote.client   : [e8c1b712-7f6a-4e1d-b501-a1cdf3b2f725] Success to connect to server [192.168.88.130:8848] on start up, connectionId = 1722933958979_192.168.88.1_16862
16:45:58:633  INFO 49788 --- [main] com.alibaba.nacos.common.remote.client   : [e8c1b712-7f6a-4e1d-b501-a1cdf3b2f725] Register server push request handler:com.alibaba.nacos.common.remote.client.RpcClient$ConnectResetRequestHandler
16:45:58:633  INFO 49788 --- [com.alibaba.nacos.client.remote.worker] com.alibaba.nacos.common.remote.client   : [e8c1b712-7f6a-4e1d-b501-a1cdf3b2f725] Notify connected event to listeners.
16:45:58:633  INFO 49788 --- [main] com.alibaba.nacos.common.remote.client   : [e8c1b712-7f6a-4e1d-b501-a1cdf3b2f725] Register server push request handler:com.alibaba.nacos.common.remote.client.RpcClient$$Lambda$474/0x000000080041d840
16:45:58:705  INFO 49788 --- [main] o.s.b.w.embedded.tomcat.TomcatWebServer  : Tomcat started on port(s): 8086 (http) with context path ''
16:45:58:724  INFO 49788 --- [main] c.a.c.n.registry.NacosServiceRegistry    : nacos registry, DEFAULT_GROUP trade-service 192.168.88.1:8086 register finished
16:45:59:214  INFO 49788 --- [nacos-grpc-client-executor-7] com.alibaba.nacos.common.remote.client   : [e8c1b712-7f6a-4e1d-b501-a1cdf3b2f725] Receive server push request, request = NotifySubscriberRequest, requestId = 700
16:45:59:219  INFO 49788 --- [nacos-grpc-client-executor-7] com.alibaba.nacos.common.remote.client   : [e8c1b712-7f6a-4e1d-b501-a1cdf3b2f725] Ack server push request, request = NotifySubscriberRequest, requestId = 700
16:46:00:014  INFO 49788 --- [main] d.s.w.p.DocumentationPluginsBootstrapper : Documentation plugins bootstrapped
16:46:00:018  INFO 49788 --- [main] d.s.w.p.DocumentationPluginsBootstrapper : Found 1 custom documentation plugin(s)
16:46:00:046  INFO 49788 --- [main] s.d.s.w.s.ApiListingReferenceScanner     : Scanning for api listing references
16:46:00:183  INFO 49788 --- [main] com.hmall.trade.TradeApplication         : Started TradeApplication in 20.955 seconds (JVM running for 22.836)
16:46:00:192  INFO 49788 --- [main] c.a.c.n.refresh.NacosContextRefresher    : [Nacos Config] Listening config: dataId=trade-service, group=DEFAULT_GROUP
16:46:00:193  INFO 49788 --- [main] c.a.c.n.refresh.NacosContextRefresher    : [Nacos Config] Listening config: dataId=trade-service-local.yaml, group=DEFAULT_GROUP
16:46:00:194  INFO 49788 --- [main] c.a.c.n.refresh.NacosContextRefresher    : [Nacos Config] Listening config: dataId=trade-service.yaml, group=DEFAULT_GROUP
17:28:34:310  INFO 49788 --- [nacos-grpc-client-executor-590] com.alibaba.nacos.common.remote.client   : [a63d88eb-b70e-4b3b-ac19-e050a881c123_config-0] Receive server push request, request = ClientDetectionRequest, requestId = 712
17:28:34:315  INFO 49788 --- [nacos-grpc-client-executor-590] com.alibaba.nacos.common.remote.client   : [a63d88eb-b70e-4b3b-ac19-e050a881c123_config-0] Ack server push request, request = ClientDetectionRequest, requestId = 712
17:28:34:361  INFO 49788 --- [nacos-grpc-client-executor-578] com.alibaba.nacos.common.remote.client   : [e8c1b712-7f6a-4e1d-b501-a1cdf3b2f725] Receive server push request, request = ClientDetectionRequest, requestId = 713
17:28:34:361  INFO 49788 --- [nacos-grpc-client-executor-578] com.alibaba.nacos.common.remote.client   : [e8c1b712-7f6a-4e1d-b501-a1cdf3b2f725] Ack server push request, request = ClientDetectionRequest, requestId = 713
17:28:36:407 ERROR 49788 --- [nacos-grpc-client-executor-591] c.a.n.c.remote.client.grpc.GrpcClient    : [1722933947299_192.168.88.1_16840]Request stream onCompleted, switch server
17:28:36:409  INFO 49788 --- [com.alibaba.nacos.client.remote.worker] com.alibaba.nacos.common.remote.client   : [a63d88eb-b70e-4b3b-ac19-e050a881c123_config-0] Try to reconnect to a new server, server is  not appointed, will choose a random server.
17:28:36:414 ERROR 49788 --- [nacos-grpc-client-executor-579] c.a.n.c.remote.client.grpc.GrpcClient    : [1722933958979_192.168.88.1_16862]Request stream onCompleted, switch server
17:28:36:414  INFO 49788 --- [com.alibaba.nacos.client.remote.worker] com.alibaba.nacos.common.remote.client   : [e8c1b712-7f6a-4e1d-b501-a1cdf3b2f725] Try to reconnect to a new server, server is  not appointed, will choose a random server.
17:28:36:920  INFO 49788 --- [com.alibaba.nacos.client.remote.worker] com.alibaba.nacos.common.remote.client   : [a63d88eb-b70e-4b3b-ac19-e050a881c123_config-0] Success to connect a server [192.168.88.130:8848], connectionId = 1722936517254_192.168.88.1_24725
17:28:36:920  INFO 49788 --- [com.alibaba.nacos.client.remote.worker] com.alibaba.nacos.common.remote.client   : [e8c1b712-7f6a-4e1d-b501-a1cdf3b2f725] Success to connect a server [192.168.88.130:8848], connectionId = 1722936517270_192.168.88.1_24724
17:28:36:920  INFO 49788 --- [com.alibaba.nacos.client.remote.worker] com.alibaba.nacos.common.remote.client   : [a63d88eb-b70e-4b3b-ac19-e050a881c123_config-0] Abandon prev connection, server is 192.168.88.130:8848, connectionId is 1722933947299_192.168.88.1_16840
17:28:36:920  INFO 49788 --- [com.alibaba.nacos.client.remote.worker] com.alibaba.nacos.common.remote.client   : [e8c1b712-7f6a-4e1d-b501-a1cdf3b2f725] Abandon prev connection, server is 192.168.88.130:8848, connectionId is 1722933958979_192.168.88.1_16862
17:28:36:920  INFO 49788 --- [com.alibaba.nacos.client.remote.worker] com.alibaba.nacos.common.remote.client   : Close current connection 1722933958979_192.168.88.1_16862
17:28:36:920  INFO 49788 --- [com.alibaba.nacos.client.remote.worker] com.alibaba.nacos.common.remote.client   : Close current connection 1722933947299_192.168.88.1_16840
17:28:36:925  INFO 49788 --- [com.alibaba.nacos.client.remote.worker] com.alibaba.nacos.common.remote.client   : [e8c1b712-7f6a-4e1d-b501-a1cdf3b2f725] Notify disconnected event to listeners
17:28:36:926  INFO 49788 --- [com.alibaba.nacos.client.remote.worker] com.alibaba.nacos.common.remote.client   : [a63d88eb-b70e-4b3b-ac19-e050a881c123_config-0] Notify disconnected event to listeners
17:28:36:927  INFO 49788 --- [com.alibaba.nacos.client.remote.worker] com.alibaba.nacos.common.remote.client   : [a63d88eb-b70e-4b3b-ac19-e050a881c123_config-0] Notify connected event to listeners.
17:28:36:930  INFO 49788 --- [com.alibaba.nacos.client.remote.worker] com.alibaba.nacos.common.remote.client   : [e8c1b712-7f6a-4e1d-b501-a1cdf3b2f725] Notify connected event to listeners.
17:28:37:577  INFO 49788 --- [nacos-grpc-client-executor-585] com.alibaba.nacos.common.remote.client   : [e8c1b712-7f6a-4e1d-b501-a1cdf3b2f725] Receive server push request, request = NotifySubscriberRequest, requestId = 722
17:28:37:577  INFO 49788 --- [nacos-grpc-client-executor-585] com.alibaba.nacos.common.remote.client   : [e8c1b712-7f6a-4e1d-b501-a1cdf3b2f725] Ack server push request, request = NotifySubscriberRequest, requestId = 722
20:31:39:066  INFO 49788 --- [nacos-grpc-client-executor-870] com.alibaba.nacos.common.remote.client   : [e8c1b712-7f6a-4e1d-b501-a1cdf3b2f725] Receive server push request, request = ClientDetectionRequest, requestId = 749
20:31:39:071  INFO 49788 --- [nacos-grpc-client-executor-870] com.alibaba.nacos.common.remote.client   : [e8c1b712-7f6a-4e1d-b501-a1cdf3b2f725] Ack server push request, request = ClientDetectionRequest, requestId = 749
21:32:47:442  INFO 49788 --- [com.alibaba.nacos.client.remote.worker] com.alibaba.nacos.common.remote.client   : [a63d88eb-b70e-4b3b-ac19-e050a881c123_config-0] Server healthy check fail, currentConnection = 1722936517254_192.168.88.1_24725
21:32:47:445  INFO 49788 --- [com.alibaba.nacos.client.remote.worker] com.alibaba.nacos.common.remote.client   : [a63d88eb-b70e-4b3b-ac19-e050a881c123_config-0] Try to reconnect to a new server, server is  not appointed, will choose a random server.
21:32:50:491 ERROR 49788 --- [com.alibaba.nacos.client.remote.worker] c.a.n.c.remote.client.grpc.GrpcClient    : Server check fail, please check server 192.168.88.130 ,port 9848 is available , error ={}

java.util.concurrent.TimeoutException: Waited 3000 milliseconds (plus 2 milliseconds, 939700 nanoseconds delay) for com.alibaba.nacos.shaded.io.grpc.stub.ClientCalls$GrpcFuture@3f2afa60[status=PENDING, info=[GrpcFuture{clientCall={delegate={delegate=ClientCallImpl{method=MethodDescriptor{fullMethodName=Request/request, type=UNARY, idempotent=false, safe=false, sampledToLocalTracing=true, requestMarshaller=com.alibaba.nacos.shaded.io.grpc.protobuf.lite.ProtoLiteUtils$MessageMarshaller@2af54730, responseMarshaller=com.alibaba.nacos.shaded.io.grpc.protobuf.lite.ProtoLiteUtils$MessageMarshaller@24525174, schemaDescriptor=com.alibaba.nacos.api.grpc.auto.RequestGrpc$RequestMethodDescriptorSupplier@7c39c387}}}}}]]
	at com.alibaba.nacos.shaded.com.google.common.util.concurrent.AbstractFuture.get(AbstractFuture.java:508) ~[nacos-client-2.0.4.jar:na]
	at com.alibaba.nacos.common.remote.client.grpc.GrpcClient.serverCheck(GrpcClient.java:148) ~[nacos-client-2.0.4.jar:na]
	at com.alibaba.nacos.common.remote.client.grpc.GrpcClient.connectToServer(GrpcClient.java:264) ~[nacos-client-2.0.4.jar:na]
	at com.alibaba.nacos.common.remote.client.RpcClient.reconnect(RpcClient.java:522) ~[nacos-client-2.0.4.jar:na]
	at com.alibaba.nacos.common.remote.client.RpcClient.lambda$start$2(RpcClient.java:370) ~[nacos-client-2.0.4.jar:na]
	at java.base/java.util.concurrent.Executors$RunnableAdapter.call(Executors.java:515) ~[na:na]
	at java.base/java.util.concurrent.FutureTask.run(FutureTask.java:264) ~[na:na]
	at java.base/java.util.concurrent.ScheduledThreadPoolExecutor$ScheduledFutureTask.run(ScheduledThreadPoolExecutor.java:304) ~[na:na]
	at java.base/java.util.concurrent.ThreadPoolExecutor.runWorker(ThreadPoolExecutor.java:1128) ~[na:na]
	at java.base/java.util.concurrent.ThreadPoolExecutor$Worker.run(ThreadPoolExecutor.java:628) ~[na:na]
	at java.base/java.lang.Thread.run(Thread.java:834) ~[na:na]

21:32:52:452  INFO 49788 --- [com.alibaba.nacos.client.remote.worker] com.alibaba.nacos.common.remote.client   : [a63d88eb-b70e-4b3b-ac19-e050a881c123_config-0] Success to connect a server [192.168.88.130:8848], connectionId = 1722951172783_192.168.88.1_23738
21:32:52:453  INFO 49788 --- [com.alibaba.nacos.client.remote.worker] com.alibaba.nacos.common.remote.client   : [a63d88eb-b70e-4b3b-ac19-e050a881c123_config-0] Abandon prev connection, server is 192.168.88.130:8848, connectionId is 1722936517254_192.168.88.1_24725
21:32:52:455  INFO 49788 --- [com.alibaba.nacos.client.remote.worker] com.alibaba.nacos.common.remote.client   : Close current connection 1722936517254_192.168.88.1_24725
21:32:52:456  INFO 49788 --- [com.alibaba.nacos.client.remote.worker] com.alibaba.nacos.common.remote.client   : [a63d88eb-b70e-4b3b-ac19-e050a881c123_config-0] Notify disconnected event to listeners
21:32:52:457  INFO 49788 --- [com.alibaba.nacos.client.remote.worker] com.alibaba.nacos.common.remote.client   : [a63d88eb-b70e-4b3b-ac19-e050a881c123_config-0] Notify connected event to listeners.
21:32:52:461  WARN 49788 --- [nacos-grpc-client-executor-1690] c.a.n.c.remote.client.grpc.GrpcClient    : [1722936517254_192.168.88.1_24725]Ignore error event,isRunning:true,isAbandon=true
22:07:31:925  WARN 49788 --- [Thread-5] c.a.nacos.common.notify.NotifyCenter     : [NotifyCenter] Start destroying Publisher
22:07:31:925  WARN 49788 --- [Thread-1] c.a.n.common.http.HttpClientBeanHolder   : [HttpClientBeanHolder] Start destroying common HttpClient
22:07:31:929  WARN 49788 --- [Thread-5] c.a.nacos.common.notify.NotifyCenter     : [NotifyCenter] Destruction of the end
22:07:31:932  WARN 49788 --- [Thread-1] c.a.n.common.http.HttpClientBeanHolder   : [HttpClientBeanHolder] Destruction of the end
22:07:32:592  INFO 49788 --- [SpringApplicationShutdownHook] c.a.c.n.registry.NacosServiceRegistry    : De-registering from Nacos Server now...
22:07:32:612  INFO 49788 --- [SpringApplicationShutdownHook] c.a.c.n.registry.NacosServiceRegistry    : De-registration finished.
22:07:32:939  INFO 49788 --- [SpringApplicationShutdownHook] com.alibaba.nacos.common.remote.client   : Shutdown rpc client, set status to shutdown
22:07:32:939  INFO 49788 --- [SpringApplicationShutdownHook] com.alibaba.nacos.common.remote.client   : Shutdown client event executor java.util.concurrent.ScheduledThreadPoolExecutor@6d4b15ad[Running, pool size = 2, active threads = 2, queued tasks = 0, completed tasks = 0]
22:07:32:939  INFO 49788 --- [SpringApplicationShutdownHook] com.alibaba.nacos.common.remote.client   : Close current connection 1722936517270_192.168.88.1_24724
22:07:32:940  INFO 49788 --- [SpringApplicationShutdownHook] c.a.n.c.remote.client.grpc.GrpcClient    : Shutdown grpc executor java.util.concurrent.ThreadPoolExecutor@7046888b[Running, pool size = 5, active threads = 0, queued tasks = 0, completed tasks = 2165]
