12:01:38:834  INFO 9680 --- [main] com.hmall.item.ItemApplication           : Starting ItemApplication using Java 11.0.23 on quyang with PID 9680 (E:\E\ProjectFile\hmall\item-service\target\classes started by huyang in E:\E\ProjectFile\hmall)
12:01:38:837 DEBUG 9680 --- [main] com.hmall.item.ItemApplication           : Running with Spring Boot v2.7.12, Spring v5.3.27
12:01:38:838  INFO 9680 --- [main] com.hmall.item.ItemApplication           : The following 1 profile is active: "local"
12:01:39:438  INFO 9680 --- [main] o.s.cloud.context.scope.GenericScope     : BeanFactory id=34af7032-8c77-341e-ba46-07b62f1fe288
12:01:39:654  INFO 9680 --- [main] o.s.b.w.embedded.tomcat.TomcatWebServer  : Tomcat initialized with port(s): 8081 (http)
12:01:39:661  INFO 9680 --- [main] o.apache.catalina.core.StandardService   : Starting service [Tomcat]
12:01:39:661  INFO 9680 --- [main] org.apache.catalina.core.StandardEngine  : Starting Servlet engine: [Apache Tomcat/9.0.75]
12:01:39:738  INFO 9680 --- [main] o.a.c.c.C.[Tomcat].[localhost].[/]       : Initializing Spring embedded WebApplicationContext
12:01:39:738  INFO 9680 --- [main] w.s.c.ServletWebServerApplicationContext : Root WebApplicationContext: initialization completed in 867 ms
12:01:42:065  INFO 9680 --- [main] pertySourcedRequestMappingHandlerMapping : Mapped URL path [/v2/api-docs] onto method [springfox.documentation.swagger2.web.Swagger2ControllerWebMvc#getDocumentation(String, HttpServletRequest)]
12:01:42:747  INFO 9680 --- [main] com.alibaba.nacos.common.remote.client   : [RpcClientFactory] create a new rpc client of 92c63d97-ea82-4c47-9e83-aa7742be0442
12:01:42:791  INFO 9680 --- [main] org.reflections.Reflections              : Reflections took 29 ms to scan 1 urls, producing 3 keys and 6 values 
12:01:42:810  INFO 9680 --- [main] org.reflections.Reflections              : Reflections took 8 ms to scan 1 urls, producing 4 keys and 9 values 
12:01:42:819  INFO 9680 --- [main] org.reflections.Reflections              : Reflections took 7 ms to scan 1 urls, producing 3 keys and 10 values 
12:01:42:822  WARN 9680 --- [main] org.reflections.Reflections              : given scan urls are empty. set urls in the configuration
12:01:42:832  INFO 9680 --- [main] org.reflections.Reflections              : Reflections took 9 ms to scan 1 urls, producing 1 keys and 5 values 
12:01:42:841  INFO 9680 --- [main] org.reflections.Reflections              : Reflections took 7 ms to scan 1 urls, producing 1 keys and 7 values 
12:01:42:849  INFO 9680 --- [main] org.reflections.Reflections              : Reflections took 6 ms to scan 1 urls, producing 2 keys and 8 values 
12:01:42:850  WARN 9680 --- [main] org.reflections.Reflections              : given scan urls are empty. set urls in the configuration
12:01:42:851  INFO 9680 --- [main] com.alibaba.nacos.common.remote.client   : [92c63d97-ea82-4c47-9e83-aa7742be0442] RpcClient init label, labels = {module=naming, source=sdk}
12:01:42:852  INFO 9680 --- [main] com.alibaba.nacos.common.remote.client   : [92c63d97-ea82-4c47-9e83-aa7742be0442] RpcClient init, ServerListFactory = com.alibaba.nacos.client.naming.core.ServerListManager
12:01:42:853  INFO 9680 --- [main] com.alibaba.nacos.common.remote.client   : [92c63d97-ea82-4c47-9e83-aa7742be0442] Registry connection listener to current client:com.alibaba.nacos.client.naming.remote.gprc.redo.NamingGrpcRedoService
12:01:42:853  INFO 9680 --- [main] com.alibaba.nacos.common.remote.client   : [92c63d97-ea82-4c47-9e83-aa7742be0442] Register server push request handler:com.alibaba.nacos.client.naming.remote.gprc.NamingPushRequestHandler
12:01:42:855  INFO 9680 --- [main] com.alibaba.nacos.common.remote.client   : [92c63d97-ea82-4c47-9e83-aa7742be0442] Try to connect to server on start up, server: {serverIp = '192.168.88.130', server main port = 8848}
12:01:44:239  INFO 9680 --- [main] com.alibaba.nacos.common.remote.client   : [92c63d97-ea82-4c47-9e83-aa7742be0442] Success to connect to server [192.168.88.130:8848] on start up, connectionId = 1722657704833_192.168.88.1_53547
12:01:44:240  INFO 9680 --- [main] com.alibaba.nacos.common.remote.client   : [92c63d97-ea82-4c47-9e83-aa7742be0442] Register server push request handler:com.alibaba.nacos.common.remote.client.RpcClient$ConnectResetRequestHandler
12:01:44:240  INFO 9680 --- [com.alibaba.nacos.client.remote.worker] com.alibaba.nacos.common.remote.client   : [92c63d97-ea82-4c47-9e83-aa7742be0442] Notify connected event to listeners.
12:01:44:241  INFO 9680 --- [main] com.alibaba.nacos.common.remote.client   : [92c63d97-ea82-4c47-9e83-aa7742be0442] Register server push request handler:com.alibaba.nacos.common.remote.client.RpcClient$$Lambda$903/0x00000008006c7840
12:01:44:288  INFO 9680 --- [main] o.s.b.w.embedded.tomcat.TomcatWebServer  : Tomcat started on port(s): 8081 (http) with context path ''
12:01:44:303  INFO 9680 --- [main] c.a.c.n.registry.NacosServiceRegistry    : nacos registry, DEFAULT_GROUP item-service 192.168.88.1:8081 register finished
12:01:44:676  INFO 9680 --- [main] d.s.w.p.DocumentationPluginsBootstrapper : Documentation plugins bootstrapped
12:01:44:678  INFO 9680 --- [main] d.s.w.p.DocumentationPluginsBootstrapper : Found 1 custom documentation plugin(s)
12:01:44:692  INFO 9680 --- [main] s.d.s.w.s.ApiListingReferenceScanner     : Scanning for api listing references
12:01:44:770  INFO 9680 --- [main] com.hmall.item.ItemApplication           : Started ItemApplication in 8.066 seconds (JVM running for 8.931)
12:01:44:856  INFO 9680 --- [nacos-grpc-client-executor-8] com.alibaba.nacos.common.remote.client   : [92c63d97-ea82-4c47-9e83-aa7742be0442] Receive server push request, request = NotifySubscriberRequest, requestId = 40
12:01:44:861  INFO 9680 --- [nacos-grpc-client-executor-8] com.alibaba.nacos.common.remote.client   : [92c63d97-ea82-4c47-9e83-aa7742be0442] Ack server push request, request = NotifySubscriberRequest, requestId = 40
14:06:47:427  INFO 9680 --- [com.alibaba.nacos.client.remote.worker] com.alibaba.nacos.common.remote.client   : [92c63d97-ea82-4c47-9e83-aa7742be0442] Server healthy check fail, currentConnection = 1722657704833_192.168.88.1_53547
14:06:47:433  INFO 9680 --- [com.alibaba.nacos.client.remote.worker] com.alibaba.nacos.common.remote.client   : [92c63d97-ea82-4c47-9e83-aa7742be0442] Try to reconnect to a new server, server is  not appointed, will choose a random server.
14:06:47:860 ERROR 9680 --- [com.alibaba.nacos.client.naming.updater.7] com.alibaba.nacos.common.remote.client   : Send request fail, request = ServiceQueryRequest{headers={app=unknown}, requestId='null'}, retryTimes = 0, errorMessage = Client not connected, current status:UNHEALTHY
14:06:47:970 ERROR 9680 --- [com.alibaba.nacos.client.naming.updater.7] com.alibaba.nacos.common.remote.client   : Send request fail, request = ServiceQueryRequest{headers={app=unknown}, requestId='null'}, retryTimes = 1, errorMessage = Client not connected, current status:UNHEALTHY
14:06:48:079 ERROR 9680 --- [com.alibaba.nacos.client.naming.updater.7] com.alibaba.nacos.common.remote.client   : Send request fail, request = ServiceQueryRequest{headers={app=unknown}, requestId='null'}, retryTimes = 2, errorMessage = Client not connected, current status:UNHEALTHY
14:06:50:213 ERROR 9680 --- [com.alibaba.nacos.client.naming.updater.7] com.alibaba.nacos.common.remote.client   : Send request fail, request = ServiceQueryRequest{headers={app=unknown}, requestId='null'}, retryTimes = 0, errorMessage = Client not connected, current status:UNHEALTHY
14:06:50:321 ERROR 9680 --- [com.alibaba.nacos.client.naming.updater.7] com.alibaba.nacos.common.remote.client   : Send request fail, request = ServiceQueryRequest{headers={app=unknown}, requestId='null'}, retryTimes = 1, errorMessage = Client not connected, current status:UNHEALTHY
14:06:50:432 ERROR 9680 --- [com.alibaba.nacos.client.naming.updater.7] com.alibaba.nacos.common.remote.client   : Send request fail, request = ServiceQueryRequest{headers={app=unknown}, requestId='null'}, retryTimes = 2, errorMessage = Client not connected, current status:UNHEALTHY
14:06:50:448 ERROR 9680 --- [com.alibaba.nacos.client.remote.worker] c.a.n.c.remote.client.grpc.GrpcClient    : Server check fail, please check server 192.168.88.130 ,port 9848 is available , error ={}

java.util.concurrent.TimeoutException: Waited 3000 milliseconds (plus 9 milliseconds, 791800 nanoseconds delay) for com.alibaba.nacos.shaded.io.grpc.stub.ClientCalls$GrpcFuture@73dd6563[status=PENDING, info=[GrpcFuture{clientCall={delegate={delegate=ClientCallImpl{method=MethodDescriptor{fullMethodName=Request/request, type=UNARY, idempotent=false, safe=false, sampledToLocalTracing=true, requestMarshaller=com.alibaba.nacos.shaded.io.grpc.protobuf.lite.ProtoLiteUtils$MessageMarshaller@3338c58c, responseMarshaller=com.alibaba.nacos.shaded.io.grpc.protobuf.lite.ProtoLiteUtils$MessageMarshaller@5d46f3ff, schemaDescriptor=com.alibaba.nacos.api.grpc.auto.RequestGrpc$RequestMethodDescriptorSupplier@3cd05830}}}}}]]
	at com.alibaba.nacos.shaded.com.google.common.util.concurrent.AbstractFuture.get(AbstractFuture.java:508) ~[nacos-client-2.0.4.jar:na]
	at com.alibaba.nacos.common.remote.client.grpc.GrpcClient.serverCheck(GrpcClient.java:148) ~[nacos-client-2.0.4.jar:na]
	at com.alibaba.nacos.common.remote.client.grpc.GrpcClient.connectToServer(GrpcClient.java:264) ~[nacos-client-2.0.4.jar:na]
	at com.alibaba.nacos.common.remote.client.RpcClient.reconnect(RpcClient.java:522) ~[nacos-client-2.0.4.jar:na]
	at com.alibaba.nacos.common.remote.client.RpcClient.lambda$start$2(RpcClient.java:370) ~[nacos-client-2.0.4.jar:na]
	at java.base/java.util.concurrent.Executors$RunnableAdapter.call(Executors.java:515) ~[na:na]
	at java.base/java.util.concurrent.FutureTask.run(FutureTask.java:264) ~[na:na]
	at java.base/java.util.concurrent.ScheduledThreadPoolExecutor$ScheduledFutureTask.run(ScheduledThreadPoolExecutor.java:304) ~[na:na]
	at java.base/java.util.concurrent.ThreadPoolExecutor.runWorker(ThreadPoolExecutor.java:1128) ~[na:na]
	at java.base/java.util.concurrent.ThreadPoolExecutor$Worker.run(ThreadPoolExecutor.java:628) ~[na:na]
	at java.base/java.lang.Thread.run(Thread.java:834) ~[na:na]

14:06:51:724  INFO 9680 --- [com.alibaba.nacos.client.remote.worker] com.alibaba.nacos.common.remote.client   : [92c63d97-ea82-4c47-9e83-aa7742be0442] Success to connect a server [192.168.88.130:8848], connectionId = 1722665212369_192.168.88.1_13345
14:06:51:724  INFO 9680 --- [com.alibaba.nacos.client.remote.worker] com.alibaba.nacos.common.remote.client   : [92c63d97-ea82-4c47-9e83-aa7742be0442] Abandon prev connection, server is 192.168.88.130:8848, connectionId is 1722657704833_192.168.88.1_53547
14:06:51:724  INFO 9680 --- [com.alibaba.nacos.client.remote.worker] com.alibaba.nacos.common.remote.client   : Close current connection 1722657704833_192.168.88.1_53547
14:06:51:725  INFO 9680 --- [com.alibaba.nacos.client.remote.worker] com.alibaba.nacos.common.remote.client   : [92c63d97-ea82-4c47-9e83-aa7742be0442] Notify disconnected event to listeners
14:06:51:726  WARN 9680 --- [nacos-grpc-client-executor-1724] c.a.n.c.remote.client.grpc.GrpcClient    : [1722657704833_192.168.88.1_53547]Ignore error event,isRunning:true,isAbandon=true
14:06:51:727  INFO 9680 --- [com.alibaba.nacos.client.remote.worker] com.alibaba.nacos.common.remote.client   : [92c63d97-ea82-4c47-9e83-aa7742be0442] Notify connected event to listeners.
14:06:53:628  INFO 9680 --- [nacos-grpc-client-executor-1728] com.alibaba.nacos.common.remote.client   : [92c63d97-ea82-4c47-9e83-aa7742be0442] Receive server push request, request = NotifySubscriberRequest, requestId = 49
14:06:53:629  INFO 9680 --- [nacos-grpc-client-executor-1728] com.alibaba.nacos.common.remote.client   : [92c63d97-ea82-4c47-9e83-aa7742be0442] Ack server push request, request = NotifySubscriberRequest, requestId = 49
15:04:26:036  WARN 9680 --- [Thread-4] c.a.nacos.common.notify.NotifyCenter     : [NotifyCenter] Start destroying Publisher
15:04:26:036  WARN 9680 --- [Thread-7] c.a.n.common.http.HttpClientBeanHolder   : [HttpClientBeanHolder] Start destroying common HttpClient
15:04:26:043  WARN 9680 --- [Thread-4] c.a.nacos.common.notify.NotifyCenter     : [NotifyCenter] Destruction of the end
15:04:26:045  WARN 9680 --- [Thread-7] c.a.n.common.http.HttpClientBeanHolder   : [HttpClientBeanHolder] Destruction of the end
15:04:26:527  INFO 9680 --- [SpringApplicationShutdownHook] c.a.c.n.registry.NacosServiceRegistry    : De-registering from Nacos Server now...
15:04:26:584  INFO 9680 --- [SpringApplicationShutdownHook] c.a.c.n.registry.NacosServiceRegistry    : De-registration finished.
15:04:26:918  INFO 9680 --- [SpringApplicationShutdownHook] com.alibaba.nacos.common.remote.client   : Shutdown rpc client, set status to shutdown
15:04:26:918  INFO 9680 --- [SpringApplicationShutdownHook] com.alibaba.nacos.common.remote.client   : Shutdown client event executor java.util.concurrent.ScheduledThreadPoolExecutor@1df5d1a8[Running, pool size = 2, active threads = 2, queued tasks = 0, completed tasks = 0]
15:04:26:919  INFO 9680 --- [SpringApplicationShutdownHook] com.alibaba.nacos.common.remote.client   : Close current connection 1722665212369_192.168.88.1_13345
15:04:26:925  INFO 9680 --- [SpringApplicationShutdownHook] c.a.n.c.remote.client.grpc.GrpcClient    : Shutdown grpc executor java.util.concurrent.ThreadPoolExecutor@5903a157[Running, pool size = 4, active threads = 0, queued tasks = 0, completed tasks = 2506]
